--------------- Build Started: 07/26/2024 15:53:32 Project: CY8CPROTO-063-BLE_Master, Configuration: ARM GCC 5.4-2016-q2-update Debug ---------------
cydsfit.exe -.appdatapath "C:\Users\thoma\AppData\Local\Cypress Semiconductor\PSoC Creator\4.4" -.fdsnotice -.fdswarpdepfile=warp_dependencies.txt -.fdselabdepfile=elab_dependencies.txt -.fdsbldfile=generated_files.txt -.fdsreffile=referenced_files.txt -p "C:\Users\thoma\Documents\PSoC Creator\ecmo\szhang\PSoC6_UDB_I2C_Master\CY8CPROTO-063-BLE_Master.cydsn\CY8CPROTO-063-BLE_Master.cyprj" -d CYBLE-416045-02 -s "C:\Users\thoma\Documents\PSoC Creator\ecmo\szhang\PSoC6_UDB_I2C_Master\CY8CPROTO-063-BLE_Master.cydsn\Generated_Source\PSoC6" -- -yv2 -q10 -ygs -o2 -v3 -.fftcfgtype=LE
Elaborating Design...
HDL Generation...
Synthesis...
Tech Mapping...
Error: mpr.M0086: Bufoe component "\I2C_1:Bufoe_scl\" cannot be assigned signal "Net_157" since it is already controlled by Bufoe "\I2C:Bufoe_scl\". (App=cydsfit)
Error: mpr.M0086: Bufoe component "\I2C_1:Bufoe_sda\" cannot be assigned signal "Net_156" since it is already controlled by Bufoe "\I2C:Bufoe_sda\". (App=cydsfit)
Info: plm.M0038: The pin named CY_CPUSS_SWJ_SWCLK_TCLK(0) at location P6[7] prevents usage of special purposes: TCPWM[3].line_compl. (App=cydsfit)
Info: plm.M0038: The pin named CY_CPUSS_SWJ_SWCLK_TCLK(0) at location P6[7] prevents usage of special purposes: TCPWM[19].line_compl. (App=cydsfit)
Info: plm.M0038: The pin named CY_CPUSS_SWJ_SWCLK_TCLK(0) at location P6[7] prevents usage of special purposes: SCB[6].uart_cts. (App=cydsfit)
Info: plm.M0038: The pin named CY_CPUSS_SWJ_SWCLK_TCLK(0) at location P6[7] prevents usage of special purposes: SCB[6].spi_select[0]. (App=cydsfit)
Info: plm.M0038: The pin named CY_CPUSS_SWJ_SWCLK_TCLK(0) at location P6[7] prevents usage of special purposes: SCB[8].spi_select[0]. (App=cydsfit)
Info: plm.M0038: The pin named CY_CPUSS_SWJ_SWDIO_TMS(0) at location P6[6] prevents usage of special purposes: TCPWM[3].line. (App=cydsfit)
Info: plm.M0038: The pin named CY_CPUSS_SWJ_SWDIO_TMS(0) at location P6[6] prevents usage of special purposes: TCPWM[19].line. (App=cydsfit)
Info: plm.M0038: The pin named CY_CPUSS_SWJ_SWDIO_TMS(0) at location P6[6] prevents usage of special purposes: SCB[6].uart_rts. (App=cydsfit)
Info: plm.M0038: The pin named CY_CPUSS_SWJ_SWDIO_TMS(0) at location P6[6] prevents usage of special purposes: SCB[6].spi_clk. (App=cydsfit)
Info: plm.M0038: The pin named CY_CPUSS_SWJ_SWDIO_TMS(0) at location P6[6] prevents usage of special purposes: SCB[8].spi_clk. (App=cydsfit)
Error: mpr.M0014: Resource limit: Maximum number of Unique P-terms exceeded (max=192, needed=196). (App=cydsfit)
Dependency Generation...
Cleanup...
Error: fit.M0050: The fitter aborted due to errors, please address all errors and rebuild. (App=cydsfit)
--------------- Build Failed: 07/26/2024 15:53:42 ---------------
