ARM GAS  C:\Users\thoma\AppData\Local\Temp\ccxGiRsT.s 			page 1


   1              		.syntax unified
   2              		.cpu cortex-m0plus
   3              		.fpu softvfp
   4              		.eabi_attribute 20, 1
   5              		.eabi_attribute 21, 1
   6              		.eabi_attribute 23, 3
   7              		.eabi_attribute 24, 1
   8              		.eabi_attribute 25, 1
   9              		.eabi_attribute 26, 1
  10              		.eabi_attribute 30, 1
  11              		.eabi_attribute 34, 0
  12              		.eabi_attribute 18, 4
  13              		.thumb
  14              		.syntax unified
  15              		.file	"I2C_BOOT.c"
  16              		.text
  17              	.Ltext0:
  18              		.cfi_sections	.debug_frame
  19              	.Letext0:
  20              		.file 1 "c:\\program files (x86)\\cypress\\psoc creator\\4.4\\psoc creator\\import\\gnu\\arm\\5.4.
  21              		.file 2 "c:\\program files (x86)\\cypress\\psoc creator\\4.4\\psoc creator\\import\\gnu\\arm\\5.4.
  22              		.file 3 "Generated_Source\\PSoC6\\pdl\\drivers/peripheral/device/cy_device.h"
  23              		.section	.debug_info,"",%progbits
  24              	.Ldebug_info0:
  25 0000 0D050000 		.4byte	0x50d
  26 0004 0400     		.2byte	0x4
  27 0006 00000000 		.4byte	.Ldebug_abbrev0
  28 000a 04       		.byte	0x4
  29 000b 01       		.uleb128 0x1
  30 000c E3000000 		.4byte	.LASF109
  31 0010 0C       		.byte	0xc
  32 0011 79050000 		.4byte	.LASF110
  33 0015 CE060000 		.4byte	.LASF111
  34 0019 00000000 		.4byte	.Ldebug_line0
  35 001d 02       		.uleb128 0x2
  36 001e 02       		.byte	0x2
  37 001f 05       		.byte	0x5
  38 0020 97000000 		.4byte	.LASF0
  39 0024 02       		.uleb128 0x2
  40 0025 01       		.byte	0x1
  41 0026 08       		.byte	0x8
  42 0027 67030000 		.4byte	.LASF1
  43 002b 02       		.uleb128 0x2
  44 002c 01       		.byte	0x1
  45 002d 06       		.byte	0x6
  46 002e 7E030000 		.4byte	.LASF2
  47 0032 03       		.uleb128 0x3
  48 0033 BF020000 		.4byte	.LASF3
  49 0037 01       		.byte	0x1
  50 0038 1D       		.byte	0x1d
  51 0039 24000000 		.4byte	0x24
  52 003d 03       		.uleb128 0x3
  53 003e 10060000 		.4byte	.LASF4
  54 0042 01       		.byte	0x1
  55 0043 29       		.byte	0x29
  56 0044 1D000000 		.4byte	0x1d
  57 0048 03       		.uleb128 0x3
ARM GAS  C:\Users\thoma\AppData\Local\Temp\ccxGiRsT.s 			page 2


  58 0049 B7010000 		.4byte	.LASF5
  59 004d 01       		.byte	0x1
  60 004e 2B       		.byte	0x2b
  61 004f 53000000 		.4byte	0x53
  62 0053 02       		.uleb128 0x2
  63 0054 02       		.byte	0x2
  64 0055 07       		.byte	0x7
  65 0056 2F040000 		.4byte	.LASF6
  66 005a 02       		.uleb128 0x2
  67 005b 04       		.byte	0x4
  68 005c 05       		.byte	0x5
  69 005d 8B020000 		.4byte	.LASF7
  70 0061 03       		.uleb128 0x3
  71 0062 81010000 		.4byte	.LASF8
  72 0066 01       		.byte	0x1
  73 0067 41       		.byte	0x41
  74 0068 6C000000 		.4byte	0x6c
  75 006c 02       		.uleb128 0x2
  76 006d 04       		.byte	0x4
  77 006e 07       		.byte	0x7
  78 006f 2F050000 		.4byte	.LASF9
  79 0073 02       		.uleb128 0x2
  80 0074 08       		.byte	0x8
  81 0075 05       		.byte	0x5
  82 0076 45020000 		.4byte	.LASF10
  83 007a 02       		.uleb128 0x2
  84 007b 08       		.byte	0x8
  85 007c 07       		.byte	0x7
  86 007d 8A030000 		.4byte	.LASF11
  87 0081 04       		.uleb128 0x4
  88 0082 04       		.byte	0x4
  89 0083 05       		.byte	0x5
  90 0084 696E7400 		.ascii	"int\000"
  91 0088 02       		.uleb128 0x2
  92 0089 04       		.byte	0x4
  93 008a 07       		.byte	0x7
  94 008b C8030000 		.4byte	.LASF12
  95 008f 03       		.uleb128 0x3
  96 0090 D3010000 		.4byte	.LASF13
  97 0094 02       		.byte	0x2
  98 0095 18       		.byte	0x18
  99 0096 32000000 		.4byte	0x32
 100 009a 03       		.uleb128 0x3
 101 009b 89060000 		.4byte	.LASF14
 102 009f 02       		.byte	0x2
 103 00a0 20       		.byte	0x20
 104 00a1 3D000000 		.4byte	0x3d
 105 00a5 03       		.uleb128 0x3
 106 00a6 D5030000 		.4byte	.LASF15
 107 00aa 02       		.byte	0x2
 108 00ab 24       		.byte	0x24
 109 00ac 48000000 		.4byte	0x48
 110 00b0 03       		.uleb128 0x3
 111 00b1 AA030000 		.4byte	.LASF16
 112 00b5 02       		.byte	0x2
 113 00b6 30       		.byte	0x30
 114 00b7 61000000 		.4byte	0x61
ARM GAS  C:\Users\thoma\AppData\Local\Temp\ccxGiRsT.s 			page 3


 115 00bb 02       		.uleb128 0x2
 116 00bc 04       		.byte	0x4
 117 00bd 07       		.byte	0x7
 118 00be B1000000 		.4byte	.LASF17
 119 00c2 02       		.uleb128 0x2
 120 00c3 08       		.byte	0x8
 121 00c4 04       		.byte	0x4
 122 00c5 44030000 		.4byte	.LASF18
 123 00c9 05       		.uleb128 0x5
 124 00ca B8       		.byte	0xb8
 125 00cb 03       		.byte	0x3
 126 00cc 34       		.byte	0x34
 127 00cd DA040000 		.4byte	0x4da
 128 00d1 06       		.uleb128 0x6
 129 00d2 A0010000 		.4byte	.LASF19
 130 00d6 03       		.byte	0x3
 131 00d7 37       		.byte	0x37
 132 00d8 B0000000 		.4byte	0xb0
 133 00dc 00       		.byte	0
 134 00dd 06       		.uleb128 0x6
 135 00de 94020000 		.4byte	.LASF20
 136 00e2 03       		.byte	0x3
 137 00e3 38       		.byte	0x38
 138 00e4 B0000000 		.4byte	0xb0
 139 00e8 04       		.byte	0x4
 140 00e9 06       		.uleb128 0x6
 141 00ea 75030000 		.4byte	.LASF21
 142 00ee 03       		.byte	0x3
 143 00ef 39       		.byte	0x39
 144 00f0 B0000000 		.4byte	0xb0
 145 00f4 08       		.byte	0x8
 146 00f5 06       		.uleb128 0x6
 147 00f6 82040000 		.4byte	.LASF22
 148 00fa 03       		.byte	0x3
 149 00fb 3A       		.byte	0x3a
 150 00fc B0000000 		.4byte	0xb0
 151 0100 0C       		.byte	0xc
 152 0101 06       		.uleb128 0x6
 153 0102 B9060000 		.4byte	.LASF23
 154 0106 03       		.byte	0x3
 155 0107 3B       		.byte	0x3b
 156 0108 B0000000 		.4byte	0xb0
 157 010c 10       		.byte	0x10
 158 010d 06       		.uleb128 0x6
 159 010e 21020000 		.4byte	.LASF24
 160 0112 03       		.byte	0x3
 161 0113 3C       		.byte	0x3c
 162 0114 B0000000 		.4byte	0xb0
 163 0118 14       		.byte	0x14
 164 0119 06       		.uleb128 0x6
 165 011a A1030000 		.4byte	.LASF25
 166 011e 03       		.byte	0x3
 167 011f 3D       		.byte	0x3d
 168 0120 B0000000 		.4byte	0xb0
 169 0124 18       		.byte	0x18
 170 0125 06       		.uleb128 0x6
 171 0126 5E030000 		.4byte	.LASF26
ARM GAS  C:\Users\thoma\AppData\Local\Temp\ccxGiRsT.s 			page 4


 172 012a 03       		.byte	0x3
 173 012b 3E       		.byte	0x3e
 174 012c B0000000 		.4byte	0xb0
 175 0130 1C       		.byte	0x1c
 176 0131 06       		.uleb128 0x6
 177 0132 B1060000 		.4byte	.LASF27
 178 0136 03       		.byte	0x3
 179 0137 3F       		.byte	0x3f
 180 0138 B0000000 		.4byte	0xb0
 181 013c 20       		.byte	0x20
 182 013d 06       		.uleb128 0x6
 183 013e 75000000 		.4byte	.LASF28
 184 0142 03       		.byte	0x3
 185 0143 40       		.byte	0x40
 186 0144 B0000000 		.4byte	0xb0
 187 0148 24       		.byte	0x24
 188 0149 06       		.uleb128 0x6
 189 014a AA010000 		.4byte	.LASF29
 190 014e 03       		.byte	0x3
 191 014f 43       		.byte	0x43
 192 0150 8F000000 		.4byte	0x8f
 193 0154 28       		.byte	0x28
 194 0155 06       		.uleb128 0x6
 195 0156 EC040000 		.4byte	.LASF30
 196 015a 03       		.byte	0x3
 197 015b 44       		.byte	0x44
 198 015c 8F000000 		.4byte	0x8f
 199 0160 29       		.byte	0x29
 200 0161 06       		.uleb128 0x6
 201 0162 56050000 		.4byte	.LASF31
 202 0166 03       		.byte	0x3
 203 0167 45       		.byte	0x45
 204 0168 8F000000 		.4byte	0x8f
 205 016c 2A       		.byte	0x2a
 206 016d 06       		.uleb128 0x6
 207 016e 6B050000 		.4byte	.LASF32
 208 0172 03       		.byte	0x3
 209 0173 46       		.byte	0x46
 210 0174 8F000000 		.4byte	0x8f
 211 0178 2B       		.byte	0x2b
 212 0179 06       		.uleb128 0x6
 213 017a FA040000 		.4byte	.LASF33
 214 017e 03       		.byte	0x3
 215 017f 47       		.byte	0x47
 216 0180 8F000000 		.4byte	0x8f
 217 0184 2C       		.byte	0x2c
 218 0185 06       		.uleb128 0x6
 219 0186 49000000 		.4byte	.LASF34
 220 018a 03       		.byte	0x3
 221 018b 48       		.byte	0x48
 222 018c 8F000000 		.4byte	0x8f
 223 0190 2D       		.byte	0x2d
 224 0191 06       		.uleb128 0x6
 225 0192 BA000000 		.4byte	.LASF35
 226 0196 03       		.byte	0x3
 227 0197 49       		.byte	0x49
 228 0198 8F000000 		.4byte	0x8f
ARM GAS  C:\Users\thoma\AppData\Local\Temp\ccxGiRsT.s 			page 5


 229 019c 2E       		.byte	0x2e
 230 019d 06       		.uleb128 0x6
 231 019e DB010000 		.4byte	.LASF36
 232 01a2 03       		.byte	0x3
 233 01a3 4A       		.byte	0x4a
 234 01a4 8F000000 		.4byte	0x8f
 235 01a8 2F       		.byte	0x2f
 236 01a9 06       		.uleb128 0x6
 237 01aa 75010000 		.4byte	.LASF37
 238 01ae 03       		.byte	0x3
 239 01af 4B       		.byte	0x4b
 240 01b0 8F000000 		.4byte	0x8f
 241 01b4 30       		.byte	0x30
 242 01b5 06       		.uleb128 0x6
 243 01b6 60050000 		.4byte	.LASF38
 244 01ba 03       		.byte	0x3
 245 01bb 4E       		.byte	0x4e
 246 01bc 8F000000 		.4byte	0x8f
 247 01c0 31       		.byte	0x31
 248 01c1 06       		.uleb128 0x6
 249 01c2 C9020000 		.4byte	.LASF39
 250 01c6 03       		.byte	0x3
 251 01c7 4F       		.byte	0x4f
 252 01c8 8F000000 		.4byte	0x8f
 253 01cc 32       		.byte	0x32
 254 01cd 06       		.uleb128 0x6
 255 01ce 69000000 		.4byte	.LASF40
 256 01d2 03       		.byte	0x3
 257 01d3 50       		.byte	0x50
 258 01d4 8F000000 		.4byte	0x8f
 259 01d8 33       		.byte	0x33
 260 01d9 06       		.uleb128 0x6
 261 01da 00000000 		.4byte	.LASF41
 262 01de 03       		.byte	0x3
 263 01df 51       		.byte	0x51
 264 01e0 8F000000 		.4byte	0x8f
 265 01e4 34       		.byte	0x34
 266 01e5 06       		.uleb128 0x6
 267 01e6 FF010000 		.4byte	.LASF42
 268 01ea 03       		.byte	0x3
 269 01eb 52       		.byte	0x52
 270 01ec 9A000000 		.4byte	0x9a
 271 01f0 36       		.byte	0x36
 272 01f1 06       		.uleb128 0x6
 273 01f2 B9050000 		.4byte	.LASF43
 274 01f6 03       		.byte	0x3
 275 01f7 53       		.byte	0x53
 276 01f8 9A000000 		.4byte	0x9a
 277 01fc 38       		.byte	0x38
 278 01fd 06       		.uleb128 0x6
 279 01fe F5030000 		.4byte	.LASF44
 280 0202 03       		.byte	0x3
 281 0203 54       		.byte	0x54
 282 0204 9A000000 		.4byte	0x9a
 283 0208 3A       		.byte	0x3a
 284 0209 06       		.uleb128 0x6
 285 020a AE040000 		.4byte	.LASF45
ARM GAS  C:\Users\thoma\AppData\Local\Temp\ccxGiRsT.s 			page 6


 286 020e 03       		.byte	0x3
 287 020f 55       		.byte	0x55
 288 0210 8F000000 		.4byte	0x8f
 289 0214 3C       		.byte	0x3c
 290 0215 06       		.uleb128 0x6
 291 0216 96040000 		.4byte	.LASF46
 292 021a 03       		.byte	0x3
 293 021b 56       		.byte	0x56
 294 021c 8F000000 		.4byte	0x8f
 295 0220 3D       		.byte	0x3d
 296 0221 06       		.uleb128 0x6
 297 0222 27000000 		.4byte	.LASF47
 298 0226 03       		.byte	0x3
 299 0227 57       		.byte	0x57
 300 0228 8F000000 		.4byte	0x8f
 301 022c 3E       		.byte	0x3e
 302 022d 06       		.uleb128 0x6
 303 022e 8A040000 		.4byte	.LASF48
 304 0232 03       		.byte	0x3
 305 0233 58       		.byte	0x58
 306 0234 8F000000 		.4byte	0x8f
 307 0238 3F       		.byte	0x3f
 308 0239 06       		.uleb128 0x6
 309 023a A1040000 		.4byte	.LASF49
 310 023e 03       		.byte	0x3
 311 023f 59       		.byte	0x59
 312 0240 8F000000 		.4byte	0x8f
 313 0244 40       		.byte	0x40
 314 0245 06       		.uleb128 0x6
 315 0246 DA050000 		.4byte	.LASF50
 316 024a 03       		.byte	0x3
 317 024b 5A       		.byte	0x5a
 318 024c 8F000000 		.4byte	0x8f
 319 0250 41       		.byte	0x41
 320 0251 06       		.uleb128 0x6
 321 0252 2F060000 		.4byte	.LASF51
 322 0256 03       		.byte	0x3
 323 0257 5B       		.byte	0x5b
 324 0258 8F000000 		.4byte	0x8f
 325 025c 42       		.byte	0x42
 326 025d 06       		.uleb128 0x6
 327 025e 39030000 		.4byte	.LASF52
 328 0262 03       		.byte	0x3
 329 0263 5C       		.byte	0x5c
 330 0264 8F000000 		.4byte	0x8f
 331 0268 43       		.byte	0x43
 332 0269 06       		.uleb128 0x6
 333 026a 53020000 		.4byte	.LASF53
 334 026e 03       		.byte	0x3
 335 026f 5D       		.byte	0x5d
 336 0270 8F000000 		.4byte	0x8f
 337 0274 44       		.byte	0x44
 338 0275 06       		.uleb128 0x6
 339 0276 47040000 		.4byte	.LASF54
 340 027a 03       		.byte	0x3
 341 027b 5E       		.byte	0x5e
 342 027c B0000000 		.4byte	0xb0
ARM GAS  C:\Users\thoma\AppData\Local\Temp\ccxGiRsT.s 			page 7


 343 0280 48       		.byte	0x48
 344 0281 06       		.uleb128 0x6
 345 0282 CD040000 		.4byte	.LASF55
 346 0286 03       		.byte	0x3
 347 0287 5F       		.byte	0x5f
 348 0288 B0000000 		.4byte	0xb0
 349 028c 4C       		.byte	0x4c
 350 028d 06       		.uleb128 0x6
 351 028e C2010000 		.4byte	.LASF56
 352 0292 03       		.byte	0x3
 353 0293 60       		.byte	0x60
 354 0294 8F000000 		.4byte	0x8f
 355 0298 50       		.byte	0x50
 356 0299 06       		.uleb128 0x6
 357 029a 91060000 		.4byte	.LASF57
 358 029e 03       		.byte	0x3
 359 029f 61       		.byte	0x61
 360 02a0 8F000000 		.4byte	0x8f
 361 02a4 51       		.byte	0x51
 362 02a5 06       		.uleb128 0x6
 363 02a6 A1000000 		.4byte	.LASF58
 364 02aa 03       		.byte	0x3
 365 02ab 62       		.byte	0x62
 366 02ac 8F000000 		.4byte	0x8f
 367 02b0 52       		.byte	0x52
 368 02b1 06       		.uleb128 0x6
 369 02b2 EA050000 		.4byte	.LASF59
 370 02b6 03       		.byte	0x3
 371 02b7 63       		.byte	0x63
 372 02b8 8F000000 		.4byte	0x8f
 373 02bc 53       		.byte	0x53
 374 02bd 06       		.uleb128 0x6
 375 02be 0A040000 		.4byte	.LASF60
 376 02c2 03       		.byte	0x3
 377 02c3 64       		.byte	0x64
 378 02c4 8F000000 		.4byte	0x8f
 379 02c8 54       		.byte	0x54
 380 02c9 06       		.uleb128 0x6
 381 02ca 8C010000 		.4byte	.LASF61
 382 02ce 03       		.byte	0x3
 383 02cf 65       		.byte	0x65
 384 02d0 8F000000 		.4byte	0x8f
 385 02d4 55       		.byte	0x55
 386 02d5 06       		.uleb128 0x6
 387 02d6 1B050000 		.4byte	.LASF62
 388 02da 03       		.byte	0x3
 389 02db 66       		.byte	0x66
 390 02dc 8F000000 		.4byte	0x8f
 391 02e0 56       		.byte	0x56
 392 02e1 06       		.uleb128 0x6
 393 02e2 3B060000 		.4byte	.LASF63
 394 02e6 03       		.byte	0x3
 395 02e7 67       		.byte	0x67
 396 02e8 8F000000 		.4byte	0x8f
 397 02ec 57       		.byte	0x57
 398 02ed 06       		.uleb128 0x6
 399 02ee 25030000 		.4byte	.LASF64
ARM GAS  C:\Users\thoma\AppData\Local\Temp\ccxGiRsT.s 			page 8


 400 02f2 03       		.byte	0x3
 401 02f3 68       		.byte	0x68
 402 02f4 8F000000 		.4byte	0x8f
 403 02f8 58       		.byte	0x58
 404 02f9 06       		.uleb128 0x6
 405 02fa A5050000 		.4byte	.LASF65
 406 02fe 03       		.byte	0x3
 407 02ff 69       		.byte	0x69
 408 0300 8F000000 		.4byte	0x8f
 409 0304 59       		.byte	0x59
 410 0305 06       		.uleb128 0x6
 411 0306 B4020000 		.4byte	.LASF66
 412 030a 03       		.byte	0x3
 413 030b 6E       		.byte	0x6e
 414 030c A5000000 		.4byte	0xa5
 415 0310 5A       		.byte	0x5a
 416 0311 06       		.uleb128 0x6
 417 0312 E7010000 		.4byte	.LASF67
 418 0316 03       		.byte	0x3
 419 0317 6F       		.byte	0x6f
 420 0318 A5000000 		.4byte	0xa5
 421 031c 5C       		.byte	0x5c
 422 031d 06       		.uleb128 0x6
 423 031e F0010000 		.4byte	.LASF68
 424 0322 03       		.byte	0x3
 425 0323 70       		.byte	0x70
 426 0324 8F000000 		.4byte	0x8f
 427 0328 5E       		.byte	0x5e
 428 0329 06       		.uleb128 0x6
 429 032a 5A070000 		.4byte	.LASF69
 430 032e 03       		.byte	0x3
 431 032f 71       		.byte	0x71
 432 0330 8F000000 		.4byte	0x8f
 433 0334 5F       		.byte	0x5f
 434 0335 06       		.uleb128 0x6
 435 0336 49070000 		.4byte	.LASF70
 436 033a 03       		.byte	0x3
 437 033b 72       		.byte	0x72
 438 033c 8F000000 		.4byte	0x8f
 439 0340 60       		.byte	0x60
 440 0341 06       		.uleb128 0x6
 441 0342 64020000 		.4byte	.LASF71
 442 0346 03       		.byte	0x3
 443 0347 73       		.byte	0x73
 444 0348 B0000000 		.4byte	0xb0
 445 034c 64       		.byte	0x64
 446 034d 06       		.uleb128 0x6
 447 034e BD040000 		.4byte	.LASF72
 448 0352 03       		.byte	0x3
 449 0353 76       		.byte	0x76
 450 0354 A5000000 		.4byte	0xa5
 451 0358 68       		.byte	0x68
 452 0359 06       		.uleb128 0x6
 453 035a 13030000 		.4byte	.LASF73
 454 035e 03       		.byte	0x3
 455 035f 77       		.byte	0x77
 456 0360 A5000000 		.4byte	0xa5
ARM GAS  C:\Users\thoma\AppData\Local\Temp\ccxGiRsT.s 			page 9


 457 0364 6A       		.byte	0x6a
 458 0365 06       		.uleb128 0x6
 459 0366 64060000 		.4byte	.LASF74
 460 036a 03       		.byte	0x3
 461 036b 78       		.byte	0x78
 462 036c A5000000 		.4byte	0xa5
 463 0370 6C       		.byte	0x6c
 464 0371 06       		.uleb128 0x6
 465 0372 70070000 		.4byte	.LASF75
 466 0376 03       		.byte	0x3
 467 0377 79       		.byte	0x79
 468 0378 A5000000 		.4byte	0xa5
 469 037c 6E       		.byte	0x6e
 470 037d 06       		.uleb128 0x6
 471 037e 6E040000 		.4byte	.LASF76
 472 0382 03       		.byte	0x3
 473 0383 7B       		.byte	0x7b
 474 0384 8F000000 		.4byte	0x8f
 475 0388 70       		.byte	0x70
 476 0389 06       		.uleb128 0x6
 477 038a 59040000 		.4byte	.LASF77
 478 038e 03       		.byte	0x3
 479 038f 7C       		.byte	0x7c
 480 0390 8F000000 		.4byte	0x8f
 481 0394 71       		.byte	0x71
 482 0395 06       		.uleb128 0x6
 483 0396 C4050000 		.4byte	.LASF78
 484 039a 03       		.byte	0x3
 485 039b 7D       		.byte	0x7d
 486 039c 8F000000 		.4byte	0x8f
 487 03a0 72       		.byte	0x72
 488 03a1 06       		.uleb128 0x6
 489 03a2 DE030000 		.4byte	.LASF79
 490 03a6 03       		.byte	0x3
 491 03a7 7E       		.byte	0x7e
 492 03a8 8F000000 		.4byte	0x8f
 493 03ac 73       		.byte	0x73
 494 03ad 06       		.uleb128 0x6
 495 03ae EA020000 		.4byte	.LASF80
 496 03b2 03       		.byte	0x3
 497 03b3 80       		.byte	0x80
 498 03b4 A5000000 		.4byte	0xa5
 499 03b8 74       		.byte	0x74
 500 03b9 06       		.uleb128 0x6
 501 03ba D7020000 		.4byte	.LASF81
 502 03be 03       		.byte	0x3
 503 03bf 81       		.byte	0x81
 504 03c0 A5000000 		.4byte	0xa5
 505 03c4 76       		.byte	0x76
 506 03c5 06       		.uleb128 0x6
 507 03c6 4F060000 		.4byte	.LASF82
 508 03ca 03       		.byte	0x3
 509 03cb 82       		.byte	0x82
 510 03cc A5000000 		.4byte	0xa5
 511 03d0 78       		.byte	0x78
 512 03d1 06       		.uleb128 0x6
 513 03d2 1A040000 		.4byte	.LASF83
ARM GAS  C:\Users\thoma\AppData\Local\Temp\ccxGiRsT.s 			page 10


 514 03d6 03       		.byte	0x3
 515 03d7 83       		.byte	0x83
 516 03d8 A5000000 		.4byte	0xa5
 517 03dc 7A       		.byte	0x7a
 518 03dd 06       		.uleb128 0x6
 519 03de 9F020000 		.4byte	.LASF84
 520 03e2 03       		.byte	0x3
 521 03e3 86       		.byte	0x86
 522 03e4 8F000000 		.4byte	0x8f
 523 03e8 7C       		.byte	0x7c
 524 03e9 06       		.uleb128 0x6
 525 03ea DB040000 		.4byte	.LASF85
 526 03ee 03       		.byte	0x3
 527 03ef 87       		.byte	0x87
 528 03f0 8F000000 		.4byte	0x8f
 529 03f4 7D       		.byte	0x7d
 530 03f5 06       		.uleb128 0x6
 531 03f6 56000000 		.4byte	.LASF86
 532 03fa 03       		.byte	0x3
 533 03fb 88       		.byte	0x88
 534 03fc 8F000000 		.4byte	0x8f
 535 0400 7E       		.byte	0x7e
 536 0401 06       		.uleb128 0x6
 537 0402 35000000 		.4byte	.LASF87
 538 0406 03       		.byte	0x3
 539 0407 89       		.byte	0x89
 540 0408 8F000000 		.4byte	0x8f
 541 040c 7F       		.byte	0x7f
 542 040d 06       		.uleb128 0x6
 543 040e 31020000 		.4byte	.LASF88
 544 0412 03       		.byte	0x3
 545 0413 8A       		.byte	0x8a
 546 0414 8F000000 		.4byte	0x8f
 547 0418 80       		.byte	0x80
 548 0419 06       		.uleb128 0x6
 549 041a 80000000 		.4byte	.LASF89
 550 041e 03       		.byte	0x3
 551 041f 8D       		.byte	0x8d
 552 0420 B0000000 		.4byte	0xb0
 553 0424 84       		.byte	0x84
 554 0425 06       		.uleb128 0x6
 555 0426 FC020000 		.4byte	.LASF90
 556 042a 03       		.byte	0x3
 557 042b 8E       		.byte	0x8e
 558 042c B0000000 		.4byte	0xb0
 559 0430 88       		.byte	0x88
 560 0431 06       		.uleb128 0x6
 561 0432 B3030000 		.4byte	.LASF91
 562 0436 03       		.byte	0x3
 563 0437 8F       		.byte	0x8f
 564 0438 B0000000 		.4byte	0xb0
 565 043c 8C       		.byte	0x8c
 566 043d 06       		.uleb128 0x6
 567 043e 34070000 		.4byte	.LASF92
 568 0442 03       		.byte	0x3
 569 0443 90       		.byte	0x90
 570 0444 B0000000 		.4byte	0xb0
ARM GAS  C:\Users\thoma\AppData\Local\Temp\ccxGiRsT.s 			page 11


 571 0448 90       		.byte	0x90
 572 0449 06       		.uleb128 0x6
 573 044a 06050000 		.4byte	.LASF93
 574 044e 03       		.byte	0x3
 575 044f 91       		.byte	0x91
 576 0450 B0000000 		.4byte	0xb0
 577 0454 94       		.byte	0x94
 578 0455 06       		.uleb128 0x6
 579 0456 11000000 		.4byte	.LASF94
 580 045a 03       		.byte	0x3
 581 045b 92       		.byte	0x92
 582 045c B0000000 		.4byte	0xb0
 583 0460 98       		.byte	0x98
 584 0461 06       		.uleb128 0x6
 585 0462 73060000 		.4byte	.LASF95
 586 0466 03       		.byte	0x3
 587 0467 93       		.byte	0x93
 588 0468 B0000000 		.4byte	0xb0
 589 046c 9C       		.byte	0x9c
 590 046d 06       		.uleb128 0x6
 591 046e 75020000 		.4byte	.LASF96
 592 0472 03       		.byte	0x3
 593 0473 94       		.byte	0x94
 594 0474 B0000000 		.4byte	0xb0
 595 0478 A0       		.byte	0xa0
 596 0479 06       		.uleb128 0x6
 597 047a 0C020000 		.4byte	.LASF97
 598 047e 03       		.byte	0x3
 599 047f 95       		.byte	0x95
 600 0480 A5000000 		.4byte	0xa5
 601 0484 A4       		.byte	0xa4
 602 0485 06       		.uleb128 0x6
 603 0486 1A060000 		.4byte	.LASF98
 604 048a 03       		.byte	0x3
 605 048b 96       		.byte	0x96
 606 048c A5000000 		.4byte	0xa5
 607 0490 A6       		.byte	0xa6
 608 0491 06       		.uleb128 0x6
 609 0492 C2060000 		.4byte	.LASF99
 610 0496 03       		.byte	0x3
 611 0497 97       		.byte	0x97
 612 0498 A5000000 		.4byte	0xa5
 613 049c A8       		.byte	0xa8
 614 049d 06       		.uleb128 0x6
 615 049e 48050000 		.4byte	.LASF100
 616 04a2 03       		.byte	0x3
 617 04a3 98       		.byte	0x98
 618 04a4 A5000000 		.4byte	0xa5
 619 04a8 AA       		.byte	0xaa
 620 04a9 06       		.uleb128 0x6
 621 04aa C5000000 		.4byte	.LASF101
 622 04ae 03       		.byte	0x3
 623 04af 99       		.byte	0x99
 624 04b0 A5000000 		.4byte	0xa5
 625 04b4 AC       		.byte	0xac
 626 04b5 06       		.uleb128 0x6
 627 04b6 50030000 		.4byte	.LASF102
ARM GAS  C:\Users\thoma\AppData\Local\Temp\ccxGiRsT.s 			page 12


 628 04ba 03       		.byte	0x3
 629 04bb 9A       		.byte	0x9a
 630 04bc A5000000 		.4byte	0xa5
 631 04c0 AE       		.byte	0xae
 632 04c1 06       		.uleb128 0x6
 633 04c2 A3060000 		.4byte	.LASF103
 634 04c6 03       		.byte	0x3
 635 04c7 9D       		.byte	0x9d
 636 04c8 A5000000 		.4byte	0xa5
 637 04cc B0       		.byte	0xb0
 638 04cd 06       		.uleb128 0x6
 639 04ce FC050000 		.4byte	.LASF104
 640 04d2 03       		.byte	0x3
 641 04d3 9E       		.byte	0x9e
 642 04d4 B0000000 		.4byte	0xb0
 643 04d8 B4       		.byte	0xb4
 644 04d9 00       		.byte	0
 645 04da 03       		.uleb128 0x3
 646 04db D3000000 		.4byte	.LASF105
 647 04df 03       		.byte	0x3
 648 04e0 9F       		.byte	0x9f
 649 04e1 C9000000 		.4byte	0xc9
 650 04e5 02       		.uleb128 0x2
 651 04e6 01       		.byte	0x1
 652 04e7 08       		.byte	0x8
 653 04e8 42040000 		.4byte	.LASF106
 654 04ec 02       		.uleb128 0x2
 655 04ed 04       		.byte	0x4
 656 04ee 04       		.byte	0x4
 657 04ef 2B020000 		.4byte	.LASF107
 658 04f3 02       		.uleb128 0x2
 659 04f4 08       		.byte	0x8
 660 04f5 04       		.byte	0x4
 661 04f6 41050000 		.4byte	.LASF108
 662 04fa 07       		.uleb128 0x7
 663 04fb 9B050000 		.4byte	.LASF112
 664 04ff 03       		.byte	0x3
 665 0500 A7       		.byte	0xa7
 666 0501 05050000 		.4byte	0x505
 667 0505 08       		.uleb128 0x8
 668 0506 04       		.byte	0x4
 669 0507 0B050000 		.4byte	0x50b
 670 050b 09       		.uleb128 0x9
 671 050c DA040000 		.4byte	0x4da
 672 0510 00       		.byte	0
 673              		.section	.debug_abbrev,"",%progbits
 674              	.Ldebug_abbrev0:
 675 0000 01       		.uleb128 0x1
 676 0001 11       		.uleb128 0x11
 677 0002 01       		.byte	0x1
 678 0003 25       		.uleb128 0x25
 679 0004 0E       		.uleb128 0xe
 680 0005 13       		.uleb128 0x13
 681 0006 0B       		.uleb128 0xb
 682 0007 03       		.uleb128 0x3
 683 0008 0E       		.uleb128 0xe
 684 0009 1B       		.uleb128 0x1b
ARM GAS  C:\Users\thoma\AppData\Local\Temp\ccxGiRsT.s 			page 13


 685 000a 0E       		.uleb128 0xe
 686 000b 10       		.uleb128 0x10
 687 000c 17       		.uleb128 0x17
 688 000d 00       		.byte	0
 689 000e 00       		.byte	0
 690 000f 02       		.uleb128 0x2
 691 0010 24       		.uleb128 0x24
 692 0011 00       		.byte	0
 693 0012 0B       		.uleb128 0xb
 694 0013 0B       		.uleb128 0xb
 695 0014 3E       		.uleb128 0x3e
 696 0015 0B       		.uleb128 0xb
 697 0016 03       		.uleb128 0x3
 698 0017 0E       		.uleb128 0xe
 699 0018 00       		.byte	0
 700 0019 00       		.byte	0
 701 001a 03       		.uleb128 0x3
 702 001b 16       		.uleb128 0x16
 703 001c 00       		.byte	0
 704 001d 03       		.uleb128 0x3
 705 001e 0E       		.uleb128 0xe
 706 001f 3A       		.uleb128 0x3a
 707 0020 0B       		.uleb128 0xb
 708 0021 3B       		.uleb128 0x3b
 709 0022 0B       		.uleb128 0xb
 710 0023 49       		.uleb128 0x49
 711 0024 13       		.uleb128 0x13
 712 0025 00       		.byte	0
 713 0026 00       		.byte	0
 714 0027 04       		.uleb128 0x4
 715 0028 24       		.uleb128 0x24
 716 0029 00       		.byte	0
 717 002a 0B       		.uleb128 0xb
 718 002b 0B       		.uleb128 0xb
 719 002c 3E       		.uleb128 0x3e
 720 002d 0B       		.uleb128 0xb
 721 002e 03       		.uleb128 0x3
 722 002f 08       		.uleb128 0x8
 723 0030 00       		.byte	0
 724 0031 00       		.byte	0
 725 0032 05       		.uleb128 0x5
 726 0033 13       		.uleb128 0x13
 727 0034 01       		.byte	0x1
 728 0035 0B       		.uleb128 0xb
 729 0036 0B       		.uleb128 0xb
 730 0037 3A       		.uleb128 0x3a
 731 0038 0B       		.uleb128 0xb
 732 0039 3B       		.uleb128 0x3b
 733 003a 0B       		.uleb128 0xb
 734 003b 01       		.uleb128 0x1
 735 003c 13       		.uleb128 0x13
 736 003d 00       		.byte	0
 737 003e 00       		.byte	0
 738 003f 06       		.uleb128 0x6
 739 0040 0D       		.uleb128 0xd
 740 0041 00       		.byte	0
 741 0042 03       		.uleb128 0x3
ARM GAS  C:\Users\thoma\AppData\Local\Temp\ccxGiRsT.s 			page 14


 742 0043 0E       		.uleb128 0xe
 743 0044 3A       		.uleb128 0x3a
 744 0045 0B       		.uleb128 0xb
 745 0046 3B       		.uleb128 0x3b
 746 0047 0B       		.uleb128 0xb
 747 0048 49       		.uleb128 0x49
 748 0049 13       		.uleb128 0x13
 749 004a 38       		.uleb128 0x38
 750 004b 0B       		.uleb128 0xb
 751 004c 00       		.byte	0
 752 004d 00       		.byte	0
 753 004e 07       		.uleb128 0x7
 754 004f 34       		.uleb128 0x34
 755 0050 00       		.byte	0
 756 0051 03       		.uleb128 0x3
 757 0052 0E       		.uleb128 0xe
 758 0053 3A       		.uleb128 0x3a
 759 0054 0B       		.uleb128 0xb
 760 0055 3B       		.uleb128 0x3b
 761 0056 0B       		.uleb128 0xb
 762 0057 49       		.uleb128 0x49
 763 0058 13       		.uleb128 0x13
 764 0059 3F       		.uleb128 0x3f
 765 005a 19       		.uleb128 0x19
 766 005b 3C       		.uleb128 0x3c
 767 005c 19       		.uleb128 0x19
 768 005d 00       		.byte	0
 769 005e 00       		.byte	0
 770 005f 08       		.uleb128 0x8
 771 0060 0F       		.uleb128 0xf
 772 0061 00       		.byte	0
 773 0062 0B       		.uleb128 0xb
 774 0063 0B       		.uleb128 0xb
 775 0064 49       		.uleb128 0x49
 776 0065 13       		.uleb128 0x13
 777 0066 00       		.byte	0
 778 0067 00       		.byte	0
 779 0068 09       		.uleb128 0x9
 780 0069 26       		.uleb128 0x26
 781 006a 00       		.byte	0
 782 006b 49       		.uleb128 0x49
 783 006c 13       		.uleb128 0x13
 784 006d 00       		.byte	0
 785 006e 00       		.byte	0
 786 006f 00       		.byte	0
 787              		.section	.debug_aranges,"",%progbits
 788 0000 14000000 		.4byte	0x14
 789 0004 0200     		.2byte	0x2
 790 0006 00000000 		.4byte	.Ldebug_info0
 791 000a 04       		.byte	0x4
 792 000b 00       		.byte	0
 793 000c 0000     		.2byte	0
 794 000e 0000     		.2byte	0
 795 0010 00000000 		.4byte	0
 796 0014 00000000 		.4byte	0
 797              		.section	.debug_line,"",%progbits
 798              	.Ldebug_line0:
ARM GAS  C:\Users\thoma\AppData\Local\Temp\ccxGiRsT.s 			page 15


 799 0000 5A010000 		.section	.debug_str,"MS",%progbits,1
 799      02005401 
 799      00000201 
 799      FB0E0D00 
 799      01010101 
 800              	.LASF41:
 801 0000 63707573 		.ascii	"cpussFlashPaSize\000"
 801      73466C61 
 801      73685061 
 801      53697A65 
 801      00
 802              	.LASF94:
 803 0011 63707573 		.ascii	"cpussTrimRamCtlOffset\000"
 803      73547269 
 803      6D52616D 
 803      43746C4F 
 803      66667365 
 804              	.LASF47:
 805 0027 73727373 		.ascii	"srssNumHfroot\000"
 805      4E756D48 
 805      66726F6F 
 805      7400
 806              	.LASF87:
 807 0035 6770696F 		.ascii	"gpioPrtCfgOutOffset\000"
 807      50727443 
 807      66674F75 
 807      744F6666 
 807      73657400 
 808              	.LASF34:
 809 0049 6873696F 		.ascii	"hsiomVersion\000"
 809      6D566572 
 809      73696F6E 
 809      00
 810              	.LASF86:
 811 0056 6770696F 		.ascii	"gpioPrtCfgInOffset\000"
 811      50727443 
 811      6667496E 
 811      4F666673 
 811      657400
 812              	.LASF40:
 813 0069 63707573 		.ascii	"cpussDwChNr\000"
 813      73447743 
 813      684E7200 
 814              	.LASF28:
 815 0075 63727970 		.ascii	"cryptoBase\000"
 815      746F4261 
 815      736500
 816              	.LASF89:
 817 0080 63707573 		.ascii	"cpussCm0ClockCtlOffset\000"
 817      73436D30 
 817      436C6F63 
 817      6B43746C 
 817      4F666673 
 818              	.LASF0:
 819 0097 73686F72 		.ascii	"short int\000"
 819      7420696E 
 819      7400
ARM GAS  C:\Users\thoma\AppData\Local\Temp\ccxGiRsT.s 			page 16


 820              	.LASF58:
 821 00a1 666C6173 		.ascii	"flashWriteDelay\000"
 821      68577269 
 821      74654465 
 821      6C617900 
 822              	.LASF17:
 823 00b1 73697A65 		.ascii	"sizetype\000"
 823      74797065 
 823      00
 824              	.LASF35:
 825 00ba 69706356 		.ascii	"ipcVersion\000"
 825      65727369 
 825      6F6E00
 826              	.LASF101:
 827 00c5 63707573 		.ascii	"cpussRam1Ctl0\000"
 827      7352616D 
 827      3143746C 
 827      3000
 828              	.LASF105:
 829 00d3 63795F73 		.ascii	"cy_stc_device_t\000"
 829      74635F64 
 829      65766963 
 829      655F7400 
 830              	.LASF109:
 831 00e3 474E5520 		.ascii	"GNU C11 5.4.1 20160609 (release) [ARM/embedded-5-br"
 831      43313120 
 831      352E342E 
 831      31203230 
 831      31363036 
 832 0116 616E6368 		.ascii	"anch revision 237715] -mcpu=cortex-m0plus -mthumb -"
 832      20726576 
 832      6973696F 
 832      6E203233 
 832      37373135 
 833 0149 67202D4F 		.ascii	"g -Og -ffunction-sections -ffat-lto-objects\000"
 833      67202D66 
 833      66756E63 
 833      74696F6E 
 833      2D736563 
 834              	.LASF37:
 835 0175 70726F74 		.ascii	"protVersion\000"
 835      56657273 
 835      696F6E00 
 836              	.LASF8:
 837 0181 5F5F7569 		.ascii	"__uint32_t\000"
 837      6E743332 
 837      5F7400
 838              	.LASF61:
 839 018c 666C6173 		.ascii	"flashCtlMainWs0Freq\000"
 839      6843746C 
 839      4D61696E 
 839      57733046 
 839      72657100 
 840              	.LASF19:
 841 01a0 63707573 		.ascii	"cpussBase\000"
 841      73426173 
 841      6500
ARM GAS  C:\Users\thoma\AppData\Local\Temp\ccxGiRsT.s 			page 17


 842              	.LASF29:
 843 01aa 63707573 		.ascii	"cpussVersion\000"
 843      73566572 
 843      73696F6E 
 843      00
 844              	.LASF5:
 845 01b7 5F5F7569 		.ascii	"__uint16_t\000"
 845      6E743136 
 845      5F7400
 846              	.LASF56:
 847 01c2 666C6173 		.ascii	"flashRwwRequired\000"
 847      68527777 
 847      52657175 
 847      69726564 
 847      00
 848              	.LASF13:
 849 01d3 75696E74 		.ascii	"uint8_t\000"
 849      385F7400 
 850              	.LASF36:
 851 01db 70657269 		.ascii	"periVersion\000"
 851      56657273 
 851      696F6E00 
 852              	.LASF67:
 853 01e7 64774368 		.ascii	"dwChSize\000"
 853      53697A65 
 853      00
 854              	.LASF68:
 855 01f0 64774368 		.ascii	"dwChCtlPrioPos\000"
 855      43746C50 
 855      72696F50 
 855      6F7300
 856              	.LASF42:
 857 01ff 63707573 		.ascii	"cpussIpc0Irq\000"
 857      73497063 
 857      30497271 
 857      00
 858              	.LASF97:
 859 020c 63707573 		.ascii	"cpussCm0NmiCtlOffset\000"
 859      73436D30 
 859      4E6D6943 
 859      746C4F66 
 859      66736574 
 860              	.LASF24:
 861 0221 6873696F 		.ascii	"hsiomBase\000"
 861      6D426173 
 861      6500
 862              	.LASF107:
 863 022b 666C6F61 		.ascii	"float\000"
 863      7400
 864              	.LASF88:
 865 0231 6770696F 		.ascii	"gpioPrtCfgSioOffset\000"
 865      50727443 
 865      66675369 
 865      6F4F6666 
 865      73657400 
 866              	.LASF10:
 867 0245 6C6F6E67 		.ascii	"long long int\000"
ARM GAS  C:\Users\thoma\AppData\Local\Temp\ccxGiRsT.s 			page 18


 867      206C6F6E 
 867      6720696E 
 867      7400
 868              	.LASF53:
 869 0253 73797350 		.ascii	"sysPmSimoPresent\000"
 869      6D53696D 
 869      6F507265 
 869      73656E74 
 869      00
 870              	.LASF71:
 871 0264 64775374 		.ascii	"dwStatusChIdxMsk\000"
 871      61747573 
 871      43684964 
 871      784D736B 
 871      00
 872              	.LASF96:
 873 0275 63707573 		.ascii	"cpussSysTickCtlOffset\000"
 873      73537973 
 873      5469636B 
 873      43746C4F 
 873      66667365 
 874              	.LASF7:
 875 028b 6C6F6E67 		.ascii	"long int\000"
 875      20696E74 
 875      00
 876              	.LASF20:
 877 0294 666C6173 		.ascii	"flashcBase\000"
 877      68634261 
 877      736500
 878              	.LASF84:
 879 029f 6770696F 		.ascii	"gpioPrtIntrCfgOffset\000"
 879      50727449 
 879      6E747243 
 879      66674F66 
 879      66736574 
 880              	.LASF66:
 881 02b4 64774368 		.ascii	"dwChOffset\000"
 881      4F666673 
 881      657400
 882              	.LASF3:
 883 02bf 5F5F7569 		.ascii	"__uint8_t\000"
 883      6E74385F 
 883      7400
 884              	.LASF39:
 885 02c9 63707573 		.ascii	"cpussIpcIrqNr\000"
 885      73497063 
 885      4972714E 
 885      7200
 886              	.LASF81:
 887 02d7 70657269 		.ascii	"periDiv16CtlOffset\000"
 887      44697631 
 887      3643746C 
 887      4F666673 
 887      657400
 888              	.LASF80:
 889 02ea 70657269 		.ascii	"periDiv8CtlOffset\000"
 889      44697638 
ARM GAS  C:\Users\thoma\AppData\Local\Temp\ccxGiRsT.s 			page 19


 889      43746C4F 
 889      66667365 
 889      7400
 890              	.LASF90:
 891 02fc 63707573 		.ascii	"cpussCm4ClockCtlOffset\000"
 891      73436D34 
 891      436C6F63 
 891      6B43746C 
 891      4F666673 
 892              	.LASF73:
 893 0313 70657269 		.ascii	"periTrCmdGrSelMsk\000"
 893      5472436D 
 893      64477253 
 893      656C4D73 
 893      6B00
 894              	.LASF64:
 895 0325 666C6173 		.ascii	"flashCtlMainWs3Freq\000"
 895      6843746C 
 895      4D61696E 
 895      57733346 
 895      72657100 
 896              	.LASF52:
 897 0339 75646250 		.ascii	"udbPresent\000"
 897      72657365 
 897      6E7400
 898              	.LASF18:
 899 0344 6C6F6E67 		.ascii	"long double\000"
 899      20646F75 
 899      626C6500 
 900              	.LASF102:
 901 0350 63707573 		.ascii	"cpussRam2Ctl0\000"
 901      7352616D 
 901      3243746C 
 901      3000
 902              	.LASF26:
 903 035e 70617373 		.ascii	"passBase\000"
 903      42617365 
 903      00
 904              	.LASF1:
 905 0367 756E7369 		.ascii	"unsigned char\000"
 905      676E6564 
 905      20636861 
 905      7200
 906              	.LASF21:
 907 0375 70657269 		.ascii	"periBase\000"
 907      42617365 
 907      00
 908              	.LASF2:
 909 037e 7369676E 		.ascii	"signed char\000"
 909      65642063 
 909      68617200 
 910              	.LASF11:
 911 038a 6C6F6E67 		.ascii	"long long unsigned int\000"
 911      206C6F6E 
 911      6720756E 
 911      7369676E 
 911      65642069 
ARM GAS  C:\Users\thoma\AppData\Local\Temp\ccxGiRsT.s 			page 20


 912              	.LASF25:
 913 03a1 6770696F 		.ascii	"gpioBase\000"
 913      42617365 
 913      00
 914              	.LASF16:
 915 03aa 75696E74 		.ascii	"uint32_t\000"
 915      33325F74 
 915      00
 916              	.LASF91:
 917 03b3 63707573 		.ascii	"cpussCm4StatusOffset\000"
 917      73436D34 
 917      53746174 
 917      75734F66 
 917      66736574 
 918              	.LASF12:
 919 03c8 756E7369 		.ascii	"unsigned int\000"
 919      676E6564 
 919      20696E74 
 919      00
 920              	.LASF15:
 921 03d5 75696E74 		.ascii	"uint16_t\000"
 921      31365F74 
 921      00
 922              	.LASF79:
 923 03de 70657269 		.ascii	"periDivCmdPaTypeSelPos\000"
 923      44697643 
 923      6D645061 
 923      54797065 
 923      53656C50 
 924              	.LASF44:
 925 03f5 63707573 		.ascii	"cpussNotConnectedIrq\000"
 925      734E6F74 
 925      436F6E6E 
 925      65637465 
 925      64497271 
 926              	.LASF60:
 927 040a 666C6173 		.ascii	"flashEraseDelay\000"
 927      68457261 
 927      73654465 
 927      6C617900 
 928              	.LASF83:
 929 041a 70657269 		.ascii	"periDiv24_5CtlOffset\000"
 929      44697632 
 929      345F3543 
 929      746C4F66 
 929      66736574 
 930              	.LASF6:
 931 042f 73686F72 		.ascii	"short unsigned int\000"
 931      7420756E 
 931      7369676E 
 931      65642069 
 931      6E7400
 932              	.LASF106:
 933 0442 63686172 		.ascii	"char\000"
 933      00
 934              	.LASF54:
 935 0447 70726F74 		.ascii	"protBusMasterMask\000"
ARM GAS  C:\Users\thoma\AppData\Local\Temp\ccxGiRsT.s 			page 21


 935      4275734D 
 935      61737465 
 935      724D6173 
 935      6B00
 936              	.LASF77:
 937 0459 70657269 		.ascii	"periDivCmdTypeSelPos\000"
 937      44697643 
 937      6D645479 
 937      70655365 
 937      6C506F73 
 938              	.LASF76:
 939 046e 70657269 		.ascii	"periDivCmdDivSelMsk\000"
 939      44697643 
 939      6D644469 
 939      7653656C 
 939      4D736B00 
 940              	.LASF22:
 941 0482 75646242 		.ascii	"udbBase\000"
 941      61736500 
 942              	.LASF48:
 943 048a 70657269 		.ascii	"periClockNr\000"
 943      436C6F63 
 943      6B4E7200 
 944              	.LASF46:
 945 0496 73727373 		.ascii	"srssNumPll\000"
 945      4E756D50 
 945      6C6C00
 946              	.LASF49:
 947 04a1 736D6966 		.ascii	"smifDeviceNr\000"
 947      44657669 
 947      63654E72 
 947      00
 948              	.LASF45:
 949 04ae 73727373 		.ascii	"srssNumClkpath\000"
 949      4E756D43 
 949      6C6B7061 
 949      746800
 950              	.LASF72:
 951 04bd 70657269 		.ascii	"periTrCmdOffset\000"
 951      5472436D 
 951      644F6666 
 951      73657400 
 952              	.LASF55:
 953 04cd 63727970 		.ascii	"cryptoMemSize\000"
 953      746F4D65 
 953      6D53697A 
 953      6500
 954              	.LASF85:
 955 04db 6770696F 		.ascii	"gpioPrtCfgOffset\000"
 955      50727443 
 955      66674F66 
 955      66736574 
 955      00
 956              	.LASF30:
 957 04ec 63727970 		.ascii	"cryptoVersion\000"
 957      746F5665 
 957      7273696F 
ARM GAS  C:\Users\thoma\AppData\Local\Temp\ccxGiRsT.s 			page 22


 957      6E00
 958              	.LASF33:
 959 04fa 6770696F 		.ascii	"gpioVersion\000"
 959      56657273 
 959      696F6E00 
 960              	.LASF93:
 961 0506 63707573 		.ascii	"cpussCm4PwrCtlOffset\000"
 961      73436D34 
 961      50777243 
 961      746C4F66 
 961      66736574 
 962              	.LASF62:
 963 051b 666C6173 		.ascii	"flashCtlMainWs1Freq\000"
 963      6843746C 
 963      4D61696E 
 963      57733146 
 963      72657100 
 964              	.LASF9:
 965 052f 6C6F6E67 		.ascii	"long unsigned int\000"
 965      20756E73 
 965      69676E65 
 965      6420696E 
 965      7400
 966              	.LASF108:
 967 0541 646F7562 		.ascii	"double\000"
 967      6C6500
 968              	.LASF100:
 969 0548 63707573 		.ascii	"cpussRam0Ctl0\000"
 969      7352616D 
 969      3043746C 
 969      3000
 970              	.LASF31:
 971 0556 64775665 		.ascii	"dwVersion\000"
 971      7273696F 
 971      6E00
 972              	.LASF38:
 973 0560 63707573 		.ascii	"cpussIpcNr\000"
 973      73497063 
 973      4E7200
 974              	.LASF32:
 975 056b 666C6173 		.ascii	"flashcVersion\000"
 975      68635665 
 975      7273696F 
 975      6E00
 976              	.LASF110:
 977 0579 47656E65 		.ascii	"Generated_Source\\PSoC6\\I2C_BOOT.c\000"
 977      72617465 
 977      645F536F 
 977      75726365 
 977      5C50536F 
 978              	.LASF112:
 979 059b 63795F64 		.ascii	"cy_device\000"
 979      65766963 
 979      6500
 980              	.LASF65:
 981 05a5 666C6173 		.ascii	"flashCtlMainWs4Freq\000"
 981      6843746C 
ARM GAS  C:\Users\thoma\AppData\Local\Temp\ccxGiRsT.s 			page 23


 981      4D61696E 
 981      57733446 
 981      72657100 
 982              	.LASF43:
 983 05b9 63707573 		.ascii	"cpussFmIrq\000"
 983      73466D49 
 983      727100
 984              	.LASF78:
 985 05c4 70657269 		.ascii	"periDivCmdPaDivSelPos\000"
 985      44697643 
 985      6D645061 
 985      44697653 
 985      656C506F 
 986              	.LASF50:
 987 05da 70617373 		.ascii	"passSarChannels\000"
 987      53617243 
 987      68616E6E 
 987      656C7300 
 988              	.LASF59:
 989 05ea 666C6173 		.ascii	"flashProgramDelay\000"
 989      6850726F 
 989      6772616D 
 989      44656C61 
 989      7900
 990              	.LASF104:
 991 05fc 6970634C 		.ascii	"ipcLockStatusOffset\000"
 991      6F636B53 
 991      74617475 
 991      734F6666 
 991      73657400 
 992              	.LASF4:
 993 0610 5F5F696E 		.ascii	"__int16_t\000"
 993      7431365F 
 993      7400
 994              	.LASF98:
 995 061a 63707573 		.ascii	"cpussCm4NmiCtlOffset\000"
 995      73436D34 
 995      4E6D6943 
 995      746C4F66 
 995      66736574 
 996              	.LASF51:
 997 062f 65704D6F 		.ascii	"epMonitorNr\000"
 997      6E69746F 
 997      724E7200 
 998              	.LASF63:
 999 063b 666C6173 		.ascii	"flashCtlMainWs2Freq\000"
 999      6843746C 
 999      4D61696E 
 999      57733246 
 999      72657100 
 1000              	.LASF82:
 1001 064f 70657269 		.ascii	"periDiv16_5CtlOffset\000"
 1001      44697631 
 1001      365F3543 
 1001      746C4F66 
 1001      66736574 
 1002              	.LASF74:
ARM GAS  C:\Users\thoma\AppData\Local\Temp\ccxGiRsT.s 			page 24


 1003 0664 70657269 		.ascii	"periTrGrOffset\000"
 1003      54724772 
 1003      4F666673 
 1003      657400
 1004              	.LASF95:
 1005 0673 63707573 		.ascii	"cpussTrimRomCtlOffset\000"
 1005      73547269 
 1005      6D526F6D 
 1005      43746C4F 
 1005      66667365 
 1006              	.LASF14:
 1007 0689 696E7431 		.ascii	"int16_t\000"
 1007      365F7400 
 1008              	.LASF57:
 1009 0691 666C6173 		.ascii	"flashPipeRequired\000"
 1009      68506970 
 1009      65526571 
 1009      75697265 
 1009      6400
 1010              	.LASF103:
 1011 06a3 69706353 		.ascii	"ipcStructSize\000"
 1011      74727563 
 1011      7453697A 
 1011      6500
 1012              	.LASF27:
 1013 06b1 69706342 		.ascii	"ipcBase\000"
 1013      61736500 
 1014              	.LASF23:
 1015 06b9 70726F74 		.ascii	"protBase\000"
 1015      42617365 
 1015      00
 1016              	.LASF99:
 1017 06c2 63707573 		.ascii	"cpussRomCtl\000"
 1017      73526F6D 
 1017      43746C00 
 1018              	.LASF111:
 1019 06ce 433A5C55 		.ascii	"C:\\Users\\thoma\\Documents\\PSoC Creator\\ecmo\\sz"
 1019      73657273 
 1019      5C74686F 
 1019      6D615C44 
 1019      6F63756D 
 1020 06fb 68616E67 		.ascii	"hang\\PSoC6_UDB_I2C_Master\\CY8CPROTO-063-BLE_Maste"
 1020      5C50536F 
 1020      43365F55 
 1020      44425F49 
 1020      32435F4D 
 1021 072c 722E6379 		.ascii	"r.cydsn\000"
 1021      64736E00 
 1022              	.LASF92:
 1023 0734 63707573 		.ascii	"cpussCm0StatusOffset\000"
 1023      73436D30 
 1023      53746174 
 1023      75734F66 
 1023      66736574 
 1024              	.LASF70:
 1025 0749 64775374 		.ascii	"dwStatusChIdxPos\000"
 1025      61747573 
ARM GAS  C:\Users\thoma\AppData\Local\Temp\ccxGiRsT.s 			page 25


 1025      43684964 
 1025      78506F73 
 1025      00
 1026              	.LASF69:
 1027 075a 64774368 		.ascii	"dwChCtlPreemptablePos\000"
 1027      43746C50 
 1027      7265656D 
 1027      70746162 
 1027      6C65506F 
 1028              	.LASF75:
 1029 0770 70657269 		.ascii	"periTrGrSize\000"
 1029      54724772 
 1029      53697A65 
 1029      00
 1030              		.ident	"GCC: (GNU Tools for ARM Embedded Processors) 5.4.1 20160609 (release) [ARM/embedded-5-bran
