ARM GAS  C:\Users\shizh\AppData\Local\Temp\ccKbuQut.s 			page 1


   1              		.syntax unified
   2              		.cpu cortex-m0plus
   3              		.fpu softvfp
   4              		.eabi_attribute 20, 1
   5              		.eabi_attribute 21, 1
   6              		.eabi_attribute 23, 3
   7              		.eabi_attribute 24, 1
   8              		.eabi_attribute 25, 1
   9              		.eabi_attribute 26, 1
  10              		.eabi_attribute 30, 1
  11              		.eabi_attribute 34, 0
  12              		.eabi_attribute 18, 4
  13              		.thumb
  14              		.syntax unified
  15              		.file	"main_cm0p.c"
  16              		.text
  17              	.Ltext0:
  18              		.cfi_sections	.debug_frame
  19              		.section	.text.main,"ax",%progbits
  20              		.align	2
  21              		.global	main
  22              		.code	16
  23              		.thumb_func
  24              		.type	main, %function
  25              	main:
  26              	.LFB446:
  27              		.file 1 "main_cm0p.c"
   1:main_cm0p.c   **** /* ========================================
   2:main_cm0p.c   ****  *
   3:main_cm0p.c   ****  * Copyright YOUR COMPANY, THE YEAR
   4:main_cm0p.c   ****  * All Rights Reserved
   5:main_cm0p.c   ****  * UNPUBLISHED, LICENSED SOFTWARE.
   6:main_cm0p.c   ****  *
   7:main_cm0p.c   ****  * CONFIDENTIAL AND PROPRIETARY INFORMATION
   8:main_cm0p.c   ****  * WHICH IS THE PROPERTY OF your company.
   9:main_cm0p.c   ****  *
  10:main_cm0p.c   ****  * ========================================
  11:main_cm0p.c   **** */
  12:main_cm0p.c   **** #include "project.h"
  13:main_cm0p.c   **** 
  14:main_cm0p.c   **** int main(void)
  15:main_cm0p.c   **** {
  28              		.loc 1 15 0
  29              		.cfi_startproc
  30              		@ Volatile: function does not return.
  31              		@ args = 0, pretend = 0, frame = 0
  32              		@ frame_needed = 0, uses_anonymous_args = 0
  33 0000 10B5     		push	{r4, lr}
  34              		.cfi_def_cfa_offset 8
  35              		.cfi_offset 4, -8
  36              		.cfi_offset 14, -4
  37              	.LBB4:
  38              	.LBB5:
  39              		.file 2 "Generated_Source\\PSoC6\\pdl\\cmsis/include/cmsis_gcc.h"
   1:Generated_Source\PSoC6\pdl\cmsis/include/cmsis_gcc.h **** /**************************************************************************//**
   2:Generated_Source\PSoC6\pdl\cmsis/include/cmsis_gcc.h ****  * @file     cmsis_gcc.h
   3:Generated_Source\PSoC6\pdl\cmsis/include/cmsis_gcc.h ****  * @brief    CMSIS compiler GCC header file
ARM GAS  C:\Users\shizh\AppData\Local\Temp\ccKbuQut.s 			page 2


   4:Generated_Source\PSoC6\pdl\cmsis/include/cmsis_gcc.h ****  * @version  V5.0.3
   5:Generated_Source\PSoC6\pdl\cmsis/include/cmsis_gcc.h ****  * @date     16. January 2018
   6:Generated_Source\PSoC6\pdl\cmsis/include/cmsis_gcc.h ****  ******************************************************************************/
   7:Generated_Source\PSoC6\pdl\cmsis/include/cmsis_gcc.h **** /*
   8:Generated_Source\PSoC6\pdl\cmsis/include/cmsis_gcc.h ****  * Copyright (c) 2009-2017 ARM Limited. All rights reserved.
   9:Generated_Source\PSoC6\pdl\cmsis/include/cmsis_gcc.h ****  *
  10:Generated_Source\PSoC6\pdl\cmsis/include/cmsis_gcc.h ****  * SPDX-License-Identifier: Apache-2.0
  11:Generated_Source\PSoC6\pdl\cmsis/include/cmsis_gcc.h ****  *
  12:Generated_Source\PSoC6\pdl\cmsis/include/cmsis_gcc.h ****  * Licensed under the Apache License, Version 2.0 (the License); you may
  13:Generated_Source\PSoC6\pdl\cmsis/include/cmsis_gcc.h ****  * not use this file except in compliance with the License.
  14:Generated_Source\PSoC6\pdl\cmsis/include/cmsis_gcc.h ****  * You may obtain a copy of the License at
  15:Generated_Source\PSoC6\pdl\cmsis/include/cmsis_gcc.h ****  *
  16:Generated_Source\PSoC6\pdl\cmsis/include/cmsis_gcc.h ****  * www.apache.org/licenses/LICENSE-2.0
  17:Generated_Source\PSoC6\pdl\cmsis/include/cmsis_gcc.h ****  *
  18:Generated_Source\PSoC6\pdl\cmsis/include/cmsis_gcc.h ****  * Unless required by applicable law or agreed to in writing, software
  19:Generated_Source\PSoC6\pdl\cmsis/include/cmsis_gcc.h ****  * distributed under the License is distributed on an AS IS BASIS, WITHOUT
  20:Generated_Source\PSoC6\pdl\cmsis/include/cmsis_gcc.h ****  * WARRANTIES OR CONDITIONS OF ANY KIND, either express or implied.
  21:Generated_Source\PSoC6\pdl\cmsis/include/cmsis_gcc.h ****  * See the License for the specific language governing permissions and
  22:Generated_Source\PSoC6\pdl\cmsis/include/cmsis_gcc.h ****  * limitations under the License.
  23:Generated_Source\PSoC6\pdl\cmsis/include/cmsis_gcc.h ****  */
  24:Generated_Source\PSoC6\pdl\cmsis/include/cmsis_gcc.h **** 
  25:Generated_Source\PSoC6\pdl\cmsis/include/cmsis_gcc.h **** #ifndef __CMSIS_GCC_H
  26:Generated_Source\PSoC6\pdl\cmsis/include/cmsis_gcc.h **** #define __CMSIS_GCC_H
  27:Generated_Source\PSoC6\pdl\cmsis/include/cmsis_gcc.h **** 
  28:Generated_Source\PSoC6\pdl\cmsis/include/cmsis_gcc.h **** /* ignore some GCC warnings */
  29:Generated_Source\PSoC6\pdl\cmsis/include/cmsis_gcc.h **** #pragma GCC diagnostic push
  30:Generated_Source\PSoC6\pdl\cmsis/include/cmsis_gcc.h **** #pragma GCC diagnostic ignored "-Wsign-conversion"
  31:Generated_Source\PSoC6\pdl\cmsis/include/cmsis_gcc.h **** #pragma GCC diagnostic ignored "-Wconversion"
  32:Generated_Source\PSoC6\pdl\cmsis/include/cmsis_gcc.h **** #pragma GCC diagnostic ignored "-Wunused-parameter"
  33:Generated_Source\PSoC6\pdl\cmsis/include/cmsis_gcc.h **** 
  34:Generated_Source\PSoC6\pdl\cmsis/include/cmsis_gcc.h **** /* Fallback for __has_builtin */
  35:Generated_Source\PSoC6\pdl\cmsis/include/cmsis_gcc.h **** #ifndef __has_builtin
  36:Generated_Source\PSoC6\pdl\cmsis/include/cmsis_gcc.h ****   #define __has_builtin(x) (0)
  37:Generated_Source\PSoC6\pdl\cmsis/include/cmsis_gcc.h **** #endif
  38:Generated_Source\PSoC6\pdl\cmsis/include/cmsis_gcc.h **** 
  39:Generated_Source\PSoC6\pdl\cmsis/include/cmsis_gcc.h **** /* CMSIS compiler specific defines */
  40:Generated_Source\PSoC6\pdl\cmsis/include/cmsis_gcc.h **** #ifndef   __ASM
  41:Generated_Source\PSoC6\pdl\cmsis/include/cmsis_gcc.h ****   #define __ASM                                  __asm
  42:Generated_Source\PSoC6\pdl\cmsis/include/cmsis_gcc.h **** #endif
  43:Generated_Source\PSoC6\pdl\cmsis/include/cmsis_gcc.h **** #ifndef   __INLINE
  44:Generated_Source\PSoC6\pdl\cmsis/include/cmsis_gcc.h ****   #define __INLINE                               inline
  45:Generated_Source\PSoC6\pdl\cmsis/include/cmsis_gcc.h **** #endif
  46:Generated_Source\PSoC6\pdl\cmsis/include/cmsis_gcc.h **** #ifndef   __STATIC_INLINE
  47:Generated_Source\PSoC6\pdl\cmsis/include/cmsis_gcc.h ****   #define __STATIC_INLINE                        static inline
  48:Generated_Source\PSoC6\pdl\cmsis/include/cmsis_gcc.h **** #endif
  49:Generated_Source\PSoC6\pdl\cmsis/include/cmsis_gcc.h **** #ifndef   __STATIC_FORCEINLINE                 
  50:Generated_Source\PSoC6\pdl\cmsis/include/cmsis_gcc.h ****   #define __STATIC_FORCEINLINE                   __attribute__((always_inline)) static inline
  51:Generated_Source\PSoC6\pdl\cmsis/include/cmsis_gcc.h **** #endif                                           
  52:Generated_Source\PSoC6\pdl\cmsis/include/cmsis_gcc.h **** #ifndef   __NO_RETURN
  53:Generated_Source\PSoC6\pdl\cmsis/include/cmsis_gcc.h ****   #define __NO_RETURN                            __attribute__((__noreturn__))
  54:Generated_Source\PSoC6\pdl\cmsis/include/cmsis_gcc.h **** #endif
  55:Generated_Source\PSoC6\pdl\cmsis/include/cmsis_gcc.h **** #ifndef   __USED
  56:Generated_Source\PSoC6\pdl\cmsis/include/cmsis_gcc.h ****   #define __USED                                 __attribute__((used))
  57:Generated_Source\PSoC6\pdl\cmsis/include/cmsis_gcc.h **** #endif
  58:Generated_Source\PSoC6\pdl\cmsis/include/cmsis_gcc.h **** #ifndef   __WEAK
  59:Generated_Source\PSoC6\pdl\cmsis/include/cmsis_gcc.h ****   #define __WEAK                                 __attribute__((weak))
  60:Generated_Source\PSoC6\pdl\cmsis/include/cmsis_gcc.h **** #endif
ARM GAS  C:\Users\shizh\AppData\Local\Temp\ccKbuQut.s 			page 3


  61:Generated_Source\PSoC6\pdl\cmsis/include/cmsis_gcc.h **** #ifndef   __PACKED
  62:Generated_Source\PSoC6\pdl\cmsis/include/cmsis_gcc.h ****   #define __PACKED                               __attribute__((packed, aligned(1)))
  63:Generated_Source\PSoC6\pdl\cmsis/include/cmsis_gcc.h **** #endif
  64:Generated_Source\PSoC6\pdl\cmsis/include/cmsis_gcc.h **** #ifndef   __PACKED_STRUCT
  65:Generated_Source\PSoC6\pdl\cmsis/include/cmsis_gcc.h ****   #define __PACKED_STRUCT                        struct __attribute__((packed, aligned(1)))
  66:Generated_Source\PSoC6\pdl\cmsis/include/cmsis_gcc.h **** #endif
  67:Generated_Source\PSoC6\pdl\cmsis/include/cmsis_gcc.h **** #ifndef   __PACKED_UNION
  68:Generated_Source\PSoC6\pdl\cmsis/include/cmsis_gcc.h ****   #define __PACKED_UNION                         union __attribute__((packed, aligned(1)))
  69:Generated_Source\PSoC6\pdl\cmsis/include/cmsis_gcc.h **** #endif
  70:Generated_Source\PSoC6\pdl\cmsis/include/cmsis_gcc.h **** #ifndef   __UNALIGNED_UINT32        /* deprecated */
  71:Generated_Source\PSoC6\pdl\cmsis/include/cmsis_gcc.h ****   #pragma GCC diagnostic push
  72:Generated_Source\PSoC6\pdl\cmsis/include/cmsis_gcc.h ****   #pragma GCC diagnostic ignored "-Wpacked"
  73:Generated_Source\PSoC6\pdl\cmsis/include/cmsis_gcc.h ****   #pragma GCC diagnostic ignored "-Wattributes"
  74:Generated_Source\PSoC6\pdl\cmsis/include/cmsis_gcc.h ****   struct __attribute__((packed)) T_UINT32 { uint32_t v; };
  75:Generated_Source\PSoC6\pdl\cmsis/include/cmsis_gcc.h ****   #pragma GCC diagnostic pop
  76:Generated_Source\PSoC6\pdl\cmsis/include/cmsis_gcc.h ****   #define __UNALIGNED_UINT32(x)                  (((struct T_UINT32 *)(x))->v)
  77:Generated_Source\PSoC6\pdl\cmsis/include/cmsis_gcc.h **** #endif
  78:Generated_Source\PSoC6\pdl\cmsis/include/cmsis_gcc.h **** #ifndef   __UNALIGNED_UINT16_WRITE
  79:Generated_Source\PSoC6\pdl\cmsis/include/cmsis_gcc.h ****   #pragma GCC diagnostic push
  80:Generated_Source\PSoC6\pdl\cmsis/include/cmsis_gcc.h ****   #pragma GCC diagnostic ignored "-Wpacked"
  81:Generated_Source\PSoC6\pdl\cmsis/include/cmsis_gcc.h ****   #pragma GCC diagnostic ignored "-Wattributes"
  82:Generated_Source\PSoC6\pdl\cmsis/include/cmsis_gcc.h ****   __PACKED_STRUCT T_UINT16_WRITE { uint16_t v; };
  83:Generated_Source\PSoC6\pdl\cmsis/include/cmsis_gcc.h ****   #pragma GCC diagnostic pop
  84:Generated_Source\PSoC6\pdl\cmsis/include/cmsis_gcc.h ****   #define __UNALIGNED_UINT16_WRITE(addr, val)    (void)((((struct T_UINT16_WRITE *)(void *)(addr))-
  85:Generated_Source\PSoC6\pdl\cmsis/include/cmsis_gcc.h **** #endif
  86:Generated_Source\PSoC6\pdl\cmsis/include/cmsis_gcc.h **** #ifndef   __UNALIGNED_UINT16_READ
  87:Generated_Source\PSoC6\pdl\cmsis/include/cmsis_gcc.h ****   #pragma GCC diagnostic push
  88:Generated_Source\PSoC6\pdl\cmsis/include/cmsis_gcc.h ****   #pragma GCC diagnostic ignored "-Wpacked"
  89:Generated_Source\PSoC6\pdl\cmsis/include/cmsis_gcc.h ****   #pragma GCC diagnostic ignored "-Wattributes"
  90:Generated_Source\PSoC6\pdl\cmsis/include/cmsis_gcc.h ****   __PACKED_STRUCT T_UINT16_READ { uint16_t v; };
  91:Generated_Source\PSoC6\pdl\cmsis/include/cmsis_gcc.h ****   #pragma GCC diagnostic pop
  92:Generated_Source\PSoC6\pdl\cmsis/include/cmsis_gcc.h ****   #define __UNALIGNED_UINT16_READ(addr)          (((const struct T_UINT16_READ *)(const void *)(add
  93:Generated_Source\PSoC6\pdl\cmsis/include/cmsis_gcc.h **** #endif
  94:Generated_Source\PSoC6\pdl\cmsis/include/cmsis_gcc.h **** #ifndef   __UNALIGNED_UINT32_WRITE
  95:Generated_Source\PSoC6\pdl\cmsis/include/cmsis_gcc.h ****   #pragma GCC diagnostic push
  96:Generated_Source\PSoC6\pdl\cmsis/include/cmsis_gcc.h ****   #pragma GCC diagnostic ignored "-Wpacked"
  97:Generated_Source\PSoC6\pdl\cmsis/include/cmsis_gcc.h ****   #pragma GCC diagnostic ignored "-Wattributes"
  98:Generated_Source\PSoC6\pdl\cmsis/include/cmsis_gcc.h ****   __PACKED_STRUCT T_UINT32_WRITE { uint32_t v; };
  99:Generated_Source\PSoC6\pdl\cmsis/include/cmsis_gcc.h ****   #pragma GCC diagnostic pop
 100:Generated_Source\PSoC6\pdl\cmsis/include/cmsis_gcc.h ****   #define __UNALIGNED_UINT32_WRITE(addr, val)    (void)((((struct T_UINT32_WRITE *)(void *)(addr))-
 101:Generated_Source\PSoC6\pdl\cmsis/include/cmsis_gcc.h **** #endif
 102:Generated_Source\PSoC6\pdl\cmsis/include/cmsis_gcc.h **** #ifndef   __UNALIGNED_UINT32_READ
 103:Generated_Source\PSoC6\pdl\cmsis/include/cmsis_gcc.h ****   #pragma GCC diagnostic push
 104:Generated_Source\PSoC6\pdl\cmsis/include/cmsis_gcc.h ****   #pragma GCC diagnostic ignored "-Wpacked"
 105:Generated_Source\PSoC6\pdl\cmsis/include/cmsis_gcc.h ****   #pragma GCC diagnostic ignored "-Wattributes"
 106:Generated_Source\PSoC6\pdl\cmsis/include/cmsis_gcc.h ****   __PACKED_STRUCT T_UINT32_READ { uint32_t v; };
 107:Generated_Source\PSoC6\pdl\cmsis/include/cmsis_gcc.h ****   #pragma GCC diagnostic pop
 108:Generated_Source\PSoC6\pdl\cmsis/include/cmsis_gcc.h ****   #define __UNALIGNED_UINT32_READ(addr)          (((const struct T_UINT32_READ *)(const void *)(add
 109:Generated_Source\PSoC6\pdl\cmsis/include/cmsis_gcc.h **** #endif
 110:Generated_Source\PSoC6\pdl\cmsis/include/cmsis_gcc.h **** #ifndef   __ALIGNED
 111:Generated_Source\PSoC6\pdl\cmsis/include/cmsis_gcc.h ****   #define __ALIGNED(x)                           __attribute__((aligned(x)))
 112:Generated_Source\PSoC6\pdl\cmsis/include/cmsis_gcc.h **** #endif
 113:Generated_Source\PSoC6\pdl\cmsis/include/cmsis_gcc.h **** #ifndef   __RESTRICT
 114:Generated_Source\PSoC6\pdl\cmsis/include/cmsis_gcc.h ****   #define __RESTRICT                             __restrict
 115:Generated_Source\PSoC6\pdl\cmsis/include/cmsis_gcc.h **** #endif
 116:Generated_Source\PSoC6\pdl\cmsis/include/cmsis_gcc.h **** 
 117:Generated_Source\PSoC6\pdl\cmsis/include/cmsis_gcc.h **** 
ARM GAS  C:\Users\shizh\AppData\Local\Temp\ccKbuQut.s 			page 4


 118:Generated_Source\PSoC6\pdl\cmsis/include/cmsis_gcc.h **** /* ###########################  Core Function Access  ########################### */
 119:Generated_Source\PSoC6\pdl\cmsis/include/cmsis_gcc.h **** /** \ingroup  CMSIS_Core_FunctionInterface
 120:Generated_Source\PSoC6\pdl\cmsis/include/cmsis_gcc.h ****     \defgroup CMSIS_Core_RegAccFunctions CMSIS Core Register Access Functions
 121:Generated_Source\PSoC6\pdl\cmsis/include/cmsis_gcc.h ****   @{
 122:Generated_Source\PSoC6\pdl\cmsis/include/cmsis_gcc.h ****  */
 123:Generated_Source\PSoC6\pdl\cmsis/include/cmsis_gcc.h **** 
 124:Generated_Source\PSoC6\pdl\cmsis/include/cmsis_gcc.h **** /**
 125:Generated_Source\PSoC6\pdl\cmsis/include/cmsis_gcc.h ****   \brief   Enable IRQ Interrupts
 126:Generated_Source\PSoC6\pdl\cmsis/include/cmsis_gcc.h ****   \details Enables IRQ interrupts by clearing the I-bit in the CPSR.
 127:Generated_Source\PSoC6\pdl\cmsis/include/cmsis_gcc.h ****            Can only be executed in Privileged modes.
 128:Generated_Source\PSoC6\pdl\cmsis/include/cmsis_gcc.h ****  */
 129:Generated_Source\PSoC6\pdl\cmsis/include/cmsis_gcc.h **** __STATIC_FORCEINLINE void __enable_irq(void)
 130:Generated_Source\PSoC6\pdl\cmsis/include/cmsis_gcc.h **** {
 131:Generated_Source\PSoC6\pdl\cmsis/include/cmsis_gcc.h ****   __ASM volatile ("cpsie i" : : : "memory");
  40              		.loc 2 131 0
  41              		.syntax divided
  42              	@ 131 "Generated_Source\PSoC6\pdl\cmsis/include/cmsis_gcc.h" 1
  43 0002 62B6     		cpsie i
  44              	@ 0 "" 2
  45              		.thumb
  46              		.syntax unified
  47              	.LBE5:
  48              	.LBE4:
  16:main_cm0p.c   ****     __enable_irq(); /* Enable global interrupts. */
  17:main_cm0p.c   ****     /* Enable CM4.  CY_CORTEX_M4_APPL_ADDR must be updated if CM4 memory layout is changed. */
  18:main_cm0p.c   ****     Cy_SysEnableCM4(CY_CORTEX_M4_APPL_ADDR); 
  49              		.loc 1 18 0
  50 0004 0148     		ldr	r0, .L3
  51 0006 FFF7FEFF 		bl	Cy_SysEnableCM4
  52              	.LVL0:
  53              	.L2:
  54 000a FEE7     		b	.L2
  55              	.L4:
  56              		.align	2
  57              	.L3:
  58 000c 00000810 		.word	268959744
  59              		.cfi_endproc
  60              	.LFE446:
  61              		.size	main, .-main
  62              		.text
  63              	.Letext0:
  64              		.file 3 "c:\\program files (x86)\\cypress\\psoc creator\\4.4\\psoc creator\\import\\gnu\\arm\\5.4.
  65              		.file 4 "c:\\program files (x86)\\cypress\\psoc creator\\4.4\\psoc creator\\import\\gnu\\arm\\5.4.
  66              		.file 5 "Generated_Source\\PSoC6\\pdl\\drivers/peripheral/device/cy_device.h"
  67              		.file 6 "Generated_Source\\PSoC6\\pdl\\drivers/peripheral/sar/cy_sar.h"
  68              		.file 7 "Generated_Source\\PSoC6\\pdl\\drivers/peripheral/scb/cy_scb_uart.h"
  69              		.file 8 "Generated_Source\\PSoC6/ADC.h"
  70              		.file 9 "Generated_Source\\PSoC6/UART.h"
  71              		.file 10 "./system_psoc6.h"
  72              		.section	.debug_info,"",%progbits
  73              	.Ldebug_info0:
  74 0000 13080000 		.4byte	0x813
  75 0004 0400     		.2byte	0x4
  76 0006 00000000 		.4byte	.Ldebug_abbrev0
  77 000a 04       		.byte	0x4
  78 000b 01       		.uleb128 0x1
  79 000c 7F070000 		.4byte	.LASF157
ARM GAS  C:\Users\shizh\AppData\Local\Temp\ccKbuQut.s 			page 5


  80 0010 0C       		.byte	0xc
  81 0011 7A000000 		.4byte	.LASF158
  82 0015 18010000 		.4byte	.LASF159
  83 0019 00000000 		.4byte	.Ldebug_ranges0+0
  84 001d 00000000 		.4byte	0
  85 0021 00000000 		.4byte	.Ldebug_line0
  86 0025 02       		.uleb128 0x2
  87 0026 02       		.byte	0x2
  88 0027 05       		.byte	0x5
  89 0028 F4060000 		.4byte	.LASF0
  90 002c 02       		.uleb128 0x2
  91 002d 01       		.byte	0x1
  92 002e 08       		.byte	0x8
  93 002f D2060000 		.4byte	.LASF1
  94 0033 02       		.uleb128 0x2
  95 0034 01       		.byte	0x1
  96 0035 06       		.byte	0x6
  97 0036 EE010000 		.4byte	.LASF2
  98 003a 03       		.uleb128 0x3
  99 003b 94000000 		.4byte	.LASF3
 100 003f 03       		.byte	0x3
 101 0040 1D       		.byte	0x1d
 102 0041 2C000000 		.4byte	0x2c
 103 0045 03       		.uleb128 0x3
 104 0046 8F030000 		.4byte	.LASF4
 105 004a 03       		.byte	0x3
 106 004b 29       		.byte	0x29
 107 004c 25000000 		.4byte	0x25
 108 0050 03       		.uleb128 0x3
 109 0051 4B080000 		.4byte	.LASF5
 110 0055 03       		.byte	0x3
 111 0056 2B       		.byte	0x2b
 112 0057 5B000000 		.4byte	0x5b
 113 005b 02       		.uleb128 0x2
 114 005c 02       		.byte	0x2
 115 005d 07       		.byte	0x7
 116 005e 36030000 		.4byte	.LASF6
 117 0062 02       		.uleb128 0x2
 118 0063 04       		.byte	0x4
 119 0064 05       		.byte	0x5
 120 0065 97020000 		.4byte	.LASF7
 121 0069 03       		.uleb128 0x3
 122 006a 68030000 		.4byte	.LASF8
 123 006e 03       		.byte	0x3
 124 006f 41       		.byte	0x41
 125 0070 74000000 		.4byte	0x74
 126 0074 02       		.uleb128 0x2
 127 0075 04       		.byte	0x4
 128 0076 07       		.byte	0x7
 129 0077 1D040000 		.4byte	.LASF9
 130 007b 02       		.uleb128 0x2
 131 007c 08       		.byte	0x8
 132 007d 05       		.byte	0x5
 133 007e E0010000 		.4byte	.LASF10
 134 0082 02       		.uleb128 0x2
 135 0083 08       		.byte	0x8
 136 0084 07       		.byte	0x7
ARM GAS  C:\Users\shizh\AppData\Local\Temp\ccKbuQut.s 			page 6


 137 0085 01010000 		.4byte	.LASF11
 138 0089 04       		.uleb128 0x4
 139 008a 04       		.byte	0x4
 140 008b 05       		.byte	0x5
 141 008c 696E7400 		.ascii	"int\000"
 142 0090 02       		.uleb128 0x2
 143 0091 04       		.byte	0x4
 144 0092 07       		.byte	0x7
 145 0093 E1030000 		.4byte	.LASF12
 146 0097 03       		.uleb128 0x3
 147 0098 3D090000 		.4byte	.LASF13
 148 009c 04       		.byte	0x4
 149 009d 18       		.byte	0x18
 150 009e 3A000000 		.4byte	0x3a
 151 00a2 03       		.uleb128 0x3
 152 00a3 C4010000 		.4byte	.LASF14
 153 00a7 04       		.byte	0x4
 154 00a8 20       		.byte	0x20
 155 00a9 45000000 		.4byte	0x45
 156 00ad 03       		.uleb128 0x3
 157 00ae EE030000 		.4byte	.LASF15
 158 00b2 04       		.byte	0x4
 159 00b3 24       		.byte	0x24
 160 00b4 50000000 		.4byte	0x50
 161 00b8 03       		.uleb128 0x3
 162 00b9 55070000 		.4byte	.LASF16
 163 00bd 04       		.byte	0x4
 164 00be 30       		.byte	0x30
 165 00bf 69000000 		.4byte	0x69
 166 00c3 02       		.uleb128 0x2
 167 00c4 04       		.byte	0x4
 168 00c5 07       		.byte	0x7
 169 00c6 85050000 		.4byte	.LASF17
 170 00ca 05       		.uleb128 0x5
 171 00cb B8000000 		.4byte	0xb8
 172 00cf 02       		.uleb128 0x2
 173 00d0 08       		.byte	0x8
 174 00d1 04       		.byte	0x4
 175 00d2 11080000 		.4byte	.LASF18
 176 00d6 06       		.uleb128 0x6
 177 00d7 B8       		.byte	0xb8
 178 00d8 05       		.byte	0x5
 179 00d9 34       		.byte	0x34
 180 00da E7040000 		.4byte	0x4e7
 181 00de 07       		.uleb128 0x7
 182 00df D6000000 		.4byte	.LASF19
 183 00e3 05       		.byte	0x5
 184 00e4 37       		.byte	0x37
 185 00e5 B8000000 		.4byte	0xb8
 186 00e9 00       		.byte	0
 187 00ea 07       		.uleb128 0x7
 188 00eb 5D030000 		.4byte	.LASF20
 189 00ef 05       		.byte	0x5
 190 00f0 38       		.byte	0x38
 191 00f1 B8000000 		.4byte	0xb8
 192 00f5 04       		.byte	0x4
 193 00f6 07       		.uleb128 0x7
ARM GAS  C:\Users\shizh\AppData\Local\Temp\ccKbuQut.s 			page 7


 194 00f7 AE020000 		.4byte	.LASF21
 195 00fb 05       		.byte	0x5
 196 00fc 39       		.byte	0x39
 197 00fd B8000000 		.4byte	0xb8
 198 0101 08       		.byte	0x8
 199 0102 07       		.uleb128 0x7
 200 0103 AB060000 		.4byte	.LASF22
 201 0107 05       		.byte	0x5
 202 0108 3A       		.byte	0x3a
 203 0109 B8000000 		.4byte	0xb8
 204 010d 0C       		.byte	0xc
 205 010e 07       		.uleb128 0x7
 206 010f 3D020000 		.4byte	.LASF23
 207 0113 05       		.byte	0x5
 208 0114 3B       		.byte	0x3b
 209 0115 B8000000 		.4byte	0xb8
 210 0119 10       		.byte	0x10
 211 011a 07       		.uleb128 0x7
 212 011b 75020000 		.4byte	.LASF24
 213 011f 05       		.byte	0x5
 214 0120 3C       		.byte	0x3c
 215 0121 B8000000 		.4byte	0xb8
 216 0125 14       		.byte	0x14
 217 0126 07       		.uleb128 0x7
 218 0127 66040000 		.4byte	.LASF25
 219 012b 05       		.byte	0x5
 220 012c 3D       		.byte	0x3d
 221 012d B8000000 		.4byte	0xb8
 222 0131 18       		.byte	0x18
 223 0132 07       		.uleb128 0x7
 224 0133 71000000 		.4byte	.LASF26
 225 0137 05       		.byte	0x5
 226 0138 3E       		.byte	0x3e
 227 0139 B8000000 		.4byte	0xb8
 228 013d 1C       		.byte	0x1c
 229 013e 07       		.uleb128 0x7
 230 013f D0090000 		.4byte	.LASF27
 231 0143 05       		.byte	0x5
 232 0144 3F       		.byte	0x3f
 233 0145 B8000000 		.4byte	0xb8
 234 0149 20       		.byte	0x20
 235 014a 07       		.uleb128 0x7
 236 014b 1D060000 		.4byte	.LASF28
 237 014f 05       		.byte	0x5
 238 0150 40       		.byte	0x40
 239 0151 B8000000 		.4byte	0xb8
 240 0155 24       		.byte	0x24
 241 0156 07       		.uleb128 0x7
 242 0157 57050000 		.4byte	.LASF29
 243 015b 05       		.byte	0x5
 244 015c 43       		.byte	0x43
 245 015d 97000000 		.4byte	0x97
 246 0161 28       		.byte	0x28
 247 0162 07       		.uleb128 0x7
 248 0163 57000000 		.4byte	.LASF30
 249 0167 05       		.byte	0x5
 250 0168 44       		.byte	0x44
ARM GAS  C:\Users\shizh\AppData\Local\Temp\ccKbuQut.s 			page 8


 251 0169 97000000 		.4byte	0x97
 252 016d 29       		.byte	0x29
 253 016e 07       		.uleb128 0x7
 254 016f C6090000 		.4byte	.LASF31
 255 0173 05       		.byte	0x5
 256 0174 45       		.byte	0x45
 257 0175 97000000 		.4byte	0x97
 258 0179 2A       		.byte	0x2a
 259 017a 07       		.uleb128 0x7
 260 017b 0F060000 		.4byte	.LASF32
 261 017f 05       		.byte	0x5
 262 0180 46       		.byte	0x46
 263 0181 97000000 		.4byte	0x97
 264 0185 2B       		.byte	0x2b
 265 0186 07       		.uleb128 0x7
 266 0187 D1040000 		.4byte	.LASF33
 267 018b 05       		.byte	0x5
 268 018c 47       		.byte	0x47
 269 018d 97000000 		.4byte	0x97
 270 0191 2C       		.byte	0x2c
 271 0192 07       		.uleb128 0x7
 272 0193 69080000 		.4byte	.LASF34
 273 0197 05       		.byte	0x5
 274 0198 48       		.byte	0x48
 275 0199 97000000 		.4byte	0x97
 276 019d 2D       		.byte	0x2d
 277 019e 07       		.uleb128 0x7
 278 019f 46020000 		.4byte	.LASF35
 279 01a3 05       		.byte	0x5
 280 01a4 49       		.byte	0x49
 281 01a5 97000000 		.4byte	0x97
 282 01a9 2E       		.byte	0x2e
 283 01aa 07       		.uleb128 0x7
 284 01ab 64050000 		.4byte	.LASF36
 285 01af 05       		.byte	0x5
 286 01b0 4A       		.byte	0x4a
 287 01b1 97000000 		.4byte	0x97
 288 01b5 2F       		.byte	0x2f
 289 01b6 07       		.uleb128 0x7
 290 01b7 22080000 		.4byte	.LASF37
 291 01bb 05       		.byte	0x5
 292 01bc 4B       		.byte	0x4b
 293 01bd 97000000 		.4byte	0x97
 294 01c1 30       		.byte	0x30
 295 01c2 07       		.uleb128 0x7
 296 01c3 5B040000 		.4byte	.LASF38
 297 01c7 05       		.byte	0x5
 298 01c8 4E       		.byte	0x4e
 299 01c9 97000000 		.4byte	0x97
 300 01cd 31       		.byte	0x31
 301 01ce 07       		.uleb128 0x7
 302 01cf 86000000 		.4byte	.LASF39
 303 01d3 05       		.byte	0x5
 304 01d4 4F       		.byte	0x4f
 305 01d5 97000000 		.4byte	0x97
 306 01d9 32       		.byte	0x32
 307 01da 07       		.uleb128 0x7
ARM GAS  C:\Users\shizh\AppData\Local\Temp\ccKbuQut.s 			page 9


 308 01db D5030000 		.4byte	.LASF40
 309 01df 05       		.byte	0x5
 310 01e0 50       		.byte	0x50
 311 01e1 97000000 		.4byte	0x97
 312 01e5 33       		.byte	0x33
 313 01e6 07       		.uleb128 0x7
 314 01e7 99050000 		.4byte	.LASF41
 315 01eb 05       		.byte	0x5
 316 01ec 51       		.byte	0x51
 317 01ed 97000000 		.4byte	0x97
 318 01f1 34       		.byte	0x34
 319 01f2 07       		.uleb128 0x7
 320 01f3 BD080000 		.4byte	.LASF42
 321 01f7 05       		.byte	0x5
 322 01f8 52       		.byte	0x52
 323 01f9 A2000000 		.4byte	0xa2
 324 01fd 36       		.byte	0x36
 325 01fe 07       		.uleb128 0x7
 326 01ff E0020000 		.4byte	.LASF43
 327 0203 05       		.byte	0x5
 328 0204 53       		.byte	0x53
 329 0205 A2000000 		.4byte	0xa2
 330 0209 38       		.byte	0x38
 331 020a 07       		.uleb128 0x7
 332 020b 0D090000 		.4byte	.LASF44
 333 020f 05       		.byte	0x5
 334 0210 54       		.byte	0x54
 335 0211 A2000000 		.4byte	0xa2
 336 0215 3A       		.byte	0x3a
 337 0216 07       		.uleb128 0x7
 338 0217 66020000 		.4byte	.LASF45
 339 021b 05       		.byte	0x5
 340 021c 55       		.byte	0x55
 341 021d 97000000 		.4byte	0x97
 342 0221 3C       		.byte	0x3c
 343 0222 07       		.uleb128 0x7
 344 0223 07030000 		.4byte	.LASF46
 345 0227 05       		.byte	0x5
 346 0228 56       		.byte	0x56
 347 0229 97000000 		.4byte	0x97
 348 022d 3D       		.byte	0x3d
 349 022e 07       		.uleb128 0x7
 350 022f 25070000 		.4byte	.LASF47
 351 0233 05       		.byte	0x5
 352 0234 57       		.byte	0x57
 353 0235 97000000 		.4byte	0x97
 354 0239 3E       		.byte	0x3e
 355 023a 07       		.uleb128 0x7
 356 023b 65000000 		.4byte	.LASF48
 357 023f 05       		.byte	0x5
 358 0240 58       		.byte	0x58
 359 0241 97000000 		.4byte	0x97
 360 0245 3F       		.byte	0x3f
 361 0246 07       		.uleb128 0x7
 362 0247 28060000 		.4byte	.LASF49
 363 024b 05       		.byte	0x5
 364 024c 59       		.byte	0x59
ARM GAS  C:\Users\shizh\AppData\Local\Temp\ccKbuQut.s 			page 10


 365 024d 97000000 		.4byte	0x97
 366 0251 40       		.byte	0x40
 367 0252 07       		.uleb128 0x7
 368 0253 73030000 		.4byte	.LASF50
 369 0257 05       		.byte	0x5
 370 0258 5A       		.byte	0x5a
 371 0259 97000000 		.4byte	0x97
 372 025d 41       		.byte	0x41
 373 025e 07       		.uleb128 0x7
 374 025f 10050000 		.4byte	.LASF51
 375 0263 05       		.byte	0x5
 376 0264 5B       		.byte	0x5b
 377 0265 97000000 		.4byte	0x97
 378 0269 42       		.byte	0x42
 379 026a 07       		.uleb128 0x7
 380 026b FB050000 		.4byte	.LASF52
 381 026f 05       		.byte	0x5
 382 0270 5C       		.byte	0x5c
 383 0271 97000000 		.4byte	0x97
 384 0275 43       		.byte	0x43
 385 0276 07       		.uleb128 0x7
 386 0277 B7020000 		.4byte	.LASF53
 387 027b 05       		.byte	0x5
 388 027c 5D       		.byte	0x5d
 389 027d 97000000 		.4byte	0x97
 390 0281 44       		.byte	0x44
 391 0282 07       		.uleb128 0x7
 392 0283 00000000 		.4byte	.LASF54
 393 0287 05       		.byte	0x5
 394 0288 5E       		.byte	0x5e
 395 0289 B8000000 		.4byte	0xb8
 396 028d 48       		.byte	0x48
 397 028e 07       		.uleb128 0x7
 398 028f A0020000 		.4byte	.LASF55
 399 0293 05       		.byte	0x5
 400 0294 5F       		.byte	0x5f
 401 0295 B8000000 		.4byte	0xb8
 402 0299 4C       		.byte	0x4c
 403 029a 07       		.uleb128 0x7
 404 029b 060A0000 		.4byte	.LASF56
 405 029f 05       		.byte	0x5
 406 02a0 60       		.byte	0x60
 407 02a1 97000000 		.4byte	0x97
 408 02a5 50       		.byte	0x50
 409 02a6 07       		.uleb128 0x7
 410 02a7 9E010000 		.4byte	.LASF57
 411 02ab 05       		.byte	0x5
 412 02ac 61       		.byte	0x61
 413 02ad 97000000 		.4byte	0x97
 414 02b1 51       		.byte	0x51
 415 02b2 07       		.uleb128 0x7
 416 02b3 22090000 		.4byte	.LASF58
 417 02b7 05       		.byte	0x5
 418 02b8 62       		.byte	0x62
 419 02b9 97000000 		.4byte	0x97
 420 02bd 52       		.byte	0x52
 421 02be 07       		.uleb128 0x7
ARM GAS  C:\Users\shizh\AppData\Local\Temp\ccKbuQut.s 			page 11


 422 02bf 76080000 		.4byte	.LASF59
 423 02c3 05       		.byte	0x5
 424 02c4 63       		.byte	0x63
 425 02c5 97000000 		.4byte	0x97
 426 02c9 53       		.byte	0x53
 427 02ca 07       		.uleb128 0x7
 428 02cb 33070000 		.4byte	.LASF60
 429 02cf 05       		.byte	0x5
 430 02d0 64       		.byte	0x64
 431 02d1 97000000 		.4byte	0x97
 432 02d5 54       		.byte	0x54
 433 02d6 07       		.uleb128 0x7
 434 02d7 B0010000 		.4byte	.LASF61
 435 02db 05       		.byte	0x5
 436 02dc 65       		.byte	0x65
 437 02dd 97000000 		.4byte	0x97
 438 02e1 55       		.byte	0x55
 439 02e2 07       		.uleb128 0x7
 440 02e3 09040000 		.4byte	.LASF62
 441 02e7 05       		.byte	0x5
 442 02e8 66       		.byte	0x66
 443 02e9 97000000 		.4byte	0x97
 444 02ed 56       		.byte	0x56
 445 02ee 07       		.uleb128 0x7
 446 02ef 6F040000 		.4byte	.LASF63
 447 02f3 05       		.byte	0x5
 448 02f4 67       		.byte	0x67
 449 02f5 97000000 		.4byte	0x97
 450 02f9 57       		.byte	0x57
 451 02fa 07       		.uleb128 0x7
 452 02fb 1C000000 		.4byte	.LASF64
 453 02ff 05       		.byte	0x5
 454 0300 68       		.byte	0x68
 455 0301 97000000 		.4byte	0x97
 456 0305 58       		.byte	0x58
 457 0306 07       		.uleb128 0x7
 458 0307 E0060000 		.4byte	.LASF65
 459 030b 05       		.byte	0x5
 460 030c 69       		.byte	0x69
 461 030d 97000000 		.4byte	0x97
 462 0311 59       		.byte	0x59
 463 0312 07       		.uleb128 0x7
 464 0313 8E050000 		.4byte	.LASF66
 465 0317 05       		.byte	0x5
 466 0318 6E       		.byte	0x6e
 467 0319 AD000000 		.4byte	0xad
 468 031d 5A       		.byte	0x5a
 469 031e 07       		.uleb128 0x7
 470 031f A6080000 		.4byte	.LASF67
 471 0323 05       		.byte	0x5
 472 0324 6F       		.byte	0x6f
 473 0325 AD000000 		.4byte	0xad
 474 0329 5C       		.byte	0x5c
 475 032a 07       		.uleb128 0x7
 476 032b E0000000 		.4byte	.LASF68
 477 032f 05       		.byte	0x5
 478 0330 70       		.byte	0x70
ARM GAS  C:\Users\shizh\AppData\Local\Temp\ccKbuQut.s 			page 12


 479 0331 97000000 		.4byte	0x97
 480 0335 5E       		.byte	0x5e
 481 0336 07       		.uleb128 0x7
 482 0337 7D060000 		.4byte	.LASF69
 483 033b 05       		.byte	0x5
 484 033c 71       		.byte	0x71
 485 033d 97000000 		.4byte	0x97
 486 0341 5F       		.byte	0x5f
 487 0342 07       		.uleb128 0x7
 488 0343 EA050000 		.4byte	.LASF70
 489 0347 05       		.byte	0x5
 490 0348 72       		.byte	0x72
 491 0349 97000000 		.4byte	0x97
 492 034d 60       		.byte	0x60
 493 034e 07       		.uleb128 0x7
 494 034f 56060000 		.4byte	.LASF71
 495 0353 05       		.byte	0x5
 496 0354 73       		.byte	0x73
 497 0355 B8000000 		.4byte	0xb8
 498 0359 64       		.byte	0x64
 499 035a 07       		.uleb128 0x7
 500 035b 68010000 		.4byte	.LASF72
 501 035f 05       		.byte	0x5
 502 0360 76       		.byte	0x76
 503 0361 AD000000 		.4byte	0xad
 504 0365 68       		.byte	0x68
 505 0366 07       		.uleb128 0x7
 506 0367 F7030000 		.4byte	.LASF73
 507 036b 05       		.byte	0x5
 508 036c 77       		.byte	0x77
 509 036d AD000000 		.4byte	0xad
 510 0371 6A       		.byte	0x6a
 511 0372 07       		.uleb128 0x7
 512 0373 83040000 		.4byte	.LASF74
 513 0377 05       		.byte	0x5
 514 0378 78       		.byte	0x78
 515 0379 AD000000 		.4byte	0xad
 516 037d 6C       		.byte	0x6c
 517 037e 07       		.uleb128 0x7
 518 037f B4040000 		.4byte	.LASF75
 519 0383 05       		.byte	0x5
 520 0384 79       		.byte	0x79
 521 0385 AD000000 		.4byte	0xad
 522 0389 6E       		.byte	0x6e
 523 038a 07       		.uleb128 0x7
 524 038b 11070000 		.4byte	.LASF76
 525 038f 05       		.byte	0x5
 526 0390 7B       		.byte	0x7b
 527 0391 97000000 		.4byte	0x97
 528 0395 70       		.byte	0x70
 529 0396 07       		.uleb128 0x7
 530 0397 FA010000 		.4byte	.LASF77
 531 039b 05       		.byte	0x5
 532 039c 7C       		.byte	0x7c
 533 039d 97000000 		.4byte	0x97
 534 03a1 71       		.byte	0x71
 535 03a2 07       		.uleb128 0x7
ARM GAS  C:\Users\shizh\AppData\Local\Temp\ccKbuQut.s 			page 13


 536 03a3 D8090000 		.4byte	.LASF78
 537 03a7 05       		.byte	0x5
 538 03a8 7D       		.byte	0x7d
 539 03a9 97000000 		.4byte	0x97
 540 03ad 72       		.byte	0x72
 541 03ae 07       		.uleb128 0x7
 542 03af B7050000 		.4byte	.LASF79
 543 03b3 05       		.byte	0x5
 544 03b4 7E       		.byte	0x7e
 545 03b5 97000000 		.4byte	0x97
 546 03b9 73       		.byte	0x73
 547 03ba 07       		.uleb128 0x7
 548 03bb 43070000 		.4byte	.LASF80
 549 03bf 05       		.byte	0x5
 550 03c0 80       		.byte	0x80
 551 03c1 AD000000 		.4byte	0xad
 552 03c5 74       		.byte	0x74
 553 03c6 07       		.uleb128 0x7
 554 03c7 56080000 		.4byte	.LASF81
 555 03cb 05       		.byte	0x5
 556 03cc 81       		.byte	0x81
 557 03cd AD000000 		.4byte	0xad
 558 03d1 76       		.byte	0x76
 559 03d2 07       		.uleb128 0x7
 560 03d3 F2020000 		.4byte	.LASF82
 561 03d7 05       		.byte	0x5
 562 03d8 82       		.byte	0x82
 563 03d9 AD000000 		.4byte	0xad
 564 03dd 78       		.byte	0x78
 565 03de 07       		.uleb128 0x7
 566 03df AA000000 		.4byte	.LASF83
 567 03e3 05       		.byte	0x5
 568 03e4 83       		.byte	0x83
 569 03e5 AD000000 		.4byte	0xad
 570 03e9 7A       		.byte	0x7a
 571 03ea 07       		.uleb128 0x7
 572 03eb 5A090000 		.4byte	.LASF84
 573 03ef 05       		.byte	0x5
 574 03f0 86       		.byte	0x86
 575 03f1 97000000 		.4byte	0x97
 576 03f5 7C       		.byte	0x7c
 577 03f6 07       		.uleb128 0x7
 578 03f7 CA080000 		.4byte	.LASF85
 579 03fb 05       		.byte	0x5
 580 03fc 87       		.byte	0x87
 581 03fd 97000000 		.4byte	0x97
 582 0401 7D       		.byte	0x7d
 583 0402 07       		.uleb128 0x7
 584 0403 30000000 		.4byte	.LASF86
 585 0407 05       		.byte	0x5
 586 0408 88       		.byte	0x88
 587 0409 97000000 		.4byte	0x97
 588 040d 7E       		.byte	0x7e
 589 040e 07       		.uleb128 0x7
 590 040f 49030000 		.4byte	.LASF87
 591 0413 05       		.byte	0x5
 592 0414 89       		.byte	0x89
ARM GAS  C:\Users\shizh\AppData\Local\Temp\ccKbuQut.s 			page 14


 593 0415 97000000 		.4byte	0x97
 594 0419 7F       		.byte	0x7f
 595 041a 07       		.uleb128 0x7
 596 041b C1030000 		.4byte	.LASF88
 597 041f 05       		.byte	0x5
 598 0420 8A       		.byte	0x8a
 599 0421 97000000 		.4byte	0x97
 600 0425 80       		.byte	0x80
 601 0426 07       		.uleb128 0x7
 602 0427 40050000 		.4byte	.LASF89
 603 042b 05       		.byte	0x5
 604 042c 8D       		.byte	0x8d
 605 042d B8000000 		.4byte	0xb8
 606 0431 84       		.byte	0x84
 607 0432 07       		.uleb128 0x7
 608 0433 BF000000 		.4byte	.LASF90
 609 0437 05       		.byte	0x5
 610 0438 8E       		.byte	0x8e
 611 0439 B8000000 		.4byte	0xb8
 612 043d 88       		.byte	0x88
 613 043e 07       		.uleb128 0x7
 614 043f 45090000 		.4byte	.LASF91
 615 0443 05       		.byte	0x5
 616 0444 8F       		.byte	0x8f
 617 0445 B8000000 		.4byte	0xb8
 618 0449 8C       		.byte	0x8c
 619 044a 07       		.uleb128 0x7
 620 044b 70050000 		.4byte	.LASF92
 621 044f 05       		.byte	0x5
 622 0450 90       		.byte	0x90
 623 0451 B8000000 		.4byte	0xb8
 624 0455 90       		.byte	0x90
 625 0456 07       		.uleb128 0x7
 626 0457 A2030000 		.4byte	.LASF93
 627 045b 05       		.byte	0x5
 628 045c 91       		.byte	0x91
 629 045d B8000000 		.4byte	0xb8
 630 0461 94       		.byte	0x94
 631 0462 07       		.uleb128 0x7
 632 0463 2A050000 		.4byte	.LASF94
 633 0467 05       		.byte	0x5
 634 0468 92       		.byte	0x92
 635 0469 B8000000 		.4byte	0xb8
 636 046d 98       		.byte	0x98
 637 046e 07       		.uleb128 0x7
 638 046f 97090000 		.4byte	.LASF95
 639 0473 05       		.byte	0x5
 640 0474 93       		.byte	0x93
 641 0475 B8000000 		.4byte	0xb8
 642 0479 9C       		.byte	0x9c
 643 047a 07       		.uleb128 0x7
 644 047b 82010000 		.4byte	.LASF96
 645 047f 05       		.byte	0x5
 646 0480 94       		.byte	0x94
 647 0481 B8000000 		.4byte	0xb8
 648 0485 A0       		.byte	0xa0
 649 0486 07       		.uleb128 0x7
ARM GAS  C:\Users\shizh\AppData\Local\Temp\ccKbuQut.s 			page 15


 650 0487 51020000 		.4byte	.LASF97
 651 048b 05       		.byte	0x5
 652 048c 95       		.byte	0x95
 653 048d AD000000 		.4byte	0xad
 654 0491 A4       		.byte	0xa4
 655 0492 07       		.uleb128 0x7
 656 0493 5E070000 		.4byte	.LASF98
 657 0497 05       		.byte	0x5
 658 0498 96       		.byte	0x96
 659 0499 AD000000 		.4byte	0xad
 660 049d A6       		.byte	0xa6
 661 049e 07       		.uleb128 0x7
 662 049f 71060000 		.4byte	.LASF99
 663 04a3 05       		.byte	0x5
 664 04a4 97       		.byte	0x97
 665 04a5 AD000000 		.4byte	0xad
 666 04a9 A8       		.byte	0xa8
 667 04aa 07       		.uleb128 0x7
 668 04ab 2E080000 		.4byte	.LASF100
 669 04af 05       		.byte	0x5
 670 04b0 98       		.byte	0x98
 671 04b1 AD000000 		.4byte	0xad
 672 04b5 AA       		.byte	0xaa
 673 04b6 07       		.uleb128 0x7
 674 04b7 92040000 		.4byte	.LASF101
 675 04bb 05       		.byte	0x5
 676 04bc 99       		.byte	0x99
 677 04bd AD000000 		.4byte	0xad
 678 04c1 AC       		.byte	0xac
 679 04c2 07       		.uleb128 0x7
 680 04c3 CE050000 		.4byte	.LASF102
 681 04c7 05       		.byte	0x5
 682 04c8 9A       		.byte	0x9a
 683 04c9 AD000000 		.4byte	0xad
 684 04cd AE       		.byte	0xae
 685 04ce 07       		.uleb128 0x7
 686 04cf AF080000 		.4byte	.LASF103
 687 04d3 05       		.byte	0x5
 688 04d4 9D       		.byte	0x9d
 689 04d5 AD000000 		.4byte	0xad
 690 04d9 B0       		.byte	0xb0
 691 04da 07       		.uleb128 0x7
 692 04db 43000000 		.4byte	.LASF104
 693 04df 05       		.byte	0x5
 694 04e0 9E       		.byte	0x9e
 695 04e1 B8000000 		.4byte	0xb8
 696 04e5 B4       		.byte	0xb4
 697 04e6 00       		.byte	0
 698 04e7 03       		.uleb128 0x3
 699 04e8 E9040000 		.4byte	.LASF105
 700 04ec 05       		.byte	0x5
 701 04ed 9F       		.byte	0x9f
 702 04ee D6000000 		.4byte	0xd6
 703 04f2 02       		.uleb128 0x2
 704 04f3 01       		.byte	0x1
 705 04f4 08       		.byte	0x8
 706 04f5 1D080000 		.4byte	.LASF106
ARM GAS  C:\Users\shizh\AppData\Local\Temp\ccKbuQut.s 			page 16


 707 04f9 02       		.uleb128 0x2
 708 04fa 04       		.byte	0x4
 709 04fb 04       		.byte	0x4
 710 04fc 50060000 		.4byte	.LASF107
 711 0500 02       		.uleb128 0x2
 712 0501 08       		.byte	0x8
 713 0502 04       		.byte	0x4
 714 0503 EB020000 		.4byte	.LASF108
 715 0507 08       		.uleb128 0x8
 716 0508 04       		.byte	0x4
 717 0509 02       		.uleb128 0x2
 718 050a 01       		.byte	0x1
 719 050b 02       		.byte	0x2
 720 050c CC060000 		.4byte	.LASF109
 721 0510 09       		.uleb128 0x9
 722 0511 01       		.byte	0x1
 723 0512 2C000000 		.4byte	0x2c
 724 0516 06       		.byte	0x6
 725 0517 1304     		.2byte	0x413
 726 0519 36050000 		.4byte	0x536
 727 051d 0A       		.uleb128 0xa
 728 051e 7F020000 		.4byte	.LASF110
 729 0522 00       		.byte	0
 730 0523 0A       		.uleb128 0xa
 731 0524 B3060000 		.4byte	.LASF111
 732 0528 01       		.byte	0x1
 733 0529 0A       		.uleb128 0xa
 734 052a C8020000 		.4byte	.LASF112
 735 052e 02       		.byte	0x2
 736 052f 0A       		.uleb128 0xa
 737 0530 6F090000 		.4byte	.LASF113
 738 0534 03       		.byte	0x3
 739 0535 00       		.byte	0
 740 0536 0B       		.uleb128 0xb
 741 0537 0F020000 		.4byte	.LASF114
 742 053b 06       		.byte	0x6
 743 053c 1804     		.2byte	0x418
 744 053e 10050000 		.4byte	0x510
 745 0542 0C       		.uleb128 0xc
 746 0543 78       		.byte	0x78
 747 0544 06       		.byte	0x6
 748 0545 0205     		.2byte	0x502
 749 0547 0F060000 		.4byte	0x60f
 750 054b 0D       		.uleb128 0xd
 751 054c 88080000 		.4byte	.LASF115
 752 0550 06       		.byte	0x6
 753 0551 0405     		.2byte	0x504
 754 0553 B8000000 		.4byte	0xb8
 755 0557 00       		.byte	0
 756 0558 0D       		.uleb128 0xd
 757 0559 32090000 		.4byte	.LASF116
 758 055d 06       		.byte	0x6
 759 055e 0505     		.2byte	0x505
 760 0560 B8000000 		.4byte	0xb8
 761 0564 04       		.byte	0x4
 762 0565 0D       		.uleb128 0xd
 763 0566 29030000 		.4byte	.LASF117
ARM GAS  C:\Users\shizh\AppData\Local\Temp\ccKbuQut.s 			page 17


 764 056a 06       		.byte	0x6
 765 056b 0605     		.2byte	0x506
 766 056d B8000000 		.4byte	0xb8
 767 0571 08       		.byte	0x8
 768 0572 0D       		.uleb128 0xd
 769 0573 AA050000 		.4byte	.LASF118
 770 0577 06       		.byte	0x6
 771 0578 0705     		.2byte	0x507
 772 057a B8000000 		.4byte	0xb8
 773 057e 0C       		.byte	0xc
 774 057f 0D       		.uleb128 0xd
 775 0580 A0040000 		.4byte	.LASF119
 776 0584 06       		.byte	0x6
 777 0585 0805     		.2byte	0x508
 778 0587 B8000000 		.4byte	0xb8
 779 058b 10       		.byte	0x10
 780 058c 0D       		.uleb128 0xd
 781 058d 03090000 		.4byte	.LASF120
 782 0591 06       		.byte	0x6
 783 0592 0905     		.2byte	0x509
 784 0594 36050000 		.4byte	0x536
 785 0598 14       		.byte	0x14
 786 0599 0D       		.uleb128 0xd
 787 059a A4060000 		.4byte	.LASF121
 788 059e 06       		.byte	0x6
 789 059f 0A05     		.2byte	0x50a
 790 05a1 B8000000 		.4byte	0xb8
 791 05a5 18       		.byte	0x18
 792 05a6 0D       		.uleb128 0xd
 793 05a7 F9040000 		.4byte	.LASF122
 794 05ab 06       		.byte	0x6
 795 05ac 0B05     		.2byte	0x50b
 796 05ae 0F060000 		.4byte	0x60f
 797 05b2 1C       		.byte	0x1c
 798 05b3 0D       		.uleb128 0xd
 799 05b4 08070000 		.4byte	.LASF123
 800 05b8 06       		.byte	0x6
 801 05b9 0C05     		.2byte	0x50c
 802 05bb B8000000 		.4byte	0xb8
 803 05bf 5C       		.byte	0x5c
 804 05c0 0D       		.uleb128 0xd
 805 05c1 9E000000 		.4byte	.LASF124
 806 05c5 06       		.byte	0x6
 807 05c6 0D05     		.2byte	0x50d
 808 05c8 B8000000 		.4byte	0xb8
 809 05cc 60       		.byte	0x60
 810 05cd 0D       		.uleb128 0xd
 811 05ce 42060000 		.4byte	.LASF125
 812 05d2 06       		.byte	0x6
 813 05d3 0E05     		.2byte	0x50e
 814 05d5 B8000000 		.4byte	0xb8
 815 05d9 64       		.byte	0x64
 816 05da 0D       		.uleb128 0xd
 817 05db FE060000 		.4byte	.LASF126
 818 05df 06       		.byte	0x6
 819 05e0 0F05     		.2byte	0x50f
 820 05e2 B8000000 		.4byte	0xb8
ARM GAS  C:\Users\shizh\AppData\Local\Temp\ccKbuQut.s 			page 18


 821 05e6 68       		.byte	0x68
 822 05e7 0D       		.uleb128 0xd
 823 05e8 B6090000 		.4byte	.LASF127
 824 05ec 06       		.byte	0x6
 825 05ed 1005     		.2byte	0x510
 826 05ef B8000000 		.4byte	0xb8
 827 05f3 6C       		.byte	0x6c
 828 05f4 0D       		.uleb128 0xd
 829 05f5 DC050000 		.4byte	.LASF128
 830 05f9 06       		.byte	0x6
 831 05fa 1105     		.2byte	0x511
 832 05fc 09050000 		.4byte	0x509
 833 0600 70       		.byte	0x70
 834 0601 0D       		.uleb128 0xd
 835 0602 73070000 		.4byte	.LASF129
 836 0606 06       		.byte	0x6
 837 0607 1205     		.2byte	0x512
 838 0609 B8000000 		.4byte	0xb8
 839 060d 74       		.byte	0x74
 840 060e 00       		.byte	0
 841 060f 0E       		.uleb128 0xe
 842 0610 B8000000 		.4byte	0xb8
 843 0614 1F060000 		.4byte	0x61f
 844 0618 0F       		.uleb128 0xf
 845 0619 C3000000 		.4byte	0xc3
 846 061d 0F       		.byte	0xf
 847 061e 00       		.byte	0
 848 061f 0B       		.uleb128 0xb
 849 0620 CC010000 		.4byte	.LASF130
 850 0624 06       		.byte	0x6
 851 0625 1305     		.2byte	0x513
 852 0627 42050000 		.4byte	0x542
 853 062b 10       		.uleb128 0x10
 854 062c 04       		.byte	0x4
 855 062d 31060000 		.4byte	0x631
 856 0631 11       		.uleb128 0x11
 857 0632 3C060000 		.4byte	0x63c
 858 0636 12       		.uleb128 0x12
 859 0637 B8000000 		.4byte	0xb8
 860 063b 00       		.byte	0
 861 063c 0B       		.uleb128 0xb
 862 063d 2F040000 		.4byte	.LASF131
 863 0641 07       		.byte	0x7
 864 0642 D901     		.2byte	0x1d9
 865 0644 2B060000 		.4byte	0x62b
 866 0648 13       		.uleb128 0x13
 867 0649 EE090000 		.4byte	.LASF160
 868 064d 38       		.byte	0x38
 869 064e 07       		.byte	0x7
 870 064f 7502     		.2byte	0x275
 871 0651 0C070000 		.4byte	0x70c
 872 0655 0D       		.uleb128 0xd
 873 0656 AD090000 		.4byte	.LASF132
 874 065a 07       		.byte	0x7
 875 065b 7802     		.2byte	0x278
 876 065d CA000000 		.4byte	0xca
 877 0661 00       		.byte	0
ARM GAS  C:\Users\shizh\AppData\Local\Temp\ccKbuQut.s 			page 19


 878 0662 0D       		.uleb128 0xd
 879 0663 06060000 		.4byte	.LASF133
 880 0667 07       		.byte	0x7
 881 0668 7902     		.2byte	0x279
 882 066a CA000000 		.4byte	0xca
 883 066e 04       		.byte	0x4
 884 066f 0D       		.uleb128 0xd
 885 0670 78010000 		.4byte	.LASF134
 886 0674 07       		.byte	0x7
 887 0675 7B02     		.2byte	0x27b
 888 0677 07050000 		.4byte	0x507
 889 067b 08       		.byte	0x8
 890 067c 0D       		.uleb128 0xd
 891 067d 8D080000 		.4byte	.LASF135
 892 0681 07       		.byte	0x7
 893 0682 7C02     		.2byte	0x27c
 894 0684 B8000000 		.4byte	0xb8
 895 0688 0C       		.byte	0xc
 896 0689 0D       		.uleb128 0xd
 897 068a 1C050000 		.4byte	.LASF136
 898 068e 07       		.byte	0x7
 899 068f 7D02     		.2byte	0x27d
 900 0691 CA000000 		.4byte	0xca
 901 0695 10       		.byte	0x10
 902 0696 0D       		.uleb128 0xd
 903 0697 89090000 		.4byte	.LASF137
 904 069b 07       		.byte	0x7
 905 069c 7E02     		.2byte	0x27e
 906 069e CA000000 		.4byte	0xca
 907 06a2 14       		.byte	0x14
 908 06a3 0D       		.uleb128 0xd
 909 06a4 E3080000 		.4byte	.LASF138
 910 06a8 07       		.byte	0x7
 911 06a9 8002     		.2byte	0x280
 912 06ab 07050000 		.4byte	0x507
 913 06af 18       		.byte	0x18
 914 06b0 0D       		.uleb128 0xd
 915 06b1 12000000 		.4byte	.LASF139
 916 06b5 07       		.byte	0x7
 917 06b6 8102     		.2byte	0x281
 918 06b8 B8000000 		.4byte	0xb8
 919 06bc 1C       		.byte	0x1c
 920 06bd 0D       		.uleb128 0xd
 921 06be 99030000 		.4byte	.LASF140
 922 06c2 07       		.byte	0x7
 923 06c3 8202     		.2byte	0x282
 924 06c5 CA000000 		.4byte	0xca
 925 06c9 20       		.byte	0x20
 926 06ca 0D       		.uleb128 0xd
 927 06cb 98010000 		.4byte	.LASF141
 928 06cf 07       		.byte	0x7
 929 06d0 8402     		.2byte	0x284
 930 06d2 07050000 		.4byte	0x507
 931 06d6 24       		.byte	0x24
 932 06d7 0D       		.uleb128 0xd
 933 06d8 B7030000 		.4byte	.LASF142
 934 06dc 07       		.byte	0x7
ARM GAS  C:\Users\shizh\AppData\Local\Temp\ccKbuQut.s 			page 20


 935 06dd 8502     		.2byte	0x285
 936 06df B8000000 		.4byte	0xb8
 937 06e3 28       		.byte	0x28
 938 06e4 0D       		.uleb128 0xd
 939 06e5 93060000 		.4byte	.LASF143
 940 06e9 07       		.byte	0x7
 941 06ea 8602     		.2byte	0x286
 942 06ec CA000000 		.4byte	0xca
 943 06f0 2C       		.byte	0x2c
 944 06f1 0D       		.uleb128 0xd
 945 06f2 AB040000 		.4byte	.LASF144
 946 06f6 07       		.byte	0x7
 947 06f7 8B02     		.2byte	0x28b
 948 06f9 3C060000 		.4byte	0x63c
 949 06fd 30       		.byte	0x30
 950 06fe 0D       		.uleb128 0xd
 951 06ff DB080000 		.4byte	.LASF145
 952 0703 07       		.byte	0x7
 953 0704 8E02     		.2byte	0x28e
 954 0706 B8000000 		.4byte	0xb8
 955 070a 34       		.byte	0x34
 956 070b 00       		.byte	0
 957 070c 0B       		.uleb128 0xb
 958 070d E9080000 		.4byte	.LASF146
 959 0711 07       		.byte	0x7
 960 0712 9102     		.2byte	0x291
 961 0714 48060000 		.4byte	0x648
 962 0718 06       		.uleb128 0x6
 963 0719 14       		.byte	0x14
 964 071a 08       		.byte	0x8
 965 071b 3B       		.byte	0x3b
 966 071c 5D070000 		.4byte	0x75d
 967 0720 07       		.uleb128 0x7
 968 0721 04050000 		.4byte	.LASF147
 969 0725 08       		.byte	0x8
 970 0726 3D       		.byte	0x3d
 971 0727 B8000000 		.4byte	0xb8
 972 072b 00       		.byte	0
 973 072c 07       		.uleb128 0x7
 974 072d DD040000 		.4byte	.LASF148
 975 0731 08       		.byte	0x8
 976 0732 3E       		.byte	0x3e
 977 0733 B8000000 		.4byte	0xb8
 978 0737 04       		.byte	0x4
 979 0738 07       		.uleb128 0x7
 980 0739 83030000 		.4byte	.LASF149
 981 073d 08       		.byte	0x8
 982 073e 3F       		.byte	0x3f
 983 073f 5D070000 		.4byte	0x75d
 984 0743 08       		.byte	0x8
 985 0744 07       		.uleb128 0x7
 986 0745 9B080000 		.4byte	.LASF150
 987 0749 08       		.byte	0x8
 988 074a 40       		.byte	0x40
 989 074b B8000000 		.4byte	0xb8
 990 074f 0C       		.byte	0xc
 991 0750 07       		.uleb128 0x7
ARM GAS  C:\Users\shizh\AppData\Local\Temp\ccKbuQut.s 			page 21


 992 0751 32020000 		.4byte	.LASF151
 993 0755 08       		.byte	0x8
 994 0756 45       		.byte	0x45
 995 0757 B8000000 		.4byte	0xb8
 996 075b 10       		.byte	0x10
 997 075c 00       		.byte	0
 998 075d 10       		.uleb128 0x10
 999 075e 04       		.byte	0x4
 1000 075f 63070000 		.4byte	0x763
 1001 0763 14       		.uleb128 0x14
 1002 0764 1F060000 		.4byte	0x61f
 1003 0768 03       		.uleb128 0x3
 1004 0769 12030000 		.4byte	.LASF152
 1005 076d 08       		.byte	0x8
 1006 076e 48       		.byte	0x48
 1007 076f 18070000 		.4byte	0x718
 1008 0773 15       		.uleb128 0x15
 1009 0774 35060000 		.4byte	.LASF161
 1010 0778 02       		.byte	0x2
 1011 0779 81       		.byte	0x81
 1012 077a 03       		.byte	0x3
 1013 077b 16       		.uleb128 0x16
 1014 077c 24030000 		.4byte	.LASF162
 1015 0780 01       		.byte	0x1
 1016 0781 0E       		.byte	0xe
 1017 0782 89000000 		.4byte	0x89
 1018 0786 00000000 		.4byte	.LFB446
 1019 078a 10000000 		.4byte	.LFE446-.LFB446
 1020 078e 01       		.uleb128 0x1
 1021 078f 9C       		.byte	0x9c
 1022 0790 B7070000 		.4byte	0x7b7
 1023 0794 17       		.uleb128 0x17
 1024 0795 73070000 		.4byte	0x773
 1025 0799 02000000 		.4byte	.LBB4
 1026 079d 02000000 		.4byte	.LBE4-.LBB4
 1027 07a1 01       		.byte	0x1
 1028 07a2 10       		.byte	0x10
 1029 07a3 18       		.uleb128 0x18
 1030 07a4 0A000000 		.4byte	.LVL0
 1031 07a8 0A080000 		.4byte	0x80a
 1032 07ac 19       		.uleb128 0x19
 1033 07ad 01       		.uleb128 0x1
 1034 07ae 50       		.byte	0x50
 1035 07af 05       		.uleb128 0x5
 1036 07b0 0C       		.byte	0xc
 1037 07b1 00000810 		.4byte	0x10080000
 1038 07b5 00       		.byte	0
 1039 07b6 00       		.byte	0
 1040 07b7 1A       		.uleb128 0x1a
 1041 07b8 67060000 		.4byte	.LASF153
 1042 07bc 05       		.byte	0x5
 1043 07bd A7       		.byte	0xa7
 1044 07be C2070000 		.4byte	0x7c2
 1045 07c2 10       		.uleb128 0x10
 1046 07c3 04       		.byte	0x4
 1047 07c4 C8070000 		.4byte	0x7c8
 1048 07c8 14       		.uleb128 0x14
ARM GAS  C:\Users\shizh\AppData\Local\Temp\ccKbuQut.s 			page 22


 1049 07c9 E7040000 		.4byte	0x4e7
 1050 07cd 1A       		.uleb128 0x1a
 1051 07ce 4E040000 		.4byte	.LASF154
 1052 07d2 09       		.byte	0x9
 1053 07d3 87       		.byte	0x87
 1054 07d4 0C070000 		.4byte	0x70c
 1055 07d8 1B       		.uleb128 0x1b
 1056 07d9 EF000000 		.4byte	.LASF155
 1057 07dd 08       		.byte	0x8
 1058 07de 6001     		.2byte	0x160
 1059 07e0 B8000000 		.4byte	0xb8
 1060 07e4 0E       		.uleb128 0xe
 1061 07e5 F4070000 		.4byte	0x7f4
 1062 07e9 F4070000 		.4byte	0x7f4
 1063 07ed 0F       		.uleb128 0xf
 1064 07ee C3000000 		.4byte	0xc3
 1065 07f2 00       		.byte	0
 1066 07f3 00       		.byte	0
 1067 07f4 14       		.uleb128 0x14
 1068 07f5 68070000 		.4byte	0x768
 1069 07f9 1B       		.uleb128 0x1b
 1070 07fa 3C080000 		.4byte	.LASF156
 1071 07fe 08       		.byte	0x8
 1072 07ff 6401     		.2byte	0x164
 1073 0801 05080000 		.4byte	0x805
 1074 0805 14       		.uleb128 0x14
 1075 0806 E4070000 		.4byte	0x7e4
 1076 080a 1C       		.uleb128 0x1c
 1077 080b C1040000 		.4byte	.LASF163
 1078 080f C1040000 		.4byte	.LASF163
 1079 0813 0A       		.byte	0xa
 1080 0814 2502     		.2byte	0x225
 1081 0816 00       		.byte	0
 1082              		.section	.debug_abbrev,"",%progbits
 1083              	.Ldebug_abbrev0:
 1084 0000 01       		.uleb128 0x1
 1085 0001 11       		.uleb128 0x11
 1086 0002 01       		.byte	0x1
 1087 0003 25       		.uleb128 0x25
 1088 0004 0E       		.uleb128 0xe
 1089 0005 13       		.uleb128 0x13
 1090 0006 0B       		.uleb128 0xb
 1091 0007 03       		.uleb128 0x3
 1092 0008 0E       		.uleb128 0xe
 1093 0009 1B       		.uleb128 0x1b
 1094 000a 0E       		.uleb128 0xe
 1095 000b 55       		.uleb128 0x55
 1096 000c 17       		.uleb128 0x17
 1097 000d 11       		.uleb128 0x11
 1098 000e 01       		.uleb128 0x1
 1099 000f 10       		.uleb128 0x10
 1100 0010 17       		.uleb128 0x17
 1101 0011 00       		.byte	0
 1102 0012 00       		.byte	0
 1103 0013 02       		.uleb128 0x2
 1104 0014 24       		.uleb128 0x24
 1105 0015 00       		.byte	0
ARM GAS  C:\Users\shizh\AppData\Local\Temp\ccKbuQut.s 			page 23


 1106 0016 0B       		.uleb128 0xb
 1107 0017 0B       		.uleb128 0xb
 1108 0018 3E       		.uleb128 0x3e
 1109 0019 0B       		.uleb128 0xb
 1110 001a 03       		.uleb128 0x3
 1111 001b 0E       		.uleb128 0xe
 1112 001c 00       		.byte	0
 1113 001d 00       		.byte	0
 1114 001e 03       		.uleb128 0x3
 1115 001f 16       		.uleb128 0x16
 1116 0020 00       		.byte	0
 1117 0021 03       		.uleb128 0x3
 1118 0022 0E       		.uleb128 0xe
 1119 0023 3A       		.uleb128 0x3a
 1120 0024 0B       		.uleb128 0xb
 1121 0025 3B       		.uleb128 0x3b
 1122 0026 0B       		.uleb128 0xb
 1123 0027 49       		.uleb128 0x49
 1124 0028 13       		.uleb128 0x13
 1125 0029 00       		.byte	0
 1126 002a 00       		.byte	0
 1127 002b 04       		.uleb128 0x4
 1128 002c 24       		.uleb128 0x24
 1129 002d 00       		.byte	0
 1130 002e 0B       		.uleb128 0xb
 1131 002f 0B       		.uleb128 0xb
 1132 0030 3E       		.uleb128 0x3e
 1133 0031 0B       		.uleb128 0xb
 1134 0032 03       		.uleb128 0x3
 1135 0033 08       		.uleb128 0x8
 1136 0034 00       		.byte	0
 1137 0035 00       		.byte	0
 1138 0036 05       		.uleb128 0x5
 1139 0037 35       		.uleb128 0x35
 1140 0038 00       		.byte	0
 1141 0039 49       		.uleb128 0x49
 1142 003a 13       		.uleb128 0x13
 1143 003b 00       		.byte	0
 1144 003c 00       		.byte	0
 1145 003d 06       		.uleb128 0x6
 1146 003e 13       		.uleb128 0x13
 1147 003f 01       		.byte	0x1
 1148 0040 0B       		.uleb128 0xb
 1149 0041 0B       		.uleb128 0xb
 1150 0042 3A       		.uleb128 0x3a
 1151 0043 0B       		.uleb128 0xb
 1152 0044 3B       		.uleb128 0x3b
 1153 0045 0B       		.uleb128 0xb
 1154 0046 01       		.uleb128 0x1
 1155 0047 13       		.uleb128 0x13
 1156 0048 00       		.byte	0
 1157 0049 00       		.byte	0
 1158 004a 07       		.uleb128 0x7
 1159 004b 0D       		.uleb128 0xd
 1160 004c 00       		.byte	0
 1161 004d 03       		.uleb128 0x3
 1162 004e 0E       		.uleb128 0xe
ARM GAS  C:\Users\shizh\AppData\Local\Temp\ccKbuQut.s 			page 24


 1163 004f 3A       		.uleb128 0x3a
 1164 0050 0B       		.uleb128 0xb
 1165 0051 3B       		.uleb128 0x3b
 1166 0052 0B       		.uleb128 0xb
 1167 0053 49       		.uleb128 0x49
 1168 0054 13       		.uleb128 0x13
 1169 0055 38       		.uleb128 0x38
 1170 0056 0B       		.uleb128 0xb
 1171 0057 00       		.byte	0
 1172 0058 00       		.byte	0
 1173 0059 08       		.uleb128 0x8
 1174 005a 0F       		.uleb128 0xf
 1175 005b 00       		.byte	0
 1176 005c 0B       		.uleb128 0xb
 1177 005d 0B       		.uleb128 0xb
 1178 005e 00       		.byte	0
 1179 005f 00       		.byte	0
 1180 0060 09       		.uleb128 0x9
 1181 0061 04       		.uleb128 0x4
 1182 0062 01       		.byte	0x1
 1183 0063 0B       		.uleb128 0xb
 1184 0064 0B       		.uleb128 0xb
 1185 0065 49       		.uleb128 0x49
 1186 0066 13       		.uleb128 0x13
 1187 0067 3A       		.uleb128 0x3a
 1188 0068 0B       		.uleb128 0xb
 1189 0069 3B       		.uleb128 0x3b
 1190 006a 05       		.uleb128 0x5
 1191 006b 01       		.uleb128 0x1
 1192 006c 13       		.uleb128 0x13
 1193 006d 00       		.byte	0
 1194 006e 00       		.byte	0
 1195 006f 0A       		.uleb128 0xa
 1196 0070 28       		.uleb128 0x28
 1197 0071 00       		.byte	0
 1198 0072 03       		.uleb128 0x3
 1199 0073 0E       		.uleb128 0xe
 1200 0074 1C       		.uleb128 0x1c
 1201 0075 0B       		.uleb128 0xb
 1202 0076 00       		.byte	0
 1203 0077 00       		.byte	0
 1204 0078 0B       		.uleb128 0xb
 1205 0079 16       		.uleb128 0x16
 1206 007a 00       		.byte	0
 1207 007b 03       		.uleb128 0x3
 1208 007c 0E       		.uleb128 0xe
 1209 007d 3A       		.uleb128 0x3a
 1210 007e 0B       		.uleb128 0xb
 1211 007f 3B       		.uleb128 0x3b
 1212 0080 05       		.uleb128 0x5
 1213 0081 49       		.uleb128 0x49
 1214 0082 13       		.uleb128 0x13
 1215 0083 00       		.byte	0
 1216 0084 00       		.byte	0
 1217 0085 0C       		.uleb128 0xc
 1218 0086 13       		.uleb128 0x13
 1219 0087 01       		.byte	0x1
ARM GAS  C:\Users\shizh\AppData\Local\Temp\ccKbuQut.s 			page 25


 1220 0088 0B       		.uleb128 0xb
 1221 0089 0B       		.uleb128 0xb
 1222 008a 3A       		.uleb128 0x3a
 1223 008b 0B       		.uleb128 0xb
 1224 008c 3B       		.uleb128 0x3b
 1225 008d 05       		.uleb128 0x5
 1226 008e 01       		.uleb128 0x1
 1227 008f 13       		.uleb128 0x13
 1228 0090 00       		.byte	0
 1229 0091 00       		.byte	0
 1230 0092 0D       		.uleb128 0xd
 1231 0093 0D       		.uleb128 0xd
 1232 0094 00       		.byte	0
 1233 0095 03       		.uleb128 0x3
 1234 0096 0E       		.uleb128 0xe
 1235 0097 3A       		.uleb128 0x3a
 1236 0098 0B       		.uleb128 0xb
 1237 0099 3B       		.uleb128 0x3b
 1238 009a 05       		.uleb128 0x5
 1239 009b 49       		.uleb128 0x49
 1240 009c 13       		.uleb128 0x13
 1241 009d 38       		.uleb128 0x38
 1242 009e 0B       		.uleb128 0xb
 1243 009f 00       		.byte	0
 1244 00a0 00       		.byte	0
 1245 00a1 0E       		.uleb128 0xe
 1246 00a2 01       		.uleb128 0x1
 1247 00a3 01       		.byte	0x1
 1248 00a4 49       		.uleb128 0x49
 1249 00a5 13       		.uleb128 0x13
 1250 00a6 01       		.uleb128 0x1
 1251 00a7 13       		.uleb128 0x13
 1252 00a8 00       		.byte	0
 1253 00a9 00       		.byte	0
 1254 00aa 0F       		.uleb128 0xf
 1255 00ab 21       		.uleb128 0x21
 1256 00ac 00       		.byte	0
 1257 00ad 49       		.uleb128 0x49
 1258 00ae 13       		.uleb128 0x13
 1259 00af 2F       		.uleb128 0x2f
 1260 00b0 0B       		.uleb128 0xb
 1261 00b1 00       		.byte	0
 1262 00b2 00       		.byte	0
 1263 00b3 10       		.uleb128 0x10
 1264 00b4 0F       		.uleb128 0xf
 1265 00b5 00       		.byte	0
 1266 00b6 0B       		.uleb128 0xb
 1267 00b7 0B       		.uleb128 0xb
 1268 00b8 49       		.uleb128 0x49
 1269 00b9 13       		.uleb128 0x13
 1270 00ba 00       		.byte	0
 1271 00bb 00       		.byte	0
 1272 00bc 11       		.uleb128 0x11
 1273 00bd 15       		.uleb128 0x15
 1274 00be 01       		.byte	0x1
 1275 00bf 27       		.uleb128 0x27
 1276 00c0 19       		.uleb128 0x19
ARM GAS  C:\Users\shizh\AppData\Local\Temp\ccKbuQut.s 			page 26


 1277 00c1 01       		.uleb128 0x1
 1278 00c2 13       		.uleb128 0x13
 1279 00c3 00       		.byte	0
 1280 00c4 00       		.byte	0
 1281 00c5 12       		.uleb128 0x12
 1282 00c6 05       		.uleb128 0x5
 1283 00c7 00       		.byte	0
 1284 00c8 49       		.uleb128 0x49
 1285 00c9 13       		.uleb128 0x13
 1286 00ca 00       		.byte	0
 1287 00cb 00       		.byte	0
 1288 00cc 13       		.uleb128 0x13
 1289 00cd 13       		.uleb128 0x13
 1290 00ce 01       		.byte	0x1
 1291 00cf 03       		.uleb128 0x3
 1292 00d0 0E       		.uleb128 0xe
 1293 00d1 0B       		.uleb128 0xb
 1294 00d2 0B       		.uleb128 0xb
 1295 00d3 3A       		.uleb128 0x3a
 1296 00d4 0B       		.uleb128 0xb
 1297 00d5 3B       		.uleb128 0x3b
 1298 00d6 05       		.uleb128 0x5
 1299 00d7 01       		.uleb128 0x1
 1300 00d8 13       		.uleb128 0x13
 1301 00d9 00       		.byte	0
 1302 00da 00       		.byte	0
 1303 00db 14       		.uleb128 0x14
 1304 00dc 26       		.uleb128 0x26
 1305 00dd 00       		.byte	0
 1306 00de 49       		.uleb128 0x49
 1307 00df 13       		.uleb128 0x13
 1308 00e0 00       		.byte	0
 1309 00e1 00       		.byte	0
 1310 00e2 15       		.uleb128 0x15
 1311 00e3 2E       		.uleb128 0x2e
 1312 00e4 00       		.byte	0
 1313 00e5 03       		.uleb128 0x3
 1314 00e6 0E       		.uleb128 0xe
 1315 00e7 3A       		.uleb128 0x3a
 1316 00e8 0B       		.uleb128 0xb
 1317 00e9 3B       		.uleb128 0x3b
 1318 00ea 0B       		.uleb128 0xb
 1319 00eb 27       		.uleb128 0x27
 1320 00ec 19       		.uleb128 0x19
 1321 00ed 20       		.uleb128 0x20
 1322 00ee 0B       		.uleb128 0xb
 1323 00ef 00       		.byte	0
 1324 00f0 00       		.byte	0
 1325 00f1 16       		.uleb128 0x16
 1326 00f2 2E       		.uleb128 0x2e
 1327 00f3 01       		.byte	0x1
 1328 00f4 3F       		.uleb128 0x3f
 1329 00f5 19       		.uleb128 0x19
 1330 00f6 03       		.uleb128 0x3
 1331 00f7 0E       		.uleb128 0xe
 1332 00f8 3A       		.uleb128 0x3a
 1333 00f9 0B       		.uleb128 0xb
ARM GAS  C:\Users\shizh\AppData\Local\Temp\ccKbuQut.s 			page 27


 1334 00fa 3B       		.uleb128 0x3b
 1335 00fb 0B       		.uleb128 0xb
 1336 00fc 27       		.uleb128 0x27
 1337 00fd 19       		.uleb128 0x19
 1338 00fe 49       		.uleb128 0x49
 1339 00ff 13       		.uleb128 0x13
 1340 0100 8701     		.uleb128 0x87
 1341 0102 19       		.uleb128 0x19
 1342 0103 11       		.uleb128 0x11
 1343 0104 01       		.uleb128 0x1
 1344 0105 12       		.uleb128 0x12
 1345 0106 06       		.uleb128 0x6
 1346 0107 40       		.uleb128 0x40
 1347 0108 18       		.uleb128 0x18
 1348 0109 9742     		.uleb128 0x2117
 1349 010b 19       		.uleb128 0x19
 1350 010c 01       		.uleb128 0x1
 1351 010d 13       		.uleb128 0x13
 1352 010e 00       		.byte	0
 1353 010f 00       		.byte	0
 1354 0110 17       		.uleb128 0x17
 1355 0111 1D       		.uleb128 0x1d
 1356 0112 00       		.byte	0
 1357 0113 31       		.uleb128 0x31
 1358 0114 13       		.uleb128 0x13
 1359 0115 11       		.uleb128 0x11
 1360 0116 01       		.uleb128 0x1
 1361 0117 12       		.uleb128 0x12
 1362 0118 06       		.uleb128 0x6
 1363 0119 58       		.uleb128 0x58
 1364 011a 0B       		.uleb128 0xb
 1365 011b 59       		.uleb128 0x59
 1366 011c 0B       		.uleb128 0xb
 1367 011d 00       		.byte	0
 1368 011e 00       		.byte	0
 1369 011f 18       		.uleb128 0x18
 1370 0120 898201   		.uleb128 0x4109
 1371 0123 01       		.byte	0x1
 1372 0124 11       		.uleb128 0x11
 1373 0125 01       		.uleb128 0x1
 1374 0126 31       		.uleb128 0x31
 1375 0127 13       		.uleb128 0x13
 1376 0128 00       		.byte	0
 1377 0129 00       		.byte	0
 1378 012a 19       		.uleb128 0x19
 1379 012b 8A8201   		.uleb128 0x410a
 1380 012e 00       		.byte	0
 1381 012f 02       		.uleb128 0x2
 1382 0130 18       		.uleb128 0x18
 1383 0131 9142     		.uleb128 0x2111
 1384 0133 18       		.uleb128 0x18
 1385 0134 00       		.byte	0
 1386 0135 00       		.byte	0
 1387 0136 1A       		.uleb128 0x1a
 1388 0137 34       		.uleb128 0x34
 1389 0138 00       		.byte	0
 1390 0139 03       		.uleb128 0x3
ARM GAS  C:\Users\shizh\AppData\Local\Temp\ccKbuQut.s 			page 28


 1391 013a 0E       		.uleb128 0xe
 1392 013b 3A       		.uleb128 0x3a
 1393 013c 0B       		.uleb128 0xb
 1394 013d 3B       		.uleb128 0x3b
 1395 013e 0B       		.uleb128 0xb
 1396 013f 49       		.uleb128 0x49
 1397 0140 13       		.uleb128 0x13
 1398 0141 3F       		.uleb128 0x3f
 1399 0142 19       		.uleb128 0x19
 1400 0143 3C       		.uleb128 0x3c
 1401 0144 19       		.uleb128 0x19
 1402 0145 00       		.byte	0
 1403 0146 00       		.byte	0
 1404 0147 1B       		.uleb128 0x1b
 1405 0148 34       		.uleb128 0x34
 1406 0149 00       		.byte	0
 1407 014a 03       		.uleb128 0x3
 1408 014b 0E       		.uleb128 0xe
 1409 014c 3A       		.uleb128 0x3a
 1410 014d 0B       		.uleb128 0xb
 1411 014e 3B       		.uleb128 0x3b
 1412 014f 05       		.uleb128 0x5
 1413 0150 49       		.uleb128 0x49
 1414 0151 13       		.uleb128 0x13
 1415 0152 3F       		.uleb128 0x3f
 1416 0153 19       		.uleb128 0x19
 1417 0154 3C       		.uleb128 0x3c
 1418 0155 19       		.uleb128 0x19
 1419 0156 00       		.byte	0
 1420 0157 00       		.byte	0
 1421 0158 1C       		.uleb128 0x1c
 1422 0159 2E       		.uleb128 0x2e
 1423 015a 00       		.byte	0
 1424 015b 3F       		.uleb128 0x3f
 1425 015c 19       		.uleb128 0x19
 1426 015d 3C       		.uleb128 0x3c
 1427 015e 19       		.uleb128 0x19
 1428 015f 6E       		.uleb128 0x6e
 1429 0160 0E       		.uleb128 0xe
 1430 0161 03       		.uleb128 0x3
 1431 0162 0E       		.uleb128 0xe
 1432 0163 3A       		.uleb128 0x3a
 1433 0164 0B       		.uleb128 0xb
 1434 0165 3B       		.uleb128 0x3b
 1435 0166 05       		.uleb128 0x5
 1436 0167 00       		.byte	0
 1437 0168 00       		.byte	0
 1438 0169 00       		.byte	0
 1439              		.section	.debug_aranges,"",%progbits
 1440 0000 1C000000 		.4byte	0x1c
 1441 0004 0200     		.2byte	0x2
 1442 0006 00000000 		.4byte	.Ldebug_info0
 1443 000a 04       		.byte	0x4
 1444 000b 00       		.byte	0
 1445 000c 0000     		.2byte	0
 1446 000e 0000     		.2byte	0
 1447 0010 00000000 		.4byte	.LFB446
ARM GAS  C:\Users\shizh\AppData\Local\Temp\ccKbuQut.s 			page 29


 1448 0014 10000000 		.4byte	.LFE446-.LFB446
 1449 0018 00000000 		.4byte	0
 1450 001c 00000000 		.4byte	0
 1451              		.section	.debug_ranges,"",%progbits
 1452              	.Ldebug_ranges0:
 1453 0000 00000000 		.4byte	.LFB446
 1454 0004 10000000 		.4byte	.LFE446
 1455 0008 00000000 		.4byte	0
 1456 000c 00000000 		.4byte	0
 1457              		.section	.debug_line,"",%progbits
 1458              	.Ldebug_line0:
 1459 0000 7B020000 		.section	.debug_str,"MS",%progbits,1
 1459      02005A02 
 1459      00000201 
 1459      FB0E0D00 
 1459      01010101 
 1460              	.LASF54:
 1461 0000 70726F74 		.ascii	"protBusMasterMask\000"
 1461      4275734D 
 1461      61737465 
 1461      724D6173 
 1461      6B00
 1462              	.LASF139:
 1463 0012 72784275 		.ascii	"rxBufSize\000"
 1463      6653697A 
 1463      6500
 1464              	.LASF64:
 1465 001c 666C6173 		.ascii	"flashCtlMainWs3Freq\000"
 1465      6843746C 
 1465      4D61696E 
 1465      57733346 
 1465      72657100 
 1466              	.LASF86:
 1467 0030 6770696F 		.ascii	"gpioPrtCfgInOffset\000"
 1467      50727443 
 1467      6667496E 
 1467      4F666673 
 1467      657400
 1468              	.LASF104:
 1469 0043 6970634C 		.ascii	"ipcLockStatusOffset\000"
 1469      6F636B53 
 1469      74617475 
 1469      734F6666 
 1469      73657400 
 1470              	.LASF30:
 1471 0057 63727970 		.ascii	"cryptoVersion\000"
 1471      746F5665 
 1471      7273696F 
 1471      6E00
 1472              	.LASF48:
 1473 0065 70657269 		.ascii	"periClockNr\000"
 1473      436C6F63 
 1473      6B4E7200 
 1474              	.LASF26:
 1475 0071 70617373 		.ascii	"passBase\000"
 1475      42617365 
 1475      00
ARM GAS  C:\Users\shizh\AppData\Local\Temp\ccKbuQut.s 			page 30


 1476              	.LASF158:
 1477 007a 6D61696E 		.ascii	"main_cm0p.c\000"
 1477      5F636D30 
 1477      702E6300 
 1478              	.LASF39:
 1479 0086 63707573 		.ascii	"cpussIpcIrqNr\000"
 1479      73497063 
 1479      4972714E 
 1479      7200
 1480              	.LASF3:
 1481 0094 5F5F7569 		.ascii	"__uint8_t\000"
 1481      6E74385F 
 1481      7400
 1482              	.LASF124:
 1483 009e 73617449 		.ascii	"satIntrMask\000"
 1483      6E74724D 
 1483      61736B00 
 1484              	.LASF83:
 1485 00aa 70657269 		.ascii	"periDiv24_5CtlOffset\000"
 1485      44697632 
 1485      345F3543 
 1485      746C4F66 
 1485      66736574 
 1486              	.LASF90:
 1487 00bf 63707573 		.ascii	"cpussCm4ClockCtlOffset\000"
 1487      73436D34 
 1487      436C6F63 
 1487      6B43746C 
 1487      4F666673 
 1488              	.LASF19:
 1489 00d6 63707573 		.ascii	"cpussBase\000"
 1489      73426173 
 1489      6500
 1490              	.LASF68:
 1491 00e0 64774368 		.ascii	"dwChCtlPrioPos\000"
 1491      43746C50 
 1491      72696F50 
 1491      6F7300
 1492              	.LASF155:
 1493 00ef 4144435F 		.ascii	"ADC_currentConfig\000"
 1493      63757272 
 1493      656E7443 
 1493      6F6E6669 
 1493      6700
 1494              	.LASF11:
 1495 0101 6C6F6E67 		.ascii	"long long unsigned int\000"
 1495      206C6F6E 
 1495      6720756E 
 1495      7369676E 
 1495      65642069 
 1496              	.LASF159:
 1497 0118 433A5C55 		.ascii	"C:\\Users\\shizh\\Desktop\\psoc\\PSoC6_UDB_I2C_Mast"
 1497      73657273 
 1497      5C736869 
 1497      7A685C44 
 1497      65736B74 
 1498 0146 65725C43 		.ascii	"er\\CY8CPROTO-063-BLE_Master.cydsn\000"
ARM GAS  C:\Users\shizh\AppData\Local\Temp\ccKbuQut.s 			page 31


 1498      59384350 
 1498      524F544F 
 1498      2D303633 
 1498      2D424C45 
 1499              	.LASF72:
 1500 0168 70657269 		.ascii	"periTrCmdOffset\000"
 1500      5472436D 
 1500      644F6666 
 1500      73657400 
 1501              	.LASF134:
 1502 0178 72785269 		.ascii	"rxRingBuf\000"
 1502      6E674275 
 1502      6600
 1503              	.LASF96:
 1504 0182 63707573 		.ascii	"cpussSysTickCtlOffset\000"
 1504      73537973 
 1504      5469636B 
 1504      43746C4F 
 1504      66667365 
 1505              	.LASF141:
 1506 0198 74784275 		.ascii	"txBuf\000"
 1506      6600
 1507              	.LASF57:
 1508 019e 666C6173 		.ascii	"flashPipeRequired\000"
 1508      68506970 
 1508      65526571 
 1508      75697265 
 1508      6400
 1509              	.LASF61:
 1510 01b0 666C6173 		.ascii	"flashCtlMainWs0Freq\000"
 1510      6843746C 
 1510      4D61696E 
 1510      57733046 
 1510      72657100 
 1511              	.LASF14:
 1512 01c4 696E7431 		.ascii	"int16_t\000"
 1512      365F7400 
 1513              	.LASF130:
 1514 01cc 63795F73 		.ascii	"cy_stc_sar_config_t\000"
 1514      74635F73 
 1514      61725F63 
 1514      6F6E6669 
 1514      675F7400 
 1515              	.LASF10:
 1516 01e0 6C6F6E67 		.ascii	"long long int\000"
 1516      206C6F6E 
 1516      6720696E 
 1516      7400
 1517              	.LASF2:
 1518 01ee 7369676E 		.ascii	"signed char\000"
 1518      65642063 
 1518      68617200 
 1519              	.LASF77:
 1520 01fa 70657269 		.ascii	"periDivCmdTypeSelPos\000"
 1520      44697643 
 1520      6D645479 
 1520      70655365 
ARM GAS  C:\Users\shizh\AppData\Local\Temp\ccKbuQut.s 			page 32


 1520      6C506F73 
 1521              	.LASF114:
 1522 020f 63795F65 		.ascii	"cy_en_sar_range_detect_condition_t\000"
 1522      6E5F7361 
 1522      725F7261 
 1522      6E67655F 
 1522      64657465 
 1523              	.LASF151:
 1524 0232 636C6B44 		.ascii	"clkDivider\000"
 1524      69766964 
 1524      657200
 1525              	.LASF23:
 1526 023d 70726F74 		.ascii	"protBase\000"
 1526      42617365 
 1526      00
 1527              	.LASF35:
 1528 0246 69706356 		.ascii	"ipcVersion\000"
 1528      65727369 
 1528      6F6E00
 1529              	.LASF97:
 1530 0251 63707573 		.ascii	"cpussCm0NmiCtlOffset\000"
 1530      73436D30 
 1530      4E6D6943 
 1530      746C4F66 
 1530      66736574 
 1531              	.LASF45:
 1532 0266 73727373 		.ascii	"srssNumClkpath\000"
 1532      4E756D43 
 1532      6C6B7061 
 1532      746800
 1533              	.LASF24:
 1534 0275 6873696F 		.ascii	"hsiomBase\000"
 1534      6D426173 
 1534      6500
 1535              	.LASF110:
 1536 027f 43595F53 		.ascii	"CY_SAR_RANGE_COND_BELOW\000"
 1536      41525F52 
 1536      414E4745 
 1536      5F434F4E 
 1536      445F4245 
 1537              	.LASF7:
 1538 0297 6C6F6E67 		.ascii	"long int\000"
 1538      20696E74 
 1538      00
 1539              	.LASF55:
 1540 02a0 63727970 		.ascii	"cryptoMemSize\000"
 1540      746F4D65 
 1540      6D53697A 
 1540      6500
 1541              	.LASF21:
 1542 02ae 70657269 		.ascii	"periBase\000"
 1542      42617365 
 1542      00
 1543              	.LASF53:
 1544 02b7 73797350 		.ascii	"sysPmSimoPresent\000"
 1544      6D53696D 
 1544      6F507265 
ARM GAS  C:\Users\shizh\AppData\Local\Temp\ccKbuQut.s 			page 33


 1544      73656E74 
 1544      00
 1545              	.LASF112:
 1546 02c8 43595F53 		.ascii	"CY_SAR_RANGE_COND_ABOVE\000"
 1546      41525F52 
 1546      414E4745 
 1546      5F434F4E 
 1546      445F4142 
 1547              	.LASF43:
 1548 02e0 63707573 		.ascii	"cpussFmIrq\000"
 1548      73466D49 
 1548      727100
 1549              	.LASF108:
 1550 02eb 646F7562 		.ascii	"double\000"
 1550      6C6500
 1551              	.LASF82:
 1552 02f2 70657269 		.ascii	"periDiv16_5CtlOffset\000"
 1552      44697631 
 1552      365F3543 
 1552      746C4F66 
 1552      66736574 
 1553              	.LASF46:
 1554 0307 73727373 		.ascii	"srssNumPll\000"
 1554      4E756D50 
 1554      6C6C00
 1555              	.LASF152:
 1556 0312 4144435F 		.ascii	"ADC_CONFIG_STRUCT\000"
 1556      434F4E46 
 1556      49475F53 
 1556      54525543 
 1556      5400
 1557              	.LASF162:
 1558 0324 6D61696E 		.ascii	"main\000"
 1558      00
 1559              	.LASF117:
 1560 0329 73616D70 		.ascii	"sampleTime01\000"
 1560      6C655469 
 1560      6D653031 
 1560      00
 1561              	.LASF6:
 1562 0336 73686F72 		.ascii	"short unsigned int\000"
 1562      7420756E 
 1562      7369676E 
 1562      65642069 
 1562      6E7400
 1563              	.LASF87:
 1564 0349 6770696F 		.ascii	"gpioPrtCfgOutOffset\000"
 1564      50727443 
 1564      66674F75 
 1564      744F6666 
 1564      73657400 
 1565              	.LASF20:
 1566 035d 666C6173 		.ascii	"flashcBase\000"
 1566      68634261 
 1566      736500
 1567              	.LASF8:
 1568 0368 5F5F7569 		.ascii	"__uint32_t\000"
ARM GAS  C:\Users\shizh\AppData\Local\Temp\ccKbuQut.s 			page 34


 1568      6E743332 
 1568      5F7400
 1569              	.LASF50:
 1570 0373 70617373 		.ascii	"passSarChannels\000"
 1570      53617243 
 1570      68616E6E 
 1570      656C7300 
 1571              	.LASF149:
 1572 0383 6877436F 		.ascii	"hwConfigStc\000"
 1572      6E666967 
 1572      53746300 
 1573              	.LASF4:
 1574 038f 5F5F696E 		.ascii	"__int16_t\000"
 1574      7431365F 
 1574      7400
 1575              	.LASF140:
 1576 0399 72784275 		.ascii	"rxBufIdx\000"
 1576      66496478 
 1576      00
 1577              	.LASF93:
 1578 03a2 63707573 		.ascii	"cpussCm4PwrCtlOffset\000"
 1578      73436D34 
 1578      50777243 
 1578      746C4F66 
 1578      66736574 
 1579              	.LASF142:
 1580 03b7 74784275 		.ascii	"txBufSize\000"
 1580      6653697A 
 1580      6500
 1581              	.LASF88:
 1582 03c1 6770696F 		.ascii	"gpioPrtCfgSioOffset\000"
 1582      50727443 
 1582      66675369 
 1582      6F4F6666 
 1582      73657400 
 1583              	.LASF40:
 1584 03d5 63707573 		.ascii	"cpussDwChNr\000"
 1584      73447743 
 1584      684E7200 
 1585              	.LASF12:
 1586 03e1 756E7369 		.ascii	"unsigned int\000"
 1586      676E6564 
 1586      20696E74 
 1586      00
 1587              	.LASF15:
 1588 03ee 75696E74 		.ascii	"uint16_t\000"
 1588      31365F74 
 1588      00
 1589              	.LASF73:
 1590 03f7 70657269 		.ascii	"periTrCmdGrSelMsk\000"
 1590      5472436D 
 1590      64477253 
 1590      656C4D73 
 1590      6B00
 1591              	.LASF62:
 1592 0409 666C6173 		.ascii	"flashCtlMainWs1Freq\000"
 1592      6843746C 
ARM GAS  C:\Users\shizh\AppData\Local\Temp\ccKbuQut.s 			page 35


 1592      4D61696E 
 1592      57733146 
 1592      72657100 
 1593              	.LASF9:
 1594 041d 6C6F6E67 		.ascii	"long unsigned int\000"
 1594      20756E73 
 1594      69676E65 
 1594      6420696E 
 1594      7400
 1595              	.LASF131:
 1596 042f 63795F63 		.ascii	"cy_cb_scb_uart_handle_events_t\000"
 1596      625F7363 
 1596      625F7561 
 1596      72745F68 
 1596      616E646C 
 1597              	.LASF154:
 1598 044e 55415254 		.ascii	"UART_context\000"
 1598      5F636F6E 
 1598      74657874 
 1598      00
 1599              	.LASF38:
 1600 045b 63707573 		.ascii	"cpussIpcNr\000"
 1600      73497063 
 1600      4E7200
 1601              	.LASF25:
 1602 0466 6770696F 		.ascii	"gpioBase\000"
 1602      42617365 
 1602      00
 1603              	.LASF63:
 1604 046f 666C6173 		.ascii	"flashCtlMainWs2Freq\000"
 1604      6843746C 
 1604      4D61696E 
 1604      57733246 
 1604      72657100 
 1605              	.LASF74:
 1606 0483 70657269 		.ascii	"periTrGrOffset\000"
 1606      54724772 
 1606      4F666673 
 1606      657400
 1607              	.LASF101:
 1608 0492 63707573 		.ascii	"cpussRam1Ctl0\000"
 1608      7352616D 
 1608      3143746C 
 1608      3000
 1609              	.LASF119:
 1610 04a0 72616E67 		.ascii	"rangeThres\000"
 1610      65546872 
 1610      657300
 1611              	.LASF144:
 1612 04ab 63624576 		.ascii	"cbEvents\000"
 1612      656E7473 
 1612      00
 1613              	.LASF75:
 1614 04b4 70657269 		.ascii	"periTrGrSize\000"
 1614      54724772 
 1614      53697A65 
 1614      00
ARM GAS  C:\Users\shizh\AppData\Local\Temp\ccKbuQut.s 			page 36


 1615              	.LASF163:
 1616 04c1 43795F53 		.ascii	"Cy_SysEnableCM4\000"
 1616      7973456E 
 1616      61626C65 
 1616      434D3400 
 1617              	.LASF33:
 1618 04d1 6770696F 		.ascii	"gpioVersion\000"
 1618      56657273 
 1618      696F6E00 
 1619              	.LASF148:
 1620 04dd 6E756D43 		.ascii	"numChannels\000"
 1620      68616E6E 
 1620      656C7300 
 1621              	.LASF105:
 1622 04e9 63795F73 		.ascii	"cy_stc_device_t\000"
 1622      74635F64 
 1622      65766963 
 1622      655F7400 
 1623              	.LASF122:
 1624 04f9 6368616E 		.ascii	"chanConfig\000"
 1624      436F6E66 
 1624      696700
 1625              	.LASF147:
 1626 0504 6368616E 		.ascii	"channelBase\000"
 1626      6E656C42 
 1626      61736500 
 1627              	.LASF51:
 1628 0510 65704D6F 		.ascii	"epMonitorNr\000"
 1628      6E69746F 
 1628      724E7200 
 1629              	.LASF136:
 1630 051c 72785269 		.ascii	"rxRingBufHead\000"
 1630      6E674275 
 1630      66486561 
 1630      6400
 1631              	.LASF94:
 1632 052a 63707573 		.ascii	"cpussTrimRamCtlOffset\000"
 1632      73547269 
 1632      6D52616D 
 1632      43746C4F 
 1632      66667365 
 1633              	.LASF89:
 1634 0540 63707573 		.ascii	"cpussCm0ClockCtlOffset\000"
 1634      73436D30 
 1634      436C6F63 
 1634      6B43746C 
 1634      4F666673 
 1635              	.LASF29:
 1636 0557 63707573 		.ascii	"cpussVersion\000"
 1636      73566572 
 1636      73696F6E 
 1636      00
 1637              	.LASF36:
 1638 0564 70657269 		.ascii	"periVersion\000"
 1638      56657273 
 1638      696F6E00 
 1639              	.LASF92:
ARM GAS  C:\Users\shizh\AppData\Local\Temp\ccKbuQut.s 			page 37


 1640 0570 63707573 		.ascii	"cpussCm0StatusOffset\000"
 1640      73436D30 
 1640      53746174 
 1640      75734F66 
 1640      66736574 
 1641              	.LASF17:
 1642 0585 73697A65 		.ascii	"sizetype\000"
 1642      74797065 
 1642      00
 1643              	.LASF66:
 1644 058e 64774368 		.ascii	"dwChOffset\000"
 1644      4F666673 
 1644      657400
 1645              	.LASF41:
 1646 0599 63707573 		.ascii	"cpussFlashPaSize\000"
 1646      73466C61 
 1646      73685061 
 1646      53697A65 
 1646      00
 1647              	.LASF118:
 1648 05aa 73616D70 		.ascii	"sampleTime23\000"
 1648      6C655469 
 1648      6D653233 
 1648      00
 1649              	.LASF79:
 1650 05b7 70657269 		.ascii	"periDivCmdPaTypeSelPos\000"
 1650      44697643 
 1650      6D645061 
 1650      54797065 
 1650      53656C50 
 1651              	.LASF102:
 1652 05ce 63707573 		.ascii	"cpussRam2Ctl0\000"
 1652      7352616D 
 1652      3243746C 
 1652      3000
 1653              	.LASF128:
 1654 05dc 636F6E66 		.ascii	"configRouting\000"
 1654      6967526F 
 1654      7574696E 
 1654      6700
 1655              	.LASF70:
 1656 05ea 64775374 		.ascii	"dwStatusChIdxPos\000"
 1656      61747573 
 1656      43684964 
 1656      78506F73 
 1656      00
 1657              	.LASF52:
 1658 05fb 75646250 		.ascii	"udbPresent\000"
 1658      72657365 
 1658      6E7400
 1659              	.LASF133:
 1660 0606 72785374 		.ascii	"rxStatus\000"
 1660      61747573 
 1660      00
 1661              	.LASF32:
 1662 060f 666C6173 		.ascii	"flashcVersion\000"
 1662      68635665 
ARM GAS  C:\Users\shizh\AppData\Local\Temp\ccKbuQut.s 			page 38


 1662      7273696F 
 1662      6E00
 1663              	.LASF28:
 1664 061d 63727970 		.ascii	"cryptoBase\000"
 1664      746F4261 
 1664      736500
 1665              	.LASF49:
 1666 0628 736D6966 		.ascii	"smifDeviceNr\000"
 1666      44657669 
 1666      63654E72 
 1666      00
 1667              	.LASF161:
 1668 0635 5F5F656E 		.ascii	"__enable_irq\000"
 1668      61626C65 
 1668      5F697271 
 1668      00
 1669              	.LASF125:
 1670 0642 72616E67 		.ascii	"rangeIntrMask\000"
 1670      65496E74 
 1670      724D6173 
 1670      6B00
 1671              	.LASF107:
 1672 0650 666C6F61 		.ascii	"float\000"
 1672      7400
 1673              	.LASF71:
 1674 0656 64775374 		.ascii	"dwStatusChIdxMsk\000"
 1674      61747573 
 1674      43684964 
 1674      784D736B 
 1674      00
 1675              	.LASF153:
 1676 0667 63795F64 		.ascii	"cy_device\000"
 1676      65766963 
 1676      6500
 1677              	.LASF99:
 1678 0671 63707573 		.ascii	"cpussRomCtl\000"
 1678      73526F6D 
 1678      43746C00 
 1679              	.LASF69:
 1680 067d 64774368 		.ascii	"dwChCtlPreemptablePos\000"
 1680      43746C50 
 1680      7265656D 
 1680      70746162 
 1680      6C65506F 
 1681              	.LASF143:
 1682 0693 74784C65 		.ascii	"txLeftToTransmit\000"
 1682      6674546F 
 1682      5472616E 
 1682      736D6974 
 1682      00
 1683              	.LASF121:
 1684 06a4 6368616E 		.ascii	"chanEn\000"
 1684      456E00
 1685              	.LASF22:
 1686 06ab 75646242 		.ascii	"udbBase\000"
 1686      61736500 
 1687              	.LASF111:
ARM GAS  C:\Users\shizh\AppData\Local\Temp\ccKbuQut.s 			page 39


 1688 06b3 43595F53 		.ascii	"CY_SAR_RANGE_COND_INSIDE\000"
 1688      41525F52 
 1688      414E4745 
 1688      5F434F4E 
 1688      445F494E 
 1689              	.LASF109:
 1690 06cc 5F426F6F 		.ascii	"_Bool\000"
 1690      6C00
 1691              	.LASF1:
 1692 06d2 756E7369 		.ascii	"unsigned char\000"
 1692      676E6564 
 1692      20636861 
 1692      7200
 1693              	.LASF65:
 1694 06e0 666C6173 		.ascii	"flashCtlMainWs4Freq\000"
 1694      6843746C 
 1694      4D61696E 
 1694      57733446 
 1694      72657100 
 1695              	.LASF0:
 1696 06f4 73686F72 		.ascii	"short int\000"
 1696      7420696E 
 1696      7400
 1697              	.LASF126:
 1698 06fe 6D757853 		.ascii	"muxSwitch\000"
 1698      77697463 
 1698      6800
 1699              	.LASF123:
 1700 0708 696E7472 		.ascii	"intrMask\000"
 1700      4D61736B 
 1700      00
 1701              	.LASF76:
 1702 0711 70657269 		.ascii	"periDivCmdDivSelMsk\000"
 1702      44697643 
 1702      6D644469 
 1702      7653656C 
 1702      4D736B00 
 1703              	.LASF47:
 1704 0725 73727373 		.ascii	"srssNumHfroot\000"
 1704      4E756D48 
 1704      66726F6F 
 1704      7400
 1705              	.LASF60:
 1706 0733 666C6173 		.ascii	"flashEraseDelay\000"
 1706      68457261 
 1706      73654465 
 1706      6C617900 
 1707              	.LASF80:
 1708 0743 70657269 		.ascii	"periDiv8CtlOffset\000"
 1708      44697638 
 1708      43746C4F 
 1708      66667365 
 1708      7400
 1709              	.LASF16:
 1710 0755 75696E74 		.ascii	"uint32_t\000"
 1710      33325F74 
 1710      00
ARM GAS  C:\Users\shizh\AppData\Local\Temp\ccKbuQut.s 			page 40


 1711              	.LASF98:
 1712 075e 63707573 		.ascii	"cpussCm4NmiCtlOffset\000"
 1712      73436D34 
 1712      4E6D6943 
 1712      746C4F66 
 1712      66736574 
 1713              	.LASF129:
 1714 0773 76726566 		.ascii	"vrefMvValue\000"
 1714      4D765661 
 1714      6C756500 
 1715              	.LASF157:
 1716 077f 474E5520 		.ascii	"GNU C11 5.4.1 20160609 (release) [ARM/embedded-5-br"
 1716      43313120 
 1716      352E342E 
 1716      31203230 
 1716      31363036 
 1717 07b2 616E6368 		.ascii	"anch revision 237715] -mcpu=cortex-m0plus -mthumb -"
 1717      20726576 
 1717      6973696F 
 1717      6E203233 
 1717      37373135 
 1718 07e5 67202D4F 		.ascii	"g -Og -ffunction-sections -ffat-lto-objects\000"
 1718      67202D66 
 1718      66756E63 
 1718      74696F6E 
 1718      2D736563 
 1719              	.LASF18:
 1720 0811 6C6F6E67 		.ascii	"long double\000"
 1720      20646F75 
 1720      626C6500 
 1721              	.LASF106:
 1722 081d 63686172 		.ascii	"char\000"
 1722      00
 1723              	.LASF37:
 1724 0822 70726F74 		.ascii	"protVersion\000"
 1724      56657273 
 1724      696F6E00 
 1725              	.LASF100:
 1726 082e 63707573 		.ascii	"cpussRam0Ctl0\000"
 1726      7352616D 
 1726      3043746C 
 1726      3000
 1727              	.LASF156:
 1728 083c 4144435F 		.ascii	"ADC_allConfigs\000"
 1728      616C6C43 
 1728      6F6E6669 
 1728      677300
 1729              	.LASF5:
 1730 084b 5F5F7569 		.ascii	"__uint16_t\000"
 1730      6E743136 
 1730      5F7400
 1731              	.LASF81:
 1732 0856 70657269 		.ascii	"periDiv16CtlOffset\000"
 1732      44697631 
 1732      3643746C 
 1732      4F666673 
 1732      657400
ARM GAS  C:\Users\shizh\AppData\Local\Temp\ccKbuQut.s 			page 41


 1733              	.LASF34:
 1734 0869 6873696F 		.ascii	"hsiomVersion\000"
 1734      6D566572 
 1734      73696F6E 
 1734      00
 1735              	.LASF59:
 1736 0876 666C6173 		.ascii	"flashProgramDelay\000"
 1736      6850726F 
 1736      6772616D 
 1736      44656C61 
 1736      7900
 1737              	.LASF115:
 1738 0888 6374726C 		.ascii	"ctrl\000"
 1738      00
 1739              	.LASF135:
 1740 088d 72785269 		.ascii	"rxRingBufSize\000"
 1740      6E674275 
 1740      6653697A 
 1740      6500
 1741              	.LASF150:
 1742 089b 6D697363 		.ascii	"miscConfig\000"
 1742      436F6E66 
 1742      696700
 1743              	.LASF67:
 1744 08a6 64774368 		.ascii	"dwChSize\000"
 1744      53697A65 
 1744      00
 1745              	.LASF103:
 1746 08af 69706353 		.ascii	"ipcStructSize\000"
 1746      74727563 
 1746      7453697A 
 1746      6500
 1747              	.LASF42:
 1748 08bd 63707573 		.ascii	"cpussIpc0Irq\000"
 1748      73497063 
 1748      30497271 
 1748      00
 1749              	.LASF85:
 1750 08ca 6770696F 		.ascii	"gpioPrtCfgOffset\000"
 1750      50727443 
 1750      66674F66 
 1750      66736574 
 1750      00
 1751              	.LASF145:
 1752 08db 696E6974 		.ascii	"initKey\000"
 1752      4B657900 
 1753              	.LASF138:
 1754 08e3 72784275 		.ascii	"rxBuf\000"
 1754      6600
 1755              	.LASF146:
 1756 08e9 63795F73 		.ascii	"cy_stc_scb_uart_context_t\000"
 1756      74635F73 
 1756      63625F75 
 1756      6172745F 
 1756      636F6E74 
 1757              	.LASF120:
 1758 0903 72616E67 		.ascii	"rangeCond\000"
ARM GAS  C:\Users\shizh\AppData\Local\Temp\ccKbuQut.s 			page 42


 1758      65436F6E 
 1758      6400
 1759              	.LASF44:
 1760 090d 63707573 		.ascii	"cpussNotConnectedIrq\000"
 1760      734E6F74 
 1760      436F6E6E 
 1760      65637465 
 1760      64497271 
 1761              	.LASF58:
 1762 0922 666C6173 		.ascii	"flashWriteDelay\000"
 1762      68577269 
 1762      74654465 
 1762      6C617900 
 1763              	.LASF116:
 1764 0932 73616D70 		.ascii	"sampleCtrl\000"
 1764      6C654374 
 1764      726C00
 1765              	.LASF13:
 1766 093d 75696E74 		.ascii	"uint8_t\000"
 1766      385F7400 
 1767              	.LASF91:
 1768 0945 63707573 		.ascii	"cpussCm4StatusOffset\000"
 1768      73436D34 
 1768      53746174 
 1768      75734F66 
 1768      66736574 
 1769              	.LASF84:
 1770 095a 6770696F 		.ascii	"gpioPrtIntrCfgOffset\000"
 1770      50727449 
 1770      6E747243 
 1770      66674F66 
 1770      66736574 
 1771              	.LASF113:
 1772 096f 43595F53 		.ascii	"CY_SAR_RANGE_COND_OUTSIDE\000"
 1772      41525F52 
 1772      414E4745 
 1772      5F434F4E 
 1772      445F4F55 
 1773              	.LASF137:
 1774 0989 72785269 		.ascii	"rxRingBufTail\000"
 1774      6E674275 
 1774      66546169 
 1774      6C00
 1775              	.LASF95:
 1776 0997 63707573 		.ascii	"cpussTrimRomCtlOffset\000"
 1776      73547269 
 1776      6D526F6D 
 1776      43746C4F 
 1776      66667365 
 1777              	.LASF132:
 1778 09ad 74785374 		.ascii	"txStatus\000"
 1778      61747573 
 1778      00
 1779              	.LASF127:
 1780 09b6 6D757853 		.ascii	"muxSwitchSqCtrl\000"
 1780      77697463 
 1780      68537143 
ARM GAS  C:\Users\shizh\AppData\Local\Temp\ccKbuQut.s 			page 43


 1780      74726C00 
 1781              	.LASF31:
 1782 09c6 64775665 		.ascii	"dwVersion\000"
 1782      7273696F 
 1782      6E00
 1783              	.LASF27:
 1784 09d0 69706342 		.ascii	"ipcBase\000"
 1784      61736500 
 1785              	.LASF78:
 1786 09d8 70657269 		.ascii	"periDivCmdPaDivSelPos\000"
 1786      44697643 
 1786      6D645061 
 1786      44697653 
 1786      656C506F 
 1787              	.LASF160:
 1788 09ee 63795F73 		.ascii	"cy_stc_scb_uart_context\000"
 1788      74635F73 
 1788      63625F75 
 1788      6172745F 
 1788      636F6E74 
 1789              	.LASF56:
 1790 0a06 666C6173 		.ascii	"flashRwwRequired\000"
 1790      68527777 
 1790      52657175 
 1790      69726564 
 1790      00
 1791              		.ident	"GCC: (GNU Tools for ARM Embedded Processors) 5.4.1 20160609 (release) [ARM/embedded-5-bran
