ARM GAS  C:\Users\15311\AppData\Local\Temp\ccomIlb0.s 			page 1


   1              		.syntax unified
   2              		.cpu cortex-m4
   3              		.eabi_attribute 27, 1
   4              		.fpu fpv4-sp-d16
   5              		.eabi_attribute 20, 1
   6              		.eabi_attribute 21, 1
   7              		.eabi_attribute 23, 3
   8              		.eabi_attribute 24, 1
   9              		.eabi_attribute 25, 1
  10              		.eabi_attribute 26, 1
  11              		.eabi_attribute 30, 1
  12              		.eabi_attribute 34, 1
  13              		.eabi_attribute 18, 4
  14              		.thumb
  15              		.syntax unified
  16              		.file	"cyfitter_sysint_cfg.c"
  17              		.text
  18              	.Ltext0:
  19              		.cfi_sections	.debug_frame
  20              		.global	UART_SCB_IRQ_cfg
  21              		.section	.rodata
  22              		.align	2
  23              		.type	UART_SCB_IRQ_cfg, %object
  24              		.size	UART_SCB_IRQ_cfg, 8
  25              	UART_SCB_IRQ_cfg:
  26 0000 2E00     		.short	46
  27 0002 0000     		.space	2
  28 0004 07000000 		.word	7
  29              		.text
  30              	.Letext0:
  31              		.file 1 "Generated_Source\\PSoC6\\pdl\\devices/psoc6/include/cy8c6347bzi_bld53.h"
  32              		.file 2 "c:\\program files (x86)\\cypress\\psoc creator\\4.4\\psoc creator\\import\\gnu\\arm\\5.4.
  33              		.file 3 "c:\\program files (x86)\\cypress\\psoc creator\\4.4\\psoc creator\\import\\gnu\\arm\\5.4.
  34              		.file 4 "Generated_Source\\PSoC6\\pdl\\drivers/peripheral/device/cy_device.h"
  35              		.file 5 "Generated_Source\\PSoC6\\pdl\\drivers/peripheral/sysint/cy_sysint.h"
  36              		.file 6 "Generated_Source\\PSoC6\\pdl\\cmsis/include/core_cm4.h"
  37              		.file 7 "Generated_Source\\PSoC6\\cyfitter_sysint_cfg.c"
  38              		.section	.debug_info,"",%progbits
  39              	.Ldebug_info0:
  40 0000 46090000 		.4byte	0x946
  41 0004 0400     		.2byte	0x4
  42 0006 00000000 		.4byte	.Ldebug_abbrev0
  43 000a 04       		.byte	0x4
  44 000b 01       		.uleb128 0x1
  45 000c BA030000 		.4byte	.LASF276
  46 0010 0C       		.byte	0xc
  47 0011 31140000 		.4byte	.LASF277
  48 0015 5E010000 		.4byte	.LASF278
  49 0019 00000000 		.4byte	.Ldebug_line0
  50 001d 02       		.uleb128 0x2
  51 001e 02       		.byte	0x2
  52 001f DE030000 		.4byte	0x3de
  53 0023 01       		.byte	0x1
  54 0024 24       		.byte	0x24
  55 0025 DE030000 		.4byte	0x3de
  56 0029 03       		.uleb128 0x3
  57 002a 47150000 		.4byte	.LASF0
ARM GAS  C:\Users\15311\AppData\Local\Temp\ccomIlb0.s 			page 2


  58 002e 71       		.sleb128 -15
  59 002f 03       		.uleb128 0x3
  60 0030 E4100000 		.4byte	.LASF1
  61 0034 72       		.sleb128 -14
  62 0035 03       		.uleb128 0x3
  63 0036 80150000 		.4byte	.LASF2
  64 003a 73       		.sleb128 -13
  65 003b 03       		.uleb128 0x3
  66 003c D7040000 		.4byte	.LASF3
  67 0040 74       		.sleb128 -12
  68 0041 03       		.uleb128 0x3
  69 0042 F70C0000 		.4byte	.LASF4
  70 0046 75       		.sleb128 -11
  71 0047 03       		.uleb128 0x3
  72 0048 E3130000 		.4byte	.LASF5
  73 004c 76       		.sleb128 -10
  74 004d 03       		.uleb128 0x3
  75 004e 29070000 		.4byte	.LASF6
  76 0052 7B       		.sleb128 -5
  77 0053 03       		.uleb128 0x3
  78 0054 D1130000 		.4byte	.LASF7
  79 0058 7C       		.sleb128 -4
  80 0059 03       		.uleb128 0x3
  81 005a AE030000 		.4byte	.LASF8
  82 005e 7E       		.sleb128 -2
  83 005f 03       		.uleb128 0x3
  84 0060 CE120000 		.4byte	.LASF9
  85 0064 7F       		.sleb128 -1
  86 0065 04       		.uleb128 0x4
  87 0066 8E160000 		.4byte	.LASF10
  88 006a 00       		.byte	0
  89 006b 04       		.uleb128 0x4
  90 006c 510E0000 		.4byte	.LASF11
  91 0070 01       		.byte	0x1
  92 0071 04       		.uleb128 0x4
  93 0072 7A020000 		.4byte	.LASF12
  94 0076 02       		.byte	0x2
  95 0077 04       		.uleb128 0x4
  96 0078 F8110000 		.4byte	.LASF13
  97 007c 03       		.byte	0x3
  98 007d 04       		.uleb128 0x4
  99 007e C9090000 		.4byte	.LASF14
 100 0082 04       		.byte	0x4
 101 0083 04       		.uleb128 0x4
 102 0084 08160000 		.4byte	.LASF15
 103 0088 05       		.byte	0x5
 104 0089 04       		.uleb128 0x4
 105 008a 930D0000 		.4byte	.LASF16
 106 008e 06       		.byte	0x6
 107 008f 04       		.uleb128 0x4
 108 0090 42050000 		.4byte	.LASF17
 109 0094 07       		.byte	0x7
 110 0095 04       		.uleb128 0x4
 111 0096 9E110000 		.4byte	.LASF18
 112 009a 08       		.byte	0x8
 113 009b 04       		.uleb128 0x4
 114 009c 5F090000 		.4byte	.LASF19
ARM GAS  C:\Users\15311\AppData\Local\Temp\ccomIlb0.s 			page 3


 115 00a0 09       		.byte	0x9
 116 00a1 04       		.uleb128 0x4
 117 00a2 E5090000 		.4byte	.LASF20
 118 00a6 0A       		.byte	0xa
 119 00a7 04       		.uleb128 0x4
 120 00a8 8E070000 		.4byte	.LASF21
 121 00ac 0B       		.byte	0xb
 122 00ad 04       		.uleb128 0x4
 123 00ae 66100000 		.4byte	.LASF22
 124 00b2 0C       		.byte	0xc
 125 00b3 04       		.uleb128 0x4
 126 00b4 5E050000 		.4byte	.LASF23
 127 00b8 0D       		.byte	0xd
 128 00b9 04       		.uleb128 0x4
 129 00ba 65110000 		.4byte	.LASF24
 130 00be 0E       		.byte	0xe
 131 00bf 04       		.uleb128 0x4
 132 00c0 24000000 		.4byte	.LASF25
 133 00c4 0F       		.byte	0xf
 134 00c5 04       		.uleb128 0x4
 135 00c6 08150000 		.4byte	.LASF26
 136 00ca 10       		.byte	0x10
 137 00cb 04       		.uleb128 0x4
 138 00cc FF0B0000 		.4byte	.LASF27
 139 00d0 11       		.byte	0x11
 140 00d1 04       		.uleb128 0x4
 141 00d2 C2040000 		.4byte	.LASF28
 142 00d6 12       		.byte	0x12
 143 00d7 04       		.uleb128 0x4
 144 00d8 CE0B0000 		.4byte	.LASF29
 145 00dc 13       		.byte	0x13
 146 00dd 04       		.uleb128 0x4
 147 00de 5E020000 		.4byte	.LASF30
 148 00e2 14       		.byte	0x14
 149 00e3 04       		.uleb128 0x4
 150 00e4 E9060000 		.4byte	.LASF31
 151 00e8 15       		.byte	0x15
 152 00e9 04       		.uleb128 0x4
 153 00ea 1F0A0000 		.4byte	.LASF32
 154 00ee 16       		.byte	0x16
 155 00ef 04       		.uleb128 0x4
 156 00f0 21020000 		.4byte	.LASF33
 157 00f4 17       		.byte	0x17
 158 00f5 04       		.uleb128 0x4
 159 00f6 83100000 		.4byte	.LASF34
 160 00fa 18       		.byte	0x18
 161 00fb 04       		.uleb128 0x4
 162 00fc 6F0C0000 		.4byte	.LASF35
 163 0100 19       		.byte	0x19
 164 0101 04       		.uleb128 0x4
 165 0102 B1000000 		.4byte	.LASF36
 166 0106 1A       		.byte	0x1a
 167 0107 04       		.uleb128 0x4
 168 0108 25080000 		.4byte	.LASF37
 169 010c 1B       		.byte	0x1b
 170 010d 04       		.uleb128 0x4
 171 010e 52170000 		.4byte	.LASF38
ARM GAS  C:\Users\15311\AppData\Local\Temp\ccomIlb0.s 			page 4


 172 0112 1C       		.byte	0x1c
 173 0113 04       		.uleb128 0x4
 174 0114 98140000 		.4byte	.LASF39
 175 0118 1D       		.byte	0x1d
 176 0119 04       		.uleb128 0x4
 177 011a 150C0000 		.4byte	.LASF40
 178 011e 1E       		.byte	0x1e
 179 011f 04       		.uleb128 0x4
 180 0120 82110000 		.4byte	.LASF41
 181 0124 1F       		.byte	0x1f
 182 0125 04       		.uleb128 0x4
 183 0126 D30F0000 		.4byte	.LASF42
 184 012a 20       		.byte	0x20
 185 012b 04       		.uleb128 0x4
 186 012c AB070000 		.4byte	.LASF43
 187 0130 21       		.byte	0x21
 188 0131 04       		.uleb128 0x4
 189 0132 24160000 		.4byte	.LASF44
 190 0136 22       		.byte	0x22
 191 0137 04       		.uleb128 0x4
 192 0138 020B0000 		.4byte	.LASF45
 193 013c 23       		.byte	0x23
 194 013d 04       		.uleb128 0x4
 195 013e BC010000 		.4byte	.LASF46
 196 0142 24       		.byte	0x24
 197 0143 04       		.uleb128 0x4
 198 0144 48110000 		.4byte	.LASF47
 199 0148 25       		.byte	0x25
 200 0149 04       		.uleb128 0x4
 201 014a BF060000 		.4byte	.LASF48
 202 014e 26       		.byte	0x26
 203 014f 04       		.uleb128 0x4
 204 0150 2A150000 		.4byte	.LASF49
 205 0154 27       		.byte	0x27
 206 0155 04       		.uleb128 0x4
 207 0156 BA0C0000 		.4byte	.LASF50
 208 015a 28       		.byte	0x28
 209 015b 04       		.uleb128 0x4
 210 015c 35070000 		.4byte	.LASF51
 211 0160 29       		.byte	0x29
 212 0161 04       		.uleb128 0x4
 213 0162 630D0000 		.4byte	.LASF52
 214 0166 2A       		.byte	0x2a
 215 0167 04       		.uleb128 0x4
 216 0168 E3110000 		.4byte	.LASF53
 217 016c 2B       		.byte	0x2b
 218 016d 04       		.uleb128 0x4
 219 016e CD000000 		.4byte	.LASF54
 220 0172 2C       		.byte	0x2c
 221 0173 04       		.uleb128 0x4
 222 0174 EC050000 		.4byte	.LASF55
 223 0178 2D       		.byte	0x2d
 224 0179 04       		.uleb128 0x4
 225 017a A50C0000 		.4byte	.LASF56
 226 017e 2E       		.byte	0x2e
 227 017f 04       		.uleb128 0x4
 228 0180 33110000 		.4byte	.LASF57
ARM GAS  C:\Users\15311\AppData\Local\Temp\ccomIlb0.s 			page 5


 229 0184 2F       		.byte	0x2f
 230 0185 04       		.uleb128 0x4
 231 0186 6E170000 		.4byte	.LASF58
 232 018a 30       		.byte	0x30
 233 018b 04       		.uleb128 0x4
 234 018c 64070000 		.4byte	.LASF59
 235 0190 31       		.byte	0x31
 236 0191 04       		.uleb128 0x4
 237 0192 78120000 		.4byte	.LASF60
 238 0196 32       		.byte	0x32
 239 0197 04       		.uleb128 0x4
 240 0198 7D0A0000 		.4byte	.LASF61
 241 019c 33       		.byte	0x33
 242 019d 04       		.uleb128 0x4
 243 019e 24010000 		.4byte	.LASF62
 244 01a2 34       		.byte	0x34
 245 01a3 04       		.uleb128 0x4
 246 01a4 270E0000 		.4byte	.LASF63
 247 01a8 35       		.byte	0x35
 248 01a9 04       		.uleb128 0x4
 249 01aa 4A130000 		.4byte	.LASF64
 250 01ae 36       		.byte	0x36
 251 01af 04       		.uleb128 0x4
 252 01b0 C4140000 		.4byte	.LASF65
 253 01b4 37       		.byte	0x37
 254 01b5 04       		.uleb128 0x4
 255 01b6 AD090000 		.4byte	.LASF66
 256 01ba 38       		.byte	0x38
 257 01bb 04       		.uleb128 0x4
 258 01bc 90000000 		.4byte	.LASF67
 259 01c0 39       		.byte	0x39
 260 01c1 04       		.uleb128 0x4
 261 01c2 4A100000 		.4byte	.LASF68
 262 01c6 3A       		.byte	0x3a
 263 01c7 04       		.uleb128 0x4
 264 01c8 0B0E0000 		.4byte	.LASF69
 265 01cc 3B       		.byte	0x3b
 266 01cd 04       		.uleb128 0x4
 267 01ce 27090000 		.4byte	.LASF70
 268 01d2 3C       		.byte	0x3c
 269 01d3 04       		.uleb128 0x4
 270 01d4 AA160000 		.4byte	.LASF71
 271 01d8 3D       		.byte	0x3d
 272 01d9 04       		.uleb128 0x4
 273 01da 6D0E0000 		.4byte	.LASF72
 274 01de 3E       		.byte	0x3e
 275 01df 04       		.uleb128 0x4
 276 01e0 AB020000 		.4byte	.LASF73
 277 01e4 3F       		.byte	0x3f
 278 01e5 04       		.uleb128 0x4
 279 01e6 14120000 		.4byte	.LASF74
 280 01ea 40       		.byte	0x40
 281 01eb 04       		.uleb128 0x4
 282 01ec 020A0000 		.4byte	.LASF75
 283 01f0 41       		.byte	0x41
 284 01f1 04       		.uleb128 0x4
 285 01f2 78030000 		.4byte	.LASF76
ARM GAS  C:\Users\15311\AppData\Local\Temp\ccomIlb0.s 			page 6


 286 01f6 42       		.byte	0x42
 287 01f7 04       		.uleb128 0x4
 288 01f8 E8120000 		.4byte	.LASF77
 289 01fc 43       		.byte	0x43
 290 01fd 04       		.uleb128 0x4
 291 01fe BF0A0000 		.4byte	.LASF78
 292 0202 44       		.byte	0x44
 293 0203 04       		.uleb128 0x4
 294 0204 DB160000 		.4byte	.LASF79
 295 0208 45       		.byte	0x45
 296 0209 04       		.uleb128 0x4
 297 020a 8A0E0000 		.4byte	.LASF80
 298 020e 46       		.byte	0x46
 299 020f 04       		.uleb128 0x4
 300 0210 0C060000 		.4byte	.LASF81
 301 0214 47       		.byte	0x47
 302 0215 04       		.uleb128 0x4
 303 0216 41120000 		.4byte	.LASF82
 304 021a 48       		.byte	0x48
 305 021b 04       		.uleb128 0x4
 306 021c 440A0000 		.4byte	.LASF83
 307 0220 49       		.byte	0x49
 308 0221 04       		.uleb128 0x4
 309 0222 E2000000 		.4byte	.LASF84
 310 0226 4A       		.byte	0x4a
 311 0227 04       		.uleb128 0x4
 312 0228 EF0D0000 		.4byte	.LASF85
 313 022c 4B       		.byte	0x4b
 314 022d 04       		.uleb128 0x4
 315 022e A60E0000 		.4byte	.LASF86
 316 0232 4C       		.byte	0x4c
 317 0233 04       		.uleb128 0x4
 318 0234 3B060000 		.4byte	.LASF87
 319 0238 4D       		.byte	0x4d
 320 0239 04       		.uleb128 0x4
 321 023a EB140000 		.4byte	.LASF88
 322 023e 4E       		.byte	0x4e
 323 023f 04       		.uleb128 0x4
 324 0240 600A0000 		.4byte	.LASF89
 325 0244 4F       		.byte	0x4f
 326 0245 04       		.uleb128 0x4
 327 0246 FE000000 		.4byte	.LASF90
 328 024a 50       		.byte	0x50
 329 024b 04       		.uleb128 0x4
 330 024c A1100000 		.4byte	.LASF91
 331 0250 51       		.byte	0x51
 332 0251 04       		.uleb128 0x4
 333 0252 C7070000 		.4byte	.LASF92
 334 0256 52       		.byte	0x52
 335 0257 04       		.uleb128 0x4
 336 0258 4C160000 		.4byte	.LASF93
 337 025c 53       		.byte	0x53
 338 025d 04       		.uleb128 0x4
 339 025e 11170000 		.4byte	.LASF94
 340 0262 54       		.byte	0x54
 341 0263 04       		.uleb128 0x4
 342 0264 1F0B0000 		.4byte	.LASF95
ARM GAS  C:\Users\15311\AppData\Local\Temp\ccomIlb0.s 			page 7


 343 0268 55       		.byte	0x55
 344 0269 04       		.uleb128 0x4
 345 026a CF0D0000 		.4byte	.LASF96
 346 026e 56       		.byte	0x56
 347 026f 04       		.uleb128 0x4
 348 0270 A6050000 		.4byte	.LASF97
 349 0274 57       		.byte	0x57
 350 0275 04       		.uleb128 0x4
 351 0276 83170000 		.4byte	.LASF98
 352 027a 58       		.byte	0x58
 353 027b 04       		.uleb128 0x4
 354 027c 5E0F0000 		.4byte	.LASF99
 355 0280 59       		.byte	0x59
 356 0281 04       		.uleb128 0x4
 357 0282 2D170000 		.4byte	.LASF100
 358 0286 5A       		.byte	0x5a
 359 0287 04       		.uleb128 0x4
 360 0288 8B0C0000 		.4byte	.LASF101
 361 028c 5B       		.byte	0x5b
 362 028d 04       		.uleb128 0x4
 363 028e 94030000 		.4byte	.LASF102
 364 0292 5C       		.byte	0x5c
 365 0293 04       		.uleb128 0x4
 366 0294 24130000 		.4byte	.LASF103
 367 0298 5D       		.byte	0x5d
 368 0299 04       		.uleb128 0x4
 369 029a 41080000 		.4byte	.LASF104
 370 029e 5E       		.byte	0x5e
 371 029f 04       		.uleb128 0x4
 372 02a0 F7160000 		.4byte	.LASF105
 373 02a4 5F       		.byte	0x5f
 374 02a5 04       		.uleb128 0x4
 375 02a6 C30E0000 		.4byte	.LASF106
 376 02aa 60       		.byte	0x60
 377 02ab 04       		.uleb128 0x4
 378 02ac 2C030000 		.4byte	.LASF107
 379 02b0 61       		.byte	0x61
 380 02b1 04       		.uleb128 0x4
 381 02b2 F3130000 		.4byte	.LASF108
 382 02b6 62       		.byte	0x62
 383 02b7 04       		.uleb128 0x4
 384 02b8 DC080000 		.4byte	.LASF109
 385 02bc 63       		.byte	0x63
 386 02bd 04       		.uleb128 0x4
 387 02be A3170000 		.4byte	.LASF110
 388 02c2 64       		.byte	0x64
 389 02c3 04       		.uleb128 0x4
 390 02c4 7E0F0000 		.4byte	.LASF111
 391 02c8 65       		.byte	0x65
 392 02c9 04       		.uleb128 0x4
 393 02ca 4A070000 		.4byte	.LASF112
 394 02ce 66       		.byte	0x66
 395 02cf 04       		.uleb128 0x4
 396 02d0 7E130000 		.4byte	.LASF113
 397 02d4 67       		.byte	0x67
 398 02d5 04       		.uleb128 0x4
 399 02d6 370B0000 		.4byte	.LASF114
ARM GAS  C:\Users\15311\AppData\Local\Temp\ccomIlb0.s 			page 8


 400 02da 68       		.byte	0x68
 401 02db 04       		.uleb128 0x4
 402 02dc FD010000 		.4byte	.LASF115
 403 02e0 69       		.byte	0x69
 404 02e1 04       		.uleb128 0x4
 405 02e2 010F0000 		.4byte	.LASF116
 406 02e6 6A       		.byte	0x6a
 407 02e7 04       		.uleb128 0x4
 408 02e8 04070000 		.4byte	.LASF117
 409 02ec 6B       		.byte	0x6b
 410 02ed 04       		.uleb128 0x4
 411 02ee ED150000 		.4byte	.LASF118
 412 02f2 6C       		.byte	0x6c
 413 02f3 04       		.uleb128 0x4
 414 02f4 780D0000 		.4byte	.LASF119
 415 02f8 6D       		.byte	0x6d
 416 02f9 04       		.uleb128 0x4
 417 02fa 27050000 		.4byte	.LASF120
 418 02fe 6E       		.byte	0x6e
 419 02ff 04       		.uleb128 0x4
 420 0300 7D140000 		.4byte	.LASF121
 421 0304 6F       		.byte	0x6f
 422 0305 04       		.uleb128 0x4
 423 0306 44090000 		.4byte	.LASF122
 424 030a 70       		.byte	0x70
 425 030b 04       		.uleb128 0x4
 426 030c 3D000000 		.4byte	.LASF123
 427 0310 71       		.byte	0x71
 428 0311 04       		.uleb128 0x4
 429 0312 B80F0000 		.4byte	.LASF124
 430 0316 72       		.byte	0x72
 431 0317 04       		.uleb128 0x4
 432 0318 ED040000 		.4byte	.LASF125
 433 031c 73       		.byte	0x73
 434 031d 04       		.uleb128 0x4
 435 031e B6130000 		.4byte	.LASF126
 436 0322 74       		.byte	0x74
 437 0323 04       		.uleb128 0x4
 438 0324 970B0000 		.4byte	.LASF127
 439 0328 75       		.byte	0x75
 440 0329 04       		.uleb128 0x4
 441 032a F8100000 		.4byte	.LASF128
 442 032e 76       		.byte	0x76
 443 032f 04       		.uleb128 0x4
 444 0330 ED020000 		.4byte	.LASF129
 445 0334 77       		.byte	0x77
 446 0335 04       		.uleb128 0x4
 447 0336 5D120000 		.4byte	.LASF130
 448 033a 78       		.byte	0x78
 449 033b 04       		.uleb128 0x4
 450 033c D2020000 		.4byte	.LASF131
 451 0340 79       		.byte	0x79
 452 0341 04       		.uleb128 0x4
 453 0342 B3150000 		.4byte	.LASF132
 454 0346 7A       		.byte	0x7a
 455 0347 04       		.uleb128 0x4
 456 0348 2B0D0000 		.4byte	.LASF133
ARM GAS  C:\Users\15311\AppData\Local\Temp\ccomIlb0.s 			page 9


 457 034c 7B       		.byte	0x7b
 458 034d 04       		.uleb128 0x4
 459 034e 08050000 		.4byte	.LASF134
 460 0352 7C       		.byte	0x7c
 461 0353 04       		.uleb128 0x4
 462 0354 0D140000 		.4byte	.LASF135
 463 0358 7D       		.byte	0x7d
 464 0359 04       		.uleb128 0x4
 465 035a F6080000 		.4byte	.LASF136
 466 035e 7E       		.byte	0x7e
 467 035f 04       		.uleb128 0x4
 468 0360 EF0F0000 		.4byte	.LASF137
 469 0364 7F       		.byte	0x7f
 470 0365 04       		.uleb128 0x4
 471 0366 980F0000 		.4byte	.LASF138
 472 036a 80       		.byte	0x80
 473 036b 04       		.uleb128 0x4
 474 036c AC040000 		.4byte	.LASF139
 475 0370 81       		.byte	0x81
 476 0371 04       		.uleb128 0x4
 477 0372 98130000 		.4byte	.LASF140
 478 0376 82       		.byte	0x82
 479 0377 04       		.uleb128 0x4
 480 0378 510B0000 		.4byte	.LASF141
 481 037c 83       		.byte	0x83
 482 037d 04       		.uleb128 0x4
 483 037e 62000000 		.4byte	.LASF142
 484 0382 84       		.byte	0x84
 485 0383 04       		.uleb128 0x4
 486 0384 0E080000 		.4byte	.LASF143
 487 0388 85       		.byte	0x85
 488 0389 04       		.uleb128 0x4
 489 038a B7120000 		.4byte	.LASF144
 490 038e 86       		.byte	0x86
 491 038f 04       		.uleb128 0x4
 492 0390 780B0000 		.4byte	.LASF145
 493 0394 87       		.byte	0x87
 494 0395 04       		.uleb128 0x4
 495 0396 08030000 		.4byte	.LASF146
 496 039a 88       		.byte	0x88
 497 039b 04       		.uleb128 0x4
 498 039c 7B050000 		.4byte	.LASF147
 499 03a0 89       		.byte	0x89
 500 03a1 04       		.uleb128 0x4
 501 03a2 9B150000 		.4byte	.LASF148
 502 03a6 8A       		.byte	0x8a
 503 03a7 04       		.uleb128 0x4
 504 03a8 9F080000 		.4byte	.LASF149
 505 03ac 8B       		.byte	0x8b
 506 03ad 04       		.uleb128 0x4
 507 03ae 0C090000 		.4byte	.LASF150
 508 03b2 8C       		.byte	0x8c
 509 03b3 04       		.uleb128 0x4
 510 03b4 77070000 		.4byte	.LASF151
 511 03b8 8D       		.byte	0x8d
 512 03b9 04       		.uleb128 0x4
 513 03ba CF110000 		.4byte	.LASF152
ARM GAS  C:\Users\15311\AppData\Local\Temp\ccomIlb0.s 			page 10


 514 03be 8E       		.byte	0x8e
 515 03bf 04       		.uleb128 0x4
 516 03c0 4D0D0000 		.4byte	.LASF153
 517 03c4 8F       		.byte	0x8f
 518 03c5 04       		.uleb128 0x4
 519 03c6 58060000 		.4byte	.LASF154
 520 03ca 90       		.byte	0x90
 521 03cb 04       		.uleb128 0x4
 522 03cc EC0A0000 		.4byte	.LASF155
 523 03d0 91       		.byte	0x91
 524 03d1 04       		.uleb128 0x4
 525 03d2 C3080000 		.4byte	.LASF156
 526 03d6 92       		.byte	0x92
 527 03d7 04       		.uleb128 0x4
 528 03d8 AE0A0000 		.4byte	.LASF157
 529 03dc F0       		.byte	0xf0
 530 03dd 00       		.byte	0
 531 03de 05       		.uleb128 0x5
 532 03df 02       		.byte	0x2
 533 03e0 05       		.byte	0x5
 534 03e1 C8020000 		.4byte	.LASF158
 535 03e5 06       		.uleb128 0x6
 536 03e6 F9070000 		.4byte	.LASF160
 537 03ea 01       		.byte	0x1
 538 03eb F4       		.byte	0xf4
 539 03ec 1D000000 		.4byte	0x1d
 540 03f0 05       		.uleb128 0x5
 541 03f1 01       		.byte	0x1
 542 03f2 06       		.byte	0x6
 543 03f3 8F150000 		.4byte	.LASF159
 544 03f7 06       		.uleb128 0x6
 545 03f8 20150000 		.4byte	.LASF161
 546 03fc 02       		.byte	0x2
 547 03fd 1D       		.byte	0x1d
 548 03fe 02040000 		.4byte	0x402
 549 0402 05       		.uleb128 0x5
 550 0403 01       		.byte	0x1
 551 0404 08       		.byte	0x8
 552 0405 23140000 		.4byte	.LASF162
 553 0409 06       		.uleb128 0x6
 554 040a D70C0000 		.4byte	.LASF163
 555 040e 02       		.byte	0x2
 556 040f 29       		.byte	0x29
 557 0410 DE030000 		.4byte	0x3de
 558 0414 06       		.uleb128 0x6
 559 0415 1E070000 		.4byte	.LASF164
 560 0419 02       		.byte	0x2
 561 041a 2B       		.byte	0x2b
 562 041b 1F040000 		.4byte	0x41f
 563 041f 05       		.uleb128 0x5
 564 0420 02       		.byte	0x2
 565 0421 07       		.byte	0x7
 566 0422 1B0F0000 		.4byte	.LASF165
 567 0426 06       		.uleb128 0x6
 568 0427 17020000 		.4byte	.LASF166
 569 042b 02       		.byte	0x2
 570 042c 3F       		.byte	0x3f
ARM GAS  C:\Users\15311\AppData\Local\Temp\ccomIlb0.s 			page 11


 571 042d 31040000 		.4byte	0x431
 572 0431 05       		.uleb128 0x5
 573 0432 04       		.byte	0x4
 574 0433 05       		.byte	0x5
 575 0434 98100000 		.4byte	.LASF167
 576 0438 06       		.uleb128 0x6
 577 0439 5E140000 		.4byte	.LASF168
 578 043d 02       		.byte	0x2
 579 043e 41       		.byte	0x41
 580 043f 43040000 		.4byte	0x443
 581 0443 05       		.uleb128 0x5
 582 0444 04       		.byte	0x4
 583 0445 07       		.byte	0x7
 584 0446 12130000 		.4byte	.LASF169
 585 044a 05       		.uleb128 0x5
 586 044b 08       		.byte	0x8
 587 044c 05       		.byte	0x5
 588 044d 3F0C0000 		.4byte	.LASF170
 589 0451 05       		.uleb128 0x5
 590 0452 08       		.byte	0x8
 591 0453 07       		.byte	0x7
 592 0454 7F060000 		.4byte	.LASF171
 593 0458 07       		.uleb128 0x7
 594 0459 04       		.byte	0x4
 595 045a 05       		.byte	0x5
 596 045b 696E7400 		.ascii	"int\000"
 597 045f 05       		.uleb128 0x5
 598 0460 04       		.byte	0x4
 599 0461 07       		.byte	0x7
 600 0462 AF010000 		.4byte	.LASF172
 601 0466 06       		.uleb128 0x6
 602 0467 8F0B0000 		.4byte	.LASF173
 603 046b 03       		.byte	0x3
 604 046c 18       		.byte	0x18
 605 046d F7030000 		.4byte	0x3f7
 606 0471 06       		.uleb128 0x6
 607 0472 79040000 		.4byte	.LASF174
 608 0476 03       		.byte	0x3
 609 0477 20       		.byte	0x20
 610 0478 09040000 		.4byte	0x409
 611 047c 06       		.uleb128 0x6
 612 047d 3A0F0000 		.4byte	.LASF175
 613 0481 03       		.byte	0x3
 614 0482 24       		.byte	0x24
 615 0483 14040000 		.4byte	0x414
 616 0487 06       		.uleb128 0x6
 617 0488 66130000 		.4byte	.LASF176
 618 048c 03       		.byte	0x3
 619 048d 2C       		.byte	0x2c
 620 048e 26040000 		.4byte	0x426
 621 0492 06       		.uleb128 0x6
 622 0493 1E050000 		.4byte	.LASF177
 623 0497 03       		.byte	0x3
 624 0498 30       		.byte	0x30
 625 0499 38040000 		.4byte	0x438
 626 049d 05       		.uleb128 0x5
 627 049e 04       		.byte	0x4
ARM GAS  C:\Users\15311\AppData\Local\Temp\ccomIlb0.s 			page 12


 628 049f 07       		.byte	0x7
 629 04a0 05100000 		.4byte	.LASF178
 630 04a4 05       		.uleb128 0x5
 631 04a5 08       		.byte	0x8
 632 04a6 04       		.byte	0x4
 633 04a7 2E0F0000 		.4byte	.LASF179
 634 04ab 08       		.uleb128 0x8
 635 04ac B8       		.byte	0xb8
 636 04ad 04       		.byte	0x4
 637 04ae 34       		.byte	0x34
 638 04af BC080000 		.4byte	0x8bc
 639 04b3 09       		.uleb128 0x9
 640 04b4 49020000 		.4byte	.LASF180
 641 04b8 04       		.byte	0x4
 642 04b9 37       		.byte	0x37
 643 04ba 92040000 		.4byte	0x492
 644 04be 00       		.byte	0
 645 04bf 09       		.uleb128 0x9
 646 04c0 01060000 		.4byte	.LASF181
 647 04c4 04       		.byte	0x4
 648 04c5 38       		.byte	0x38
 649 04c6 92040000 		.4byte	0x492
 650 04ca 04       		.byte	0x4
 651 04cb 09       		.uleb128 0x9
 652 04cc 1B010000 		.4byte	.LASF182
 653 04d0 04       		.byte	0x4
 654 04d1 39       		.byte	0x39
 655 04d2 92040000 		.4byte	0x492
 656 04d6 08       		.byte	0x8
 657 04d7 09       		.uleb128 0x9
 658 04d8 AE130000 		.4byte	.LASF183
 659 04dc 04       		.byte	0x4
 660 04dd 3A       		.byte	0x3a
 661 04de 92040000 		.4byte	0x492
 662 04e2 0C       		.byte	0xc
 663 04e3 09       		.uleb128 0x9
 664 04e4 430F0000 		.4byte	.LASF184
 665 04e8 04       		.byte	0x4
 666 04e9 3B       		.byte	0x3b
 667 04ea 92040000 		.4byte	0x492
 668 04ee 10       		.byte	0x10
 669 04ef 09       		.uleb128 0x9
 670 04f0 ED0C0000 		.4byte	.LASF185
 671 04f4 04       		.byte	0x4
 672 04f5 3C       		.byte	0x3c
 673 04f6 92040000 		.4byte	0x492
 674 04fa 14       		.byte	0x14
 675 04fb 09       		.uleb128 0x9
 676 04fc BA080000 		.4byte	.LASF186
 677 0500 04       		.byte	0x4
 678 0501 3D       		.byte	0x3d
 679 0502 92040000 		.4byte	0x492
 680 0506 18       		.byte	0x18
 681 0507 09       		.uleb128 0x9
 682 0508 71160000 		.4byte	.LASF187
 683 050c 04       		.byte	0x4
 684 050d 3E       		.byte	0x3e
ARM GAS  C:\Users\15311\AppData\Local\Temp\ccomIlb0.s 			page 13


 685 050e 92040000 		.4byte	0x492
 686 0512 1C       		.byte	0x1c
 687 0513 09       		.uleb128 0x9
 688 0514 4D0C0000 		.4byte	.LASF188
 689 0518 04       		.byte	0x4
 690 0519 3F       		.byte	0x3f
 691 051a 92040000 		.4byte	0x492
 692 051e 20       		.byte	0x20
 693 051f 09       		.uleb128 0x9
 694 0520 640C0000 		.4byte	.LASF189
 695 0524 04       		.byte	0x4
 696 0525 40       		.byte	0x40
 697 0526 92040000 		.4byte	0x492
 698 052a 24       		.byte	0x24
 699 052b 09       		.uleb128 0x9
 700 052c BE100000 		.4byte	.LASF190
 701 0530 04       		.byte	0x4
 702 0531 43       		.byte	0x43
 703 0532 66040000 		.4byte	0x466
 704 0536 28       		.byte	0x28
 705 0537 09       		.uleb128 0x9
 706 0538 CC050000 		.4byte	.LASF191
 707 053c 04       		.byte	0x4
 708 053d 44       		.byte	0x44
 709 053e 66040000 		.4byte	0x466
 710 0542 29       		.byte	0x29
 711 0543 09       		.uleb128 0x9
 712 0544 AE0F0000 		.4byte	.LASF192
 713 0548 04       		.byte	0x4
 714 0549 45       		.byte	0x45
 715 054a 66040000 		.4byte	0x466
 716 054e 2A       		.byte	0x2a
 717 054f 09       		.uleb128 0x9
 718 0550 13110000 		.4byte	.LASF193
 719 0554 04       		.byte	0x4
 720 0555 46       		.byte	0x46
 721 0556 66040000 		.4byte	0x466
 722 055a 2B       		.byte	0x2b
 723 055b 09       		.uleb128 0x9
 724 055c D8100000 		.4byte	.LASF194
 725 0560 04       		.byte	0x4
 726 0561 47       		.byte	0x47
 727 0562 66040000 		.4byte	0x466
 728 0566 2C       		.byte	0x2c
 729 0567 09       		.uleb128 0x9
 730 0568 DB120000 		.4byte	.LASF195
 731 056c 04       		.byte	0x4
 732 056d 48       		.byte	0x48
 733 056e 66040000 		.4byte	0x466
 734 0572 2D       		.byte	0x2d
 735 0573 09       		.uleb128 0x9
 736 0574 47170000 		.4byte	.LASF196
 737 0578 04       		.byte	0x4
 738 0579 49       		.byte	0x49
 739 057a 66040000 		.4byte	0x466
 740 057e 2E       		.byte	0x2e
 741 057f 09       		.uleb128 0x9
ARM GAS  C:\Users\15311\AppData\Local\Temp\ccomIlb0.s 			page 14


 742 0580 40160000 		.4byte	.LASF197
 743 0584 04       		.byte	0x4
 744 0585 4A       		.byte	0x4a
 745 0586 66040000 		.4byte	0x466
 746 058a 2F       		.byte	0x2f
 747 058b 09       		.uleb128 0x9
 748 058c 6D040000 		.4byte	.LASF198
 749 0590 04       		.byte	0x4
 750 0591 4B       		.byte	0x4b
 751 0592 66040000 		.4byte	0x466
 752 0596 30       		.byte	0x30
 753 0597 09       		.uleb128 0x9
 754 0598 AF0D0000 		.4byte	.LASF199
 755 059c 04       		.byte	0x4
 756 059d 4E       		.byte	0x4e
 757 059e 66040000 		.4byte	0x466
 758 05a2 31       		.byte	0x31
 759 05a3 09       		.uleb128 0x9
 760 05a4 C9150000 		.4byte	.LASF200
 761 05a8 04       		.byte	0x4
 762 05a9 4F       		.byte	0x4f
 763 05aa 66040000 		.4byte	0x466
 764 05ae 32       		.byte	0x32
 765 05af 09       		.uleb128 0x9
 766 05b0 410D0000 		.4byte	.LASF201
 767 05b4 04       		.byte	0x4
 768 05b5 50       		.byte	0x50
 769 05b6 66040000 		.4byte	0x466
 770 05ba 33       		.byte	0x33
 771 05bb 09       		.uleb128 0x9
 772 05bc 330A0000 		.4byte	.LASF202
 773 05c0 04       		.byte	0x4
 774 05c1 51       		.byte	0x51
 775 05c2 66040000 		.4byte	0x466
 776 05c6 34       		.byte	0x34
 777 05c7 09       		.uleb128 0x9
 778 05c8 DC060000 		.4byte	.LASF203
 779 05cc 04       		.byte	0x4
 780 05cd 52       		.byte	0x52
 781 05ce 71040000 		.4byte	0x471
 782 05d2 36       		.byte	0x36
 783 05d3 09       		.uleb128 0x9
 784 05d4 53020000 		.4byte	.LASF204
 785 05d8 04       		.byte	0x4
 786 05d9 53       		.byte	0x53
 787 05da 71040000 		.4byte	0x471
 788 05de 38       		.byte	0x38
 789 05df 09       		.uleb128 0x9
 790 05e0 96020000 		.4byte	.LASF205
 791 05e4 04       		.byte	0x4
 792 05e5 54       		.byte	0x54
 793 05e6 71040000 		.4byte	0x471
 794 05ea 3A       		.byte	0x3a
 795 05eb 09       		.uleb128 0x9
 796 05ec 3A020000 		.4byte	.LASF206
 797 05f0 04       		.byte	0x4
 798 05f1 55       		.byte	0x55
ARM GAS  C:\Users\15311\AppData\Local\Temp\ccomIlb0.s 			page 15


 799 05f2 66040000 		.4byte	0x466
 800 05f6 3C       		.byte	0x3c
 801 05f7 09       		.uleb128 0x9
 802 05f8 03080000 		.4byte	.LASF207
 803 05fc 04       		.byte	0x4
 804 05fd 56       		.byte	0x56
 805 05fe 66040000 		.4byte	0x466
 806 0602 3D       		.byte	0x3d
 807 0603 09       		.uleb128 0x9
 808 0604 7D080000 		.4byte	.LASF208
 809 0608 04       		.byte	0x4
 810 0609 57       		.byte	0x57
 811 060a 66040000 		.4byte	0x466
 812 060e 3E       		.byte	0x3e
 813 060f 09       		.uleb128 0x9
 814 0610 E10C0000 		.4byte	.LASF209
 815 0614 04       		.byte	0x4
 816 0615 58       		.byte	0x58
 817 0616 66040000 		.4byte	0x466
 818 061a 3F       		.byte	0x3f
 819 061b 09       		.uleb128 0x9
 820 061c D9010000 		.4byte	.LASF210
 821 0620 04       		.byte	0x4
 822 0621 59       		.byte	0x59
 823 0622 66040000 		.4byte	0x466
 824 0626 40       		.byte	0x40
 825 0627 09       		.uleb128 0x9
 826 0628 31120000 		.4byte	.LASF211
 827 062c 04       		.byte	0x4
 828 062d 5A       		.byte	0x5a
 829 062e 66040000 		.4byte	0x466
 830 0632 41       		.byte	0x41
 831 0633 09       		.uleb128 0x9
 832 0634 74150000 		.4byte	.LASF212
 833 0638 04       		.byte	0x4
 834 0639 5B       		.byte	0x5b
 835 063a 66040000 		.4byte	0x466
 836 063e 42       		.byte	0x42
 837 063f 09       		.uleb128 0x9
 838 0640 91090000 		.4byte	.LASF213
 839 0644 04       		.byte	0x4
 840 0645 5C       		.byte	0x5c
 841 0646 66040000 		.4byte	0x466
 842 064a 43       		.byte	0x43
 843 064b 09       		.uleb128 0x9
 844 064c DB0A0000 		.4byte	.LASF214
 845 0650 04       		.byte	0x4
 846 0651 5D       		.byte	0x5d
 847 0652 66040000 		.4byte	0x466
 848 0656 44       		.byte	0x44
 849 0657 09       		.uleb128 0x9
 850 0658 21110000 		.4byte	.LASF215
 851 065c 04       		.byte	0x4
 852 065d 5E       		.byte	0x5e
 853 065e 92040000 		.4byte	0x492
 854 0662 48       		.byte	0x48
 855 0663 09       		.uleb128 0x9
ARM GAS  C:\Users\15311\AppData\Local\Temp\ccomIlb0.s 			page 16


 856 0664 5C030000 		.4byte	.LASF216
 857 0668 04       		.byte	0x4
 858 0669 5F       		.byte	0x5f
 859 066a 92040000 		.4byte	0x492
 860 066e 4C       		.byte	0x4c
 861 066f 09       		.uleb128 0x9
 862 0670 52150000 		.4byte	.LASF217
 863 0674 04       		.byte	0x4
 864 0675 60       		.byte	0x60
 865 0676 66040000 		.4byte	0x466
 866 067a 50       		.byte	0x50
 867 067b 09       		.uleb128 0x9
 868 067c 5B080000 		.4byte	.LASF218
 869 0680 04       		.byte	0x4
 870 0681 61       		.byte	0x61
 871 0682 66040000 		.4byte	0x466
 872 0686 51       		.byte	0x51
 873 0687 09       		.uleb128 0x9
 874 0688 6F060000 		.4byte	.LASF219
 875 068c 04       		.byte	0x4
 876 068d 62       		.byte	0x62
 877 068e 66040000 		.4byte	0x466
 878 0692 52       		.byte	0x52
 879 0693 09       		.uleb128 0x9
 880 0694 DA050000 		.4byte	.LASF220
 881 0698 04       		.byte	0x4
 882 0699 63       		.byte	0x63
 883 069a 66040000 		.4byte	0x466
 884 069e 53       		.byte	0x53
 885 069f 09       		.uleb128 0x9
 886 06a0 B4140000 		.4byte	.LASF221
 887 06a4 04       		.byte	0x4
 888 06a5 64       		.byte	0x64
 889 06a6 66040000 		.4byte	0x466
 890 06aa 54       		.byte	0x54
 891 06ab 09       		.uleb128 0x9
 892 06ac 8B080000 		.4byte	.LASF222
 893 06b0 04       		.byte	0x4
 894 06b1 65       		.byte	0x65
 895 06b2 66040000 		.4byte	0x466
 896 06b6 55       		.byte	0x55
 897 06b7 09       		.uleb128 0x9
 898 06b8 00000000 		.4byte	.LASF223
 899 06bc 04       		.byte	0x4
 900 06bd 66       		.byte	0x66
 901 06be 66040000 		.4byte	0x466
 902 06c2 56       		.byte	0x56
 903 06c3 09       		.uleb128 0x9
 904 06c4 7A160000 		.4byte	.LASF224
 905 06c8 04       		.byte	0x4
 906 06c9 67       		.byte	0x67
 907 06ca 66040000 		.4byte	0x466
 908 06ce 57       		.byte	0x57
 909 06cf 09       		.uleb128 0x9
 910 06d0 E5070000 		.4byte	.LASF225
 911 06d4 04       		.byte	0x4
 912 06d5 68       		.byte	0x68
ARM GAS  C:\Users\15311\AppData\Local\Temp\ccomIlb0.s 			page 17


 913 06d6 66040000 		.4byte	0x466
 914 06da 58       		.byte	0x58
 915 06db 09       		.uleb128 0x9
 916 06dc C7160000 		.4byte	.LASF226
 917 06e0 04       		.byte	0x4
 918 06e1 69       		.byte	0x69
 919 06e2 66040000 		.4byte	0x466
 920 06e6 59       		.byte	0x59
 921 06e7 09       		.uleb128 0x9
 922 06e8 E0140000 		.4byte	.LASF227
 923 06ec 04       		.byte	0x4
 924 06ed 6E       		.byte	0x6e
 925 06ee 7C040000 		.4byte	0x47c
 926 06f2 5A       		.byte	0x5a
 927 06f3 09       		.uleb128 0x9
 928 06f4 55010000 		.4byte	.LASF228
 929 06f8 04       		.byte	0x4
 930 06f9 6F       		.byte	0x6f
 931 06fa 7C040000 		.4byte	0x47c
 932 06fe 5C       		.byte	0x5c
 933 06ff 09       		.uleb128 0x9
 934 0700 550C0000 		.4byte	.LASF229
 935 0704 04       		.byte	0x4
 936 0705 70       		.byte	0x70
 937 0706 66040000 		.4byte	0x466
 938 070a 5E       		.byte	0x5e
 939 070b 09       		.uleb128 0x9
 940 070c D7150000 		.4byte	.LASF230
 941 0710 04       		.byte	0x4
 942 0711 71       		.byte	0x71
 943 0712 66040000 		.4byte	0x466
 944 0716 5F       		.byte	0x5f
 945 0717 09       		.uleb128 0x9
 946 0718 9C090000 		.4byte	.LASF231
 947 071c 04       		.byte	0x4
 948 071d 72       		.byte	0x72
 949 071e 66040000 		.4byte	0x466
 950 0722 60       		.byte	0x60
 951 0723 09       		.uleb128 0x9
 952 0724 670B0000 		.4byte	.LASF232
 953 0728 04       		.byte	0x4
 954 0729 73       		.byte	0x73
 955 072a 92040000 		.4byte	0x492
 956 072e 64       		.byte	0x64
 957 072f 09       		.uleb128 0x9
 958 0730 6D080000 		.4byte	.LASF233
 959 0734 04       		.byte	0x4
 960 0735 76       		.byte	0x76
 961 0736 7C040000 		.4byte	0x47c
 962 073a 68       		.byte	0x68
 963 073b 09       		.uleb128 0x9
 964 073c 4C0F0000 		.4byte	.LASF234
 965 0740 04       		.byte	0x4
 966 0741 77       		.byte	0x77
 967 0742 7C040000 		.4byte	0x47c
 968 0746 6A       		.byte	0x6a
 969 0747 09       		.uleb128 0x9
ARM GAS  C:\Users\15311\AppData\Local\Temp\ccomIlb0.s 			page 18


 970 0748 1C0D0000 		.4byte	.LASF235
 971 074c 04       		.byte	0x4
 972 074d 78       		.byte	0x78
 973 074e 7C040000 		.4byte	0x47c
 974 0752 6C       		.byte	0x6c
 975 0753 09       		.uleb128 0x9
 976 0754 1F030000 		.4byte	.LASF236
 977 0758 04       		.byte	0x4
 978 0759 79       		.byte	0x79
 979 075a 7C040000 		.4byte	0x47c
 980 075e 6E       		.byte	0x6e
 981 075f 09       		.uleb128 0x9
 982 0760 BA0B0000 		.4byte	.LASF237
 983 0764 04       		.byte	0x4
 984 0765 7B       		.byte	0x7b
 985 0766 66040000 		.4byte	0x466
 986 076a 70       		.byte	0x70
 987 076b 09       		.uleb128 0x9
 988 076c 81040000 		.4byte	.LASF238
 989 0770 04       		.byte	0x4
 990 0771 7C       		.byte	0x7c
 991 0772 66040000 		.4byte	0x466
 992 0776 71       		.byte	0x71
 993 0777 09       		.uleb128 0x9
 994 0778 46030000 		.4byte	.LASF239
 995 077c 04       		.byte	0x4
 996 077d 7D       		.byte	0x7d
 997 077e 66040000 		.4byte	0x466
 998 0782 72       		.byte	0x72
 999 0783 09       		.uleb128 0x9
 1000 0784 E6010000 		.4byte	.LASF240
 1001 0788 04       		.byte	0x4
 1002 0789 7E       		.byte	0x7e
 1003 078a 66040000 		.4byte	0x466
 1004 078e 73       		.byte	0x73
 1005 078f 09       		.uleb128 0x9
 1006 0790 38100000 		.4byte	.LASF241
 1007 0794 04       		.byte	0x4
 1008 0795 80       		.byte	0x80
 1009 0796 7C040000 		.4byte	0x47c
 1010 079a 74       		.byte	0x74
 1011 079b 09       		.uleb128 0x9
 1012 079c EE0E0000 		.4byte	.LASF242
 1013 07a0 04       		.byte	0x4
 1014 07a1 81       		.byte	0x81
 1015 07a2 7C040000 		.4byte	0x47c
 1016 07a6 76       		.byte	0x76
 1017 07a7 09       		.uleb128 0x9
 1018 07a8 990A0000 		.4byte	.LASF243
 1019 07ac 04       		.byte	0x4
 1020 07ad 82       		.byte	0x82
 1021 07ae 7C040000 		.4byte	0x47c
 1022 07b2 78       		.byte	0x78
 1023 07b3 09       		.uleb128 0x9
 1024 07b4 96060000 		.4byte	.LASF244
 1025 07b8 04       		.byte	0x4
 1026 07b9 83       		.byte	0x83
ARM GAS  C:\Users\15311\AppData\Local\Temp\ccomIlb0.s 			page 19


 1027 07ba 7C040000 		.4byte	0x47c
 1028 07be 7A       		.byte	0x7a
 1029 07bf 09       		.uleb128 0x9
 1030 07c0 EA0B0000 		.4byte	.LASF245
 1031 07c4 04       		.byte	0x4
 1032 07c5 86       		.byte	0x86
 1033 07c6 66040000 		.4byte	0x466
 1034 07ca 7C       		.byte	0x7c
 1035 07cb 09       		.uleb128 0x9
 1036 07cc 63150000 		.4byte	.LASF246
 1037 07d0 04       		.byte	0x4
 1038 07d1 87       		.byte	0x87
 1039 07d2 66040000 		.4byte	0x466
 1040 07d6 7D       		.byte	0x7d
 1041 07d7 09       		.uleb128 0x9
 1042 07d8 28060000 		.4byte	.LASF247
 1043 07dc 04       		.byte	0x4
 1044 07dd 88       		.byte	0x88
 1045 07de 66040000 		.4byte	0x466
 1046 07e2 7E       		.byte	0x7e
 1047 07e3 09       		.uleb128 0x9
 1048 07e4 92050000 		.4byte	.LASF248
 1049 07e8 04       		.byte	0x4
 1050 07e9 89       		.byte	0x89
 1051 07ea 66040000 		.4byte	0x466
 1052 07ee 7F       		.byte	0x7f
 1053 07ef 09       		.uleb128 0x9
 1054 07f0 AB060000 		.4byte	.LASF249
 1055 07f4 04       		.byte	0x4
 1056 07f5 8A       		.byte	0x8a
 1057 07f6 66040000 		.4byte	0x466
 1058 07fa 80       		.byte	0x80
 1059 07fb 09       		.uleb128 0x9
 1060 07fc 79000000 		.4byte	.LASF250
 1061 0800 04       		.byte	0x4
 1062 0801 8D       		.byte	0x8d
 1063 0802 92040000 		.4byte	0x492
 1064 0806 84       		.byte	0x84
 1065 0807 09       		.uleb128 0x9
 1066 0808 050D0000 		.4byte	.LASF251
 1067 080c 04       		.byte	0x4
 1068 080d 8E       		.byte	0x8e
 1069 080e 92040000 		.4byte	0x492
 1070 0812 88       		.byte	0x88
 1071 0813 09       		.uleb128 0x9
 1072 0814 BA0D0000 		.4byte	.LASF252
 1073 0818 04       		.byte	0x4
 1074 0819 8F       		.byte	0x8f
 1075 081a 92040000 		.4byte	0x492
 1076 081e 8C       		.byte	0x8c
 1077 081f 09       		.uleb128 0x9
 1078 0820 23100000 		.4byte	.LASF253
 1079 0824 04       		.byte	0x4
 1080 0825 90       		.byte	0x90
 1081 0826 92040000 		.4byte	0x492
 1082 082a 90       		.byte	0x90
 1083 082b 09       		.uleb128 0x9
ARM GAS  C:\Users\15311\AppData\Local\Temp\ccomIlb0.s 			page 20


 1084 082c BA110000 		.4byte	.LASF254
 1085 0830 04       		.byte	0x4
 1086 0831 91       		.byte	0x91
 1087 0832 92040000 		.4byte	0x492
 1088 0836 94       		.byte	0x94
 1089 0837 09       		.uleb128 0x9
 1090 0838 96040000 		.4byte	.LASF255
 1091 083c 04       		.byte	0x4
 1092 083d 92       		.byte	0x92
 1093 083e 92040000 		.4byte	0x492
 1094 0842 98       		.byte	0x98
 1095 0843 09       		.uleb128 0x9
 1096 0844 94120000 		.4byte	.LASF256
 1097 0848 04       		.byte	0x4
 1098 0849 93       		.byte	0x93
 1099 084a 92040000 		.4byte	0x492
 1100 084e 9C       		.byte	0x9c
 1101 084f 09       		.uleb128 0x9
 1102 0850 7B090000 		.4byte	.LASF257
 1103 0854 04       		.byte	0x4
 1104 0855 94       		.byte	0x94
 1105 0856 92040000 		.4byte	0x492
 1106 085a A0       		.byte	0xa0
 1107 085b 09       		.uleb128 0x9
 1108 085c 40010000 		.4byte	.LASF258
 1109 0860 04       		.byte	0x4
 1110 0861 95       		.byte	0x95
 1111 0862 7C040000 		.4byte	0x47c
 1112 0866 A4       		.byte	0xa4
 1113 0867 09       		.uleb128 0x9
 1114 0868 0E100000 		.4byte	.LASF259
 1115 086c 04       		.byte	0x4
 1116 086d 96       		.byte	0x96
 1117 086e 7C040000 		.4byte	0x47c
 1118 0872 A6       		.byte	0xa6
 1119 0873 09       		.uleb128 0x9
 1120 0874 3E130000 		.4byte	.LASF260
 1121 0878 04       		.byte	0x4
 1122 0879 97       		.byte	0x97
 1123 087a 7C040000 		.4byte	0x47c
 1124 087e A8       		.byte	0xa8
 1125 087f 09       		.uleb128 0x9
 1126 0880 310C0000 		.4byte	.LASF261
 1127 0884 04       		.byte	0x4
 1128 0885 98       		.byte	0x98
 1129 0886 7C040000 		.4byte	0x47c
 1130 088a AA       		.byte	0xaa
 1131 088b 09       		.uleb128 0x9
 1132 088c 6A030000 		.4byte	.LASF262
 1133 0890 04       		.byte	0x4
 1134 0891 99       		.byte	0x99
 1135 0892 7C040000 		.4byte	0x47c
 1136 0896 AC       		.byte	0xac
 1137 0897 09       		.uleb128 0x9
 1138 0898 430E0000 		.4byte	.LASF263
 1139 089c 04       		.byte	0x4
 1140 089d 9A       		.byte	0x9a
ARM GAS  C:\Users\15311\AppData\Local\Temp\ccomIlb0.s 			page 21


 1141 089e 7C040000 		.4byte	0x47c
 1142 08a2 AE       		.byte	0xae
 1143 08a3 09       		.uleb128 0x9
 1144 08a4 04130000 		.4byte	.LASF264
 1145 08a8 04       		.byte	0x4
 1146 08a9 9D       		.byte	0x9d
 1147 08aa 7C040000 		.4byte	0x47c
 1148 08ae B0       		.byte	0xb0
 1149 08af 09       		.uleb128 0x9
 1150 08b0 69140000 		.4byte	.LASF265
 1151 08b4 04       		.byte	0x4
 1152 08b5 9E       		.byte	0x9e
 1153 08b6 92040000 		.4byte	0x492
 1154 08ba B4       		.byte	0xb4
 1155 08bb 00       		.byte	0
 1156 08bc 06       		.uleb128 0x6
 1157 08bd 6E130000 		.4byte	.LASF266
 1158 08c1 04       		.byte	0x4
 1159 08c2 9F       		.byte	0x9f
 1160 08c3 AB040000 		.4byte	0x4ab
 1161 08c7 05       		.uleb128 0x5
 1162 08c8 01       		.byte	0x1
 1163 08c9 08       		.byte	0x8
 1164 08ca AC000000 		.4byte	.LASF267
 1165 08ce 05       		.uleb128 0x5
 1166 08cf 04       		.byte	0x4
 1167 08d0 04       		.byte	0x4
 1168 08d1 C6050000 		.4byte	.LASF268
 1169 08d5 05       		.uleb128 0x5
 1170 08d6 08       		.byte	0x8
 1171 08d7 04       		.byte	0x4
 1172 08d8 6A160000 		.4byte	.LASF269
 1173 08dc 0A       		.uleb128 0xa
 1174 08dd 08       		.byte	0x8
 1175 08de 05       		.byte	0x5
 1176 08df 2D01     		.2byte	0x12d
 1177 08e1 00090000 		.4byte	0x900
 1178 08e5 0B       		.uleb128 0xb
 1179 08e6 B20B0000 		.4byte	.LASF270
 1180 08ea 05       		.byte	0x5
 1181 08eb 2E01     		.2byte	0x12e
 1182 08ed E5030000 		.4byte	0x3e5
 1183 08f1 00       		.byte	0
 1184 08f2 0B       		.uleb128 0xb
 1185 08f3 AA120000 		.4byte	.LASF271
 1186 08f7 05       		.byte	0x5
 1187 08f8 3201     		.2byte	0x132
 1188 08fa 92040000 		.4byte	0x492
 1189 08fe 04       		.byte	0x4
 1190 08ff 00       		.byte	0
 1191 0900 0C       		.uleb128 0xc
 1192 0901 14000000 		.4byte	.LASF272
 1193 0905 05       		.byte	0x5
 1194 0906 3301     		.2byte	0x133
 1195 0908 DC080000 		.4byte	0x8dc
 1196 090c 0D       		.uleb128 0xd
 1197 090d CB100000 		.4byte	.LASF273
ARM GAS  C:\Users\15311\AppData\Local\Temp\ccomIlb0.s 			page 22


 1198 0911 06       		.byte	0x6
 1199 0912 F907     		.2byte	0x7f9
 1200 0914 18090000 		.4byte	0x918
 1201 0918 0E       		.uleb128 0xe
 1202 0919 87040000 		.4byte	0x487
 1203 091d 0F       		.uleb128 0xf
 1204 091e 58000000 		.4byte	.LASF274
 1205 0922 04       		.byte	0x4
 1206 0923 A7       		.byte	0xa7
 1207 0924 28090000 		.4byte	0x928
 1208 0928 10       		.uleb128 0x10
 1209 0929 04       		.byte	0x4
 1210 092a 2E090000 		.4byte	0x92e
 1211 092e 11       		.uleb128 0x11
 1212 092f BC080000 		.4byte	0x8bc
 1213 0933 12       		.uleb128 0x12
 1214 0934 DD0E0000 		.4byte	.LASF275
 1215 0938 07       		.byte	0x7
 1216 0939 18       		.byte	0x18
 1217 093a 44090000 		.4byte	0x944
 1218 093e 05       		.uleb128 0x5
 1219 093f 03       		.byte	0x3
 1220 0940 00000000 		.4byte	UART_SCB_IRQ_cfg
 1221 0944 11       		.uleb128 0x11
 1222 0945 00090000 		.4byte	0x900
 1223 0949 00       		.byte	0
 1224              		.section	.debug_abbrev,"",%progbits
 1225              	.Ldebug_abbrev0:
 1226 0000 01       		.uleb128 0x1
 1227 0001 11       		.uleb128 0x11
 1228 0002 01       		.byte	0x1
 1229 0003 25       		.uleb128 0x25
 1230 0004 0E       		.uleb128 0xe
 1231 0005 13       		.uleb128 0x13
 1232 0006 0B       		.uleb128 0xb
 1233 0007 03       		.uleb128 0x3
 1234 0008 0E       		.uleb128 0xe
 1235 0009 1B       		.uleb128 0x1b
 1236 000a 0E       		.uleb128 0xe
 1237 000b 10       		.uleb128 0x10
 1238 000c 17       		.uleb128 0x17
 1239 000d 00       		.byte	0
 1240 000e 00       		.byte	0
 1241 000f 02       		.uleb128 0x2
 1242 0010 04       		.uleb128 0x4
 1243 0011 01       		.byte	0x1
 1244 0012 0B       		.uleb128 0xb
 1245 0013 0B       		.uleb128 0xb
 1246 0014 49       		.uleb128 0x49
 1247 0015 13       		.uleb128 0x13
 1248 0016 3A       		.uleb128 0x3a
 1249 0017 0B       		.uleb128 0xb
 1250 0018 3B       		.uleb128 0x3b
 1251 0019 0B       		.uleb128 0xb
 1252 001a 01       		.uleb128 0x1
 1253 001b 13       		.uleb128 0x13
 1254 001c 00       		.byte	0
ARM GAS  C:\Users\15311\AppData\Local\Temp\ccomIlb0.s 			page 23


 1255 001d 00       		.byte	0
 1256 001e 03       		.uleb128 0x3
 1257 001f 28       		.uleb128 0x28
 1258 0020 00       		.byte	0
 1259 0021 03       		.uleb128 0x3
 1260 0022 0E       		.uleb128 0xe
 1261 0023 1C       		.uleb128 0x1c
 1262 0024 0D       		.uleb128 0xd
 1263 0025 00       		.byte	0
 1264 0026 00       		.byte	0
 1265 0027 04       		.uleb128 0x4
 1266 0028 28       		.uleb128 0x28
 1267 0029 00       		.byte	0
 1268 002a 03       		.uleb128 0x3
 1269 002b 0E       		.uleb128 0xe
 1270 002c 1C       		.uleb128 0x1c
 1271 002d 0B       		.uleb128 0xb
 1272 002e 00       		.byte	0
 1273 002f 00       		.byte	0
 1274 0030 05       		.uleb128 0x5
 1275 0031 24       		.uleb128 0x24
 1276 0032 00       		.byte	0
 1277 0033 0B       		.uleb128 0xb
 1278 0034 0B       		.uleb128 0xb
 1279 0035 3E       		.uleb128 0x3e
 1280 0036 0B       		.uleb128 0xb
 1281 0037 03       		.uleb128 0x3
 1282 0038 0E       		.uleb128 0xe
 1283 0039 00       		.byte	0
 1284 003a 00       		.byte	0
 1285 003b 06       		.uleb128 0x6
 1286 003c 16       		.uleb128 0x16
 1287 003d 00       		.byte	0
 1288 003e 03       		.uleb128 0x3
 1289 003f 0E       		.uleb128 0xe
 1290 0040 3A       		.uleb128 0x3a
 1291 0041 0B       		.uleb128 0xb
 1292 0042 3B       		.uleb128 0x3b
 1293 0043 0B       		.uleb128 0xb
 1294 0044 49       		.uleb128 0x49
 1295 0045 13       		.uleb128 0x13
 1296 0046 00       		.byte	0
 1297 0047 00       		.byte	0
 1298 0048 07       		.uleb128 0x7
 1299 0049 24       		.uleb128 0x24
 1300 004a 00       		.byte	0
 1301 004b 0B       		.uleb128 0xb
 1302 004c 0B       		.uleb128 0xb
 1303 004d 3E       		.uleb128 0x3e
 1304 004e 0B       		.uleb128 0xb
 1305 004f 03       		.uleb128 0x3
 1306 0050 08       		.uleb128 0x8
 1307 0051 00       		.byte	0
 1308 0052 00       		.byte	0
 1309 0053 08       		.uleb128 0x8
 1310 0054 13       		.uleb128 0x13
 1311 0055 01       		.byte	0x1
ARM GAS  C:\Users\15311\AppData\Local\Temp\ccomIlb0.s 			page 24


 1312 0056 0B       		.uleb128 0xb
 1313 0057 0B       		.uleb128 0xb
 1314 0058 3A       		.uleb128 0x3a
 1315 0059 0B       		.uleb128 0xb
 1316 005a 3B       		.uleb128 0x3b
 1317 005b 0B       		.uleb128 0xb
 1318 005c 01       		.uleb128 0x1
 1319 005d 13       		.uleb128 0x13
 1320 005e 00       		.byte	0
 1321 005f 00       		.byte	0
 1322 0060 09       		.uleb128 0x9
 1323 0061 0D       		.uleb128 0xd
 1324 0062 00       		.byte	0
 1325 0063 03       		.uleb128 0x3
 1326 0064 0E       		.uleb128 0xe
 1327 0065 3A       		.uleb128 0x3a
 1328 0066 0B       		.uleb128 0xb
 1329 0067 3B       		.uleb128 0x3b
 1330 0068 0B       		.uleb128 0xb
 1331 0069 49       		.uleb128 0x49
 1332 006a 13       		.uleb128 0x13
 1333 006b 38       		.uleb128 0x38
 1334 006c 0B       		.uleb128 0xb
 1335 006d 00       		.byte	0
 1336 006e 00       		.byte	0
 1337 006f 0A       		.uleb128 0xa
 1338 0070 13       		.uleb128 0x13
 1339 0071 01       		.byte	0x1
 1340 0072 0B       		.uleb128 0xb
 1341 0073 0B       		.uleb128 0xb
 1342 0074 3A       		.uleb128 0x3a
 1343 0075 0B       		.uleb128 0xb
 1344 0076 3B       		.uleb128 0x3b
 1345 0077 05       		.uleb128 0x5
 1346 0078 01       		.uleb128 0x1
 1347 0079 13       		.uleb128 0x13
 1348 007a 00       		.byte	0
 1349 007b 00       		.byte	0
 1350 007c 0B       		.uleb128 0xb
 1351 007d 0D       		.uleb128 0xd
 1352 007e 00       		.byte	0
 1353 007f 03       		.uleb128 0x3
 1354 0080 0E       		.uleb128 0xe
 1355 0081 3A       		.uleb128 0x3a
 1356 0082 0B       		.uleb128 0xb
 1357 0083 3B       		.uleb128 0x3b
 1358 0084 05       		.uleb128 0x5
 1359 0085 49       		.uleb128 0x49
 1360 0086 13       		.uleb128 0x13
 1361 0087 38       		.uleb128 0x38
 1362 0088 0B       		.uleb128 0xb
 1363 0089 00       		.byte	0
 1364 008a 00       		.byte	0
 1365 008b 0C       		.uleb128 0xc
 1366 008c 16       		.uleb128 0x16
 1367 008d 00       		.byte	0
 1368 008e 03       		.uleb128 0x3
ARM GAS  C:\Users\15311\AppData\Local\Temp\ccomIlb0.s 			page 25


 1369 008f 0E       		.uleb128 0xe
 1370 0090 3A       		.uleb128 0x3a
 1371 0091 0B       		.uleb128 0xb
 1372 0092 3B       		.uleb128 0x3b
 1373 0093 05       		.uleb128 0x5
 1374 0094 49       		.uleb128 0x49
 1375 0095 13       		.uleb128 0x13
 1376 0096 00       		.byte	0
 1377 0097 00       		.byte	0
 1378 0098 0D       		.uleb128 0xd
 1379 0099 34       		.uleb128 0x34
 1380 009a 00       		.byte	0
 1381 009b 03       		.uleb128 0x3
 1382 009c 0E       		.uleb128 0xe
 1383 009d 3A       		.uleb128 0x3a
 1384 009e 0B       		.uleb128 0xb
 1385 009f 3B       		.uleb128 0x3b
 1386 00a0 05       		.uleb128 0x5
 1387 00a1 49       		.uleb128 0x49
 1388 00a2 13       		.uleb128 0x13
 1389 00a3 3F       		.uleb128 0x3f
 1390 00a4 19       		.uleb128 0x19
 1391 00a5 3C       		.uleb128 0x3c
 1392 00a6 19       		.uleb128 0x19
 1393 00a7 00       		.byte	0
 1394 00a8 00       		.byte	0
 1395 00a9 0E       		.uleb128 0xe
 1396 00aa 35       		.uleb128 0x35
 1397 00ab 00       		.byte	0
 1398 00ac 49       		.uleb128 0x49
 1399 00ad 13       		.uleb128 0x13
 1400 00ae 00       		.byte	0
 1401 00af 00       		.byte	0
 1402 00b0 0F       		.uleb128 0xf
 1403 00b1 34       		.uleb128 0x34
 1404 00b2 00       		.byte	0
 1405 00b3 03       		.uleb128 0x3
 1406 00b4 0E       		.uleb128 0xe
 1407 00b5 3A       		.uleb128 0x3a
 1408 00b6 0B       		.uleb128 0xb
 1409 00b7 3B       		.uleb128 0x3b
 1410 00b8 0B       		.uleb128 0xb
 1411 00b9 49       		.uleb128 0x49
 1412 00ba 13       		.uleb128 0x13
 1413 00bb 3F       		.uleb128 0x3f
 1414 00bc 19       		.uleb128 0x19
 1415 00bd 3C       		.uleb128 0x3c
 1416 00be 19       		.uleb128 0x19
 1417 00bf 00       		.byte	0
 1418 00c0 00       		.byte	0
 1419 00c1 10       		.uleb128 0x10
 1420 00c2 0F       		.uleb128 0xf
 1421 00c3 00       		.byte	0
 1422 00c4 0B       		.uleb128 0xb
 1423 00c5 0B       		.uleb128 0xb
 1424 00c6 49       		.uleb128 0x49
 1425 00c7 13       		.uleb128 0x13
ARM GAS  C:\Users\15311\AppData\Local\Temp\ccomIlb0.s 			page 26


 1426 00c8 00       		.byte	0
 1427 00c9 00       		.byte	0
 1428 00ca 11       		.uleb128 0x11
 1429 00cb 26       		.uleb128 0x26
 1430 00cc 00       		.byte	0
 1431 00cd 49       		.uleb128 0x49
 1432 00ce 13       		.uleb128 0x13
 1433 00cf 00       		.byte	0
 1434 00d0 00       		.byte	0
 1435 00d1 12       		.uleb128 0x12
 1436 00d2 34       		.uleb128 0x34
 1437 00d3 00       		.byte	0
 1438 00d4 03       		.uleb128 0x3
 1439 00d5 0E       		.uleb128 0xe
 1440 00d6 3A       		.uleb128 0x3a
 1441 00d7 0B       		.uleb128 0xb
 1442 00d8 3B       		.uleb128 0x3b
 1443 00d9 0B       		.uleb128 0xb
 1444 00da 49       		.uleb128 0x49
 1445 00db 13       		.uleb128 0x13
 1446 00dc 3F       		.uleb128 0x3f
 1447 00dd 19       		.uleb128 0x19
 1448 00de 02       		.uleb128 0x2
 1449 00df 18       		.uleb128 0x18
 1450 00e0 00       		.byte	0
 1451 00e1 00       		.byte	0
 1452 00e2 00       		.byte	0
 1453              		.section	.debug_aranges,"",%progbits
 1454 0000 14000000 		.4byte	0x14
 1455 0004 0200     		.2byte	0x2
 1456 0006 00000000 		.4byte	.Ldebug_info0
 1457 000a 04       		.byte	0x4
 1458 000b 00       		.byte	0
 1459 000c 0000     		.2byte	0
 1460 000e 0000     		.2byte	0
 1461 0010 00000000 		.4byte	0
 1462 0014 00000000 		.4byte	0
 1463              		.section	.debug_line,"",%progbits
 1464              	.Ldebug_line0:
 1465 0000 4D020000 		.section	.debug_str,"MS",%progbits,1
 1465      02004702 
 1465      00000201 
 1465      FB0E0D00 
 1465      01010101 
 1466              	.LASF223:
 1467 0000 666C6173 		.ascii	"flashCtlMainWs1Freq\000"
 1467      6843746C 
 1467      4D61696E 
 1467      57733146 
 1467      72657100 
 1468              	.LASF272:
 1469 0014 63795F73 		.ascii	"cy_stc_sysint_t\000"
 1469      74635F73 
 1469      7973696E 
 1469      745F7400 
 1470              	.LASF25:
 1471 0024 696F7373 		.ascii	"ioss_interrupt_gpio_IRQn\000"
ARM GAS  C:\Users\15311\AppData\Local\Temp\ccomIlb0.s 			page 27


 1471      5F696E74 
 1471      65727275 
 1471      70745F67 
 1471      70696F5F 
 1472              	.LASF123:
 1473 003d 74637077 		.ascii	"tcpwm_1_interrupts_15_IRQn\000"
 1473      6D5F315F 
 1473      696E7465 
 1473      72727570 
 1473      74735F31 
 1474              	.LASF274:
 1475 0058 63795F64 		.ascii	"cy_device\000"
 1475      65766963 
 1475      6500
 1476              	.LASF142:
 1477 0062 7564625F 		.ascii	"udb_interrupts_10_IRQn\000"
 1477      696E7465 
 1477      72727570 
 1477      74735F31 
 1477      305F4952 
 1478              	.LASF250:
 1479 0079 63707573 		.ascii	"cpussCm0ClockCtlOffset\000"
 1479      73436D30 
 1479      436C6F63 
 1479      6B43746C 
 1479      4F666673 
 1480              	.LASF67:
 1481 0090 63707573 		.ascii	"cpuss_interrupts_dw0_7_IRQn\000"
 1481      735F696E 
 1481      74657272 
 1481      75707473 
 1481      5F647730 
 1482              	.LASF267:
 1483 00ac 63686172 		.ascii	"char\000"
 1483      00
 1484              	.LASF36:
 1485 00b1 63707573 		.ascii	"cpuss_interrupts_ipc_1_IRQn\000"
 1485      735F696E 
 1485      74657272 
 1485      75707473 
 1485      5F697063 
 1486              	.LASF54:
 1487 00cd 7363625F 		.ascii	"scb_3_interrupt_IRQn\000"
 1487      335F696E 
 1487      74657272 
 1487      7570745F 
 1487      4952516E 
 1488              	.LASF84:
 1489 00e2 63707573 		.ascii	"cpuss_interrupts_dw1_8_IRQn\000"
 1489      735F696E 
 1489      74657272 
 1489      75707473 
 1489      5F647731 
 1490              	.LASF90:
 1491 00fe 63707573 		.ascii	"cpuss_interrupts_dw1_14_IRQn\000"
 1491      735F696E 
 1491      74657272 
ARM GAS  C:\Users\15311\AppData\Local\Temp\ccomIlb0.s 			page 28


 1491      75707473 
 1491      5F647731 
 1492              	.LASF182:
 1493 011b 70657269 		.ascii	"periBase\000"
 1493      42617365 
 1493      00
 1494              	.LASF62:
 1495 0124 63707573 		.ascii	"cpuss_interrupts_dw0_2_IRQn\000"
 1495      735F696E 
 1495      74657272 
 1495      75707473 
 1495      5F647730 
 1496              	.LASF258:
 1497 0140 63707573 		.ascii	"cpussCm0NmiCtlOffset\000"
 1497      73436D30 
 1497      4E6D6943 
 1497      746C4F66 
 1497      66736574 
 1498              	.LASF228:
 1499 0155 64774368 		.ascii	"dwChSize\000"
 1499      53697A65 
 1499      00
 1500              	.LASF278:
 1501 015e 433A5C55 		.ascii	"C:\\Users\\15311\\Desktop\\PSoC_project\\PSoC6_UDB_"
 1501      73657273 
 1501      5C313533 
 1501      31315C44 
 1501      65736B74 
 1502 018c 4932435F 		.ascii	"I2C_Master\\AES_Demonstration.cydsn\000"
 1502      4D617374 
 1502      65725C41 
 1502      45535F44 
 1502      656D6F6E 
 1503              	.LASF172:
 1504 01af 756E7369 		.ascii	"unsigned int\000"
 1504      676E6564 
 1504      20696E74 
 1504      00
 1505              	.LASF46:
 1506 01bc 63707573 		.ascii	"cpuss_interrupts_ipc_11_IRQn\000"
 1506      735F696E 
 1506      74657272 
 1506      75707473 
 1506      5F697063 
 1507              	.LASF210:
 1508 01d9 736D6966 		.ascii	"smifDeviceNr\000"
 1508      44657669 
 1508      63654E72 
 1508      00
 1509              	.LASF240:
 1510 01e6 70657269 		.ascii	"periDivCmdPaTypeSelPos\000"
 1510      44697643 
 1510      6D645061 
 1510      54797065 
 1510      53656C50 
 1511              	.LASF115:
 1512 01fd 74637077 		.ascii	"tcpwm_1_interrupts_7_IRQn\000"
ARM GAS  C:\Users\15311\AppData\Local\Temp\ccomIlb0.s 			page 29


 1512      6D5F315F 
 1512      696E7465 
 1512      72727570 
 1512      74735F37 
 1513              	.LASF166:
 1514 0217 5F5F696E 		.ascii	"__int32_t\000"
 1514      7433325F 
 1514      7400
 1515              	.LASF33:
 1516 0221 70617373 		.ascii	"pass_interrupt_ctbs_IRQn\000"
 1516      5F696E74 
 1516      65727275 
 1516      70745F63 
 1516      7462735F 
 1517              	.LASF206:
 1518 023a 73727373 		.ascii	"srssNumClkpath\000"
 1518      4E756D43 
 1518      6C6B7061 
 1518      746800
 1519              	.LASF180:
 1520 0249 63707573 		.ascii	"cpussBase\000"
 1520      73426173 
 1520      6500
 1521              	.LASF204:
 1522 0253 63707573 		.ascii	"cpussFmIrq\000"
 1522      73466D49 
 1522      727100
 1523              	.LASF30:
 1524 025e 73727373 		.ascii	"srss_interrupt_mcwdt_1_IRQn\000"
 1524      5F696E74 
 1524      65727275 
 1524      70745F6D 
 1524      63776474 
 1525              	.LASF12:
 1526 027a 696F7373 		.ascii	"ioss_interrupts_gpio_2_IRQn\000"
 1526      5F696E74 
 1526      65727275 
 1526      7074735F 
 1526      6770696F 
 1527              	.LASF205:
 1528 0296 63707573 		.ascii	"cpussNotConnectedIrq\000"
 1528      734E6F74 
 1528      436F6E6E 
 1528      65637465 
 1528      64497271 
 1529              	.LASF73:
 1530 02ab 63707573 		.ascii	"cpuss_interrupts_dw0_13_IRQn\000"
 1530      735F696E 
 1530      74657272 
 1530      75707473 
 1530      5F647730 
 1531              	.LASF158:
 1532 02c8 73686F72 		.ascii	"short int\000"
 1532      7420696E 
 1532      7400
 1533              	.LASF131:
 1534 02d2 74637077 		.ascii	"tcpwm_1_interrupts_23_IRQn\000"
ARM GAS  C:\Users\15311\AppData\Local\Temp\ccomIlb0.s 			page 30


 1534      6D5F315F 
 1534      696E7465 
 1534      72727570 
 1534      74735F32 
 1535              	.LASF129:
 1536 02ed 74637077 		.ascii	"tcpwm_1_interrupts_21_IRQn\000"
 1536      6D5F315F 
 1536      696E7465 
 1536      72727570 
 1536      74735F32 
 1537              	.LASF146:
 1538 0308 7564625F 		.ascii	"udb_interrupts_14_IRQn\000"
 1538      696E7465 
 1538      72727570 
 1538      74735F31 
 1538      345F4952 
 1539              	.LASF236:
 1540 031f 70657269 		.ascii	"periTrGrSize\000"
 1540      54724772 
 1540      53697A65 
 1540      00
 1541              	.LASF107:
 1542 032c 74637077 		.ascii	"tcpwm_0_interrupts_7_IRQn\000"
 1542      6D5F305F 
 1542      696E7465 
 1542      72727570 
 1542      74735F37 
 1543              	.LASF239:
 1544 0346 70657269 		.ascii	"periDivCmdPaDivSelPos\000"
 1544      44697643 
 1544      6D645061 
 1544      44697653 
 1544      656C506F 
 1545              	.LASF216:
 1546 035c 63727970 		.ascii	"cryptoMemSize\000"
 1546      746F4D65 
 1546      6D53697A 
 1546      6500
 1547              	.LASF262:
 1548 036a 63707573 		.ascii	"cpussRam1Ctl0\000"
 1548      7352616D 
 1548      3143746C 
 1548      3000
 1549              	.LASF76:
 1550 0378 63707573 		.ascii	"cpuss_interrupts_dw1_0_IRQn\000"
 1550      735F696E 
 1550      74657272 
 1550      75707473 
 1550      5F647731 
 1551              	.LASF102:
 1552 0394 74637077 		.ascii	"tcpwm_0_interrupts_2_IRQn\000"
 1552      6D5F305F 
 1552      696E7465 
 1552      72727570 
 1552      74735F32 
 1553              	.LASF8:
 1554 03ae 50656E64 		.ascii	"PendSV_IRQn\000"
ARM GAS  C:\Users\15311\AppData\Local\Temp\ccomIlb0.s 			page 31


 1554      53565F49 
 1554      52516E00 
 1555              	.LASF276:
 1556 03ba 474E5520 		.ascii	"GNU C11 5.4.1 20160609 (release) [ARM/embedded-5-br"
 1556      43313120 
 1556      352E342E 
 1556      31203230 
 1556      31363036 
 1557 03ed 616E6368 		.ascii	"anch revision 237715] -mcpu=cortex-m4 -mfloat-abi=s"
 1557      20726576 
 1557      6973696F 
 1557      6E203233 
 1557      37373135 
 1558 0420 6F667466 		.ascii	"oftfp -mfpu=fpv4-sp-d16 -mthumb -g -Og -ffunction-s"
 1558      70202D6D 
 1558      6670753D 
 1558      66707634 
 1558      2D73702D 
 1559 0453 65637469 		.ascii	"ections -ffat-lto-objects\000"
 1559      6F6E7320 
 1559      2D666661 
 1559      742D6C74 
 1559      6F2D6F62 
 1560              	.LASF198:
 1561 046d 70726F74 		.ascii	"protVersion\000"
 1561      56657273 
 1561      696F6E00 
 1562              	.LASF174:
 1563 0479 696E7431 		.ascii	"int16_t\000"
 1563      365F7400 
 1564              	.LASF238:
 1565 0481 70657269 		.ascii	"periDivCmdTypeSelPos\000"
 1565      44697643 
 1565      6D645479 
 1565      70655365 
 1565      6C506F73 
 1566              	.LASF255:
 1567 0496 63707573 		.ascii	"cpussTrimRamCtlOffset\000"
 1567      73547269 
 1567      6D52616D 
 1567      43746C4F 
 1567      66667365 
 1568              	.LASF139:
 1569 04ac 7564625F 		.ascii	"udb_interrupts_7_IRQn\000"
 1569      696E7465 
 1569      72727570 
 1569      74735F37 
 1569      5F495251 
 1570              	.LASF28:
 1571 04c2 7363625F 		.ascii	"scb_8_interrupt_IRQn\000"
 1571      385F696E 
 1571      74657272 
 1571      7570745F 
 1571      4952516E 
 1572              	.LASF3:
 1573 04d7 4D656D6F 		.ascii	"MemoryManagement_IRQn\000"
 1573      72794D61 
ARM GAS  C:\Users\15311\AppData\Local\Temp\ccomIlb0.s 			page 32


 1573      6E616765 
 1573      6D656E74 
 1573      5F495251 
 1574              	.LASF125:
 1575 04ed 74637077 		.ascii	"tcpwm_1_interrupts_17_IRQn\000"
 1575      6D5F315F 
 1575      696E7465 
 1575      72727570 
 1575      74735F31 
 1576              	.LASF134:
 1577 0508 7564625F 		.ascii	"udb_interrupts_2_IRQn\000"
 1577      696E7465 
 1577      72727570 
 1577      74735F32 
 1577      5F495251 
 1578              	.LASF177:
 1579 051e 75696E74 		.ascii	"uint32_t\000"
 1579      33325F74 
 1579      00
 1580              	.LASF120:
 1581 0527 74637077 		.ascii	"tcpwm_1_interrupts_12_IRQn\000"
 1581      6D5F315F 
 1581      696E7465 
 1581      72727570 
 1581      74735F31 
 1582              	.LASF17:
 1583 0542 696F7373 		.ascii	"ioss_interrupts_gpio_7_IRQn\000"
 1583      5F696E74 
 1583      65727275 
 1583      7074735F 
 1583      6770696F 
 1584              	.LASF23:
 1585 055e 696F7373 		.ascii	"ioss_interrupts_gpio_13_IRQn\000"
 1585      5F696E74 
 1585      65727275 
 1585      7074735F 
 1585      6770696F 
 1586              	.LASF147:
 1587 057b 7564625F 		.ascii	"udb_interrupts_15_IRQn\000"
 1587      696E7465 
 1587      72727570 
 1587      74735F31 
 1587      355F4952 
 1588              	.LASF248:
 1589 0592 6770696F 		.ascii	"gpioPrtCfgOutOffset\000"
 1589      50727443 
 1589      66674F75 
 1589      744F6666 
 1589      73657400 
 1590              	.LASF97:
 1591 05a6 63707573 		.ascii	"cpuss_interrupts_cm0_cti_1_IRQn\000"
 1591      735F696E 
 1591      74657272 
 1591      75707473 
 1591      5F636D30 
 1592              	.LASF268:
 1593 05c6 666C6F61 		.ascii	"float\000"
ARM GAS  C:\Users\15311\AppData\Local\Temp\ccomIlb0.s 			page 33


 1593      7400
 1594              	.LASF191:
 1595 05cc 63727970 		.ascii	"cryptoVersion\000"
 1595      746F5665 
 1595      7273696F 
 1595      6E00
 1596              	.LASF220:
 1597 05da 666C6173 		.ascii	"flashProgramDelay\000"
 1597      6850726F 
 1597      6772616D 
 1597      44656C61 
 1597      7900
 1598              	.LASF55:
 1599 05ec 7363625F 		.ascii	"scb_4_interrupt_IRQn\000"
 1599      345F696E 
 1599      74657272 
 1599      7570745F 
 1599      4952516E 
 1600              	.LASF181:
 1601 0601 666C6173 		.ascii	"flashcBase\000"
 1601      68634261 
 1601      736500
 1602              	.LASF81:
 1603 060c 63707573 		.ascii	"cpuss_interrupts_dw1_5_IRQn\000"
 1603      735F696E 
 1603      74657272 
 1603      75707473 
 1603      5F647731 
 1604              	.LASF247:
 1605 0628 6770696F 		.ascii	"gpioPrtCfgInOffset\000"
 1605      50727443 
 1605      6667496E 
 1605      4F666673 
 1605      657400
 1606              	.LASF87:
 1607 063b 63707573 		.ascii	"cpuss_interrupts_dw1_11_IRQn\000"
 1607      735F696E 
 1607      74657272 
 1607      75707473 
 1607      5F647731 
 1608              	.LASF154:
 1609 0658 7573625F 		.ascii	"usb_interrupt_med_IRQn\000"
 1609      696E7465 
 1609      72727570 
 1609      745F6D65 
 1609      645F4952 
 1610              	.LASF219:
 1611 066f 666C6173 		.ascii	"flashWriteDelay\000"
 1611      68577269 
 1611      74654465 
 1611      6C617900 
 1612              	.LASF171:
 1613 067f 6C6F6E67 		.ascii	"long long unsigned int\000"
 1613      206C6F6E 
 1613      6720756E 
 1613      7369676E 
 1613      65642069 
ARM GAS  C:\Users\15311\AppData\Local\Temp\ccomIlb0.s 			page 34


 1614              	.LASF244:
 1615 0696 70657269 		.ascii	"periDiv24_5CtlOffset\000"
 1615      44697632 
 1615      345F3543 
 1615      746C4F66 
 1615      66736574 
 1616              	.LASF249:
 1617 06ab 6770696F 		.ascii	"gpioPrtCfgSioOffset\000"
 1617      50727443 
 1617      66675369 
 1617      6F4F6666 
 1617      73657400 
 1618              	.LASF48:
 1619 06bf 63707573 		.ascii	"cpuss_interrupts_ipc_13_IRQn\000"
 1619      735F696E 
 1619      74657272 
 1619      75707473 
 1619      5F697063 
 1620              	.LASF203:
 1621 06dc 63707573 		.ascii	"cpussIpc0Irq\000"
 1621      73497063 
 1621      30497271 
 1621      00
 1622              	.LASF31:
 1623 06e9 73727373 		.ascii	"srss_interrupt_backup_IRQn\000"
 1623      5F696E74 
 1623      65727275 
 1623      70745F62 
 1623      61636B75 
 1624              	.LASF117:
 1625 0704 74637077 		.ascii	"tcpwm_1_interrupts_9_IRQn\000"
 1625      6D5F315F 
 1625      696E7465 
 1625      72727570 
 1625      74735F39 
 1626              	.LASF164:
 1627 071e 5F5F7569 		.ascii	"__uint16_t\000"
 1627      6E743136 
 1627      5F7400
 1628              	.LASF6:
 1629 0729 53564361 		.ascii	"SVCall_IRQn\000"
 1629      6C6C5F49 
 1629      52516E00 
 1630              	.LASF51:
 1631 0735 7363625F 		.ascii	"scb_0_interrupt_IRQn\000"
 1631      305F696E 
 1631      74657272 
 1631      7570745F 
 1631      4952516E 
 1632              	.LASF112:
 1633 074a 74637077 		.ascii	"tcpwm_1_interrupts_4_IRQn\000"
 1633      6D5F315F 
 1633      696E7465 
 1633      72727570 
 1633      74735F34 
 1634              	.LASF59:
 1635 0764 6373645F 		.ascii	"csd_interrupt_IRQn\000"
ARM GAS  C:\Users\15311\AppData\Local\Temp\ccomIlb0.s 			page 35


 1635      696E7465 
 1635      72727570 
 1635      745F4952 
 1635      516E00
 1636              	.LASF151:
 1637 0777 70726F66 		.ascii	"profile_interrupt_IRQn\000"
 1637      696C655F 
 1637      696E7465 
 1637      72727570 
 1637      745F4952 
 1638              	.LASF21:
 1639 078e 696F7373 		.ascii	"ioss_interrupts_gpio_11_IRQn\000"
 1639      5F696E74 
 1639      65727275 
 1639      7074735F 
 1639      6770696F 
 1640              	.LASF43:
 1641 07ab 63707573 		.ascii	"cpuss_interrupts_ipc_8_IRQn\000"
 1641      735F696E 
 1641      74657272 
 1641      75707473 
 1641      5F697063 
 1642              	.LASF92:
 1643 07c7 63707573 		.ascii	"cpuss_interrupts_fault_0_IRQn\000"
 1643      735F696E 
 1643      74657272 
 1643      75707473 
 1643      5F666175 
 1644              	.LASF225:
 1645 07e5 666C6173 		.ascii	"flashCtlMainWs3Freq\000"
 1645      6843746C 
 1645      4D61696E 
 1645      57733346 
 1645      72657100 
 1646              	.LASF160:
 1647 07f9 4952516E 		.ascii	"IRQn_Type\000"
 1647      5F547970 
 1647      6500
 1648              	.LASF207:
 1649 0803 73727373 		.ascii	"srssNumPll\000"
 1649      4E756D50 
 1649      6C6C00
 1650              	.LASF143:
 1651 080e 7564625F 		.ascii	"udb_interrupts_11_IRQn\000"
 1651      696E7465 
 1651      72727570 
 1651      74735F31 
 1651      315F4952 
 1652              	.LASF37:
 1653 0825 63707573 		.ascii	"cpuss_interrupts_ipc_2_IRQn\000"
 1653      735F696E 
 1653      74657272 
 1653      75707473 
 1653      5F697063 
 1654              	.LASF104:
 1655 0841 74637077 		.ascii	"tcpwm_0_interrupts_4_IRQn\000"
 1655      6D5F305F 
ARM GAS  C:\Users\15311\AppData\Local\Temp\ccomIlb0.s 			page 36


 1655      696E7465 
 1655      72727570 
 1655      74735F34 
 1656              	.LASF218:
 1657 085b 666C6173 		.ascii	"flashPipeRequired\000"
 1657      68506970 
 1657      65526571 
 1657      75697265 
 1657      6400
 1658              	.LASF233:
 1659 086d 70657269 		.ascii	"periTrCmdOffset\000"
 1659      5472436D 
 1659      644F6666 
 1659      73657400 
 1660              	.LASF208:
 1661 087d 73727373 		.ascii	"srssNumHfroot\000"
 1661      4E756D48 
 1661      66726F6F 
 1661      7400
 1662              	.LASF222:
 1663 088b 666C6173 		.ascii	"flashCtlMainWs0Freq\000"
 1663      6843746C 
 1663      4D61696E 
 1663      57733046 
 1663      72657100 
 1664              	.LASF149:
 1665 089f 61756469 		.ascii	"audioss_interrupt_i2s_IRQn\000"
 1665      6F73735F 
 1665      696E7465 
 1665      72727570 
 1665      745F6932 
 1666              	.LASF186:
 1667 08ba 6770696F 		.ascii	"gpioBase\000"
 1667      42617365 
 1667      00
 1668              	.LASF156:
 1669 08c3 70617373 		.ascii	"pass_interrupt_dacs_IRQn\000"
 1669      5F696E74 
 1669      65727275 
 1669      70745F64 
 1669      6163735F 
 1670              	.LASF109:
 1671 08dc 74637077 		.ascii	"tcpwm_1_interrupts_1_IRQn\000"
 1671      6D5F315F 
 1671      696E7465 
 1671      72727570 
 1671      74735F31 
 1672              	.LASF136:
 1673 08f6 7564625F 		.ascii	"udb_interrupts_4_IRQn\000"
 1673      696E7465 
 1673      72727570 
 1673      74735F34 
 1673      5F495251 
 1674              	.LASF150:
 1675 090c 61756469 		.ascii	"audioss_interrupt_pdm_IRQn\000"
 1675      6F73735F 
 1675      696E7465 
ARM GAS  C:\Users\15311\AppData\Local\Temp\ccomIlb0.s 			page 37


 1675      72727570 
 1675      745F7064 
 1676              	.LASF70:
 1677 0927 63707573 		.ascii	"cpuss_interrupts_dw0_10_IRQn\000"
 1677      735F696E 
 1677      74657272 
 1677      75707473 
 1677      5F647730 
 1678              	.LASF122:
 1679 0944 74637077 		.ascii	"tcpwm_1_interrupts_14_IRQn\000"
 1679      6D5F315F 
 1679      696E7465 
 1679      72727570 
 1679      74735F31 
 1680              	.LASF19:
 1681 095f 696F7373 		.ascii	"ioss_interrupts_gpio_9_IRQn\000"
 1681      5F696E74 
 1681      65727275 
 1681      7074735F 
 1681      6770696F 
 1682              	.LASF257:
 1683 097b 63707573 		.ascii	"cpussSysTickCtlOffset\000"
 1683      73537973 
 1683      5469636B 
 1683      43746C4F 
 1683      66667365 
 1684              	.LASF213:
 1685 0991 75646250 		.ascii	"udbPresent\000"
 1685      72657365 
 1685      6E7400
 1686              	.LASF231:
 1687 099c 64775374 		.ascii	"dwStatusChIdxPos\000"
 1687      61747573 
 1687      43684964 
 1687      78506F73 
 1687      00
 1688              	.LASF66:
 1689 09ad 63707573 		.ascii	"cpuss_interrupts_dw0_6_IRQn\000"
 1689      735F696E 
 1689      74657272 
 1689      75707473 
 1689      5F647730 
 1690              	.LASF14:
 1691 09c9 696F7373 		.ascii	"ioss_interrupts_gpio_4_IRQn\000"
 1691      5F696E74 
 1691      65727275 
 1691      7074735F 
 1691      6770696F 
 1692              	.LASF20:
 1693 09e5 696F7373 		.ascii	"ioss_interrupts_gpio_10_IRQn\000"
 1693      5F696E74 
 1693      65727275 
 1693      7074735F 
 1693      6770696F 
 1694              	.LASF75:
 1695 0a02 63707573 		.ascii	"cpuss_interrupts_dw0_15_IRQn\000"
 1695      735F696E 
ARM GAS  C:\Users\15311\AppData\Local\Temp\ccomIlb0.s 			page 38


 1695      74657272 
 1695      75707473 
 1695      5F647730 
 1696              	.LASF32:
 1697 0a1f 73727373 		.ascii	"srss_interrupt_IRQn\000"
 1697      5F696E74 
 1697      65727275 
 1697      70745F49 
 1697      52516E00 
 1698              	.LASF202:
 1699 0a33 63707573 		.ascii	"cpussFlashPaSize\000"
 1699      73466C61 
 1699      73685061 
 1699      53697A65 
 1699      00
 1700              	.LASF83:
 1701 0a44 63707573 		.ascii	"cpuss_interrupts_dw1_7_IRQn\000"
 1701      735F696E 
 1701      74657272 
 1701      75707473 
 1701      5F647731 
 1702              	.LASF89:
 1703 0a60 63707573 		.ascii	"cpuss_interrupts_dw1_13_IRQn\000"
 1703      735F696E 
 1703      74657272 
 1703      75707473 
 1703      5F647731 
 1704              	.LASF61:
 1705 0a7d 63707573 		.ascii	"cpuss_interrupts_dw0_1_IRQn\000"
 1705      735F696E 
 1705      74657272 
 1705      75707473 
 1705      5F647730 
 1706              	.LASF243:
 1707 0a99 70657269 		.ascii	"periDiv16_5CtlOffset\000"
 1707      44697631 
 1707      365F3543 
 1707      746C4F66 
 1707      66736574 
 1708              	.LASF157:
 1709 0aae 756E636F 		.ascii	"unconnected_IRQn\000"
 1709      6E6E6563 
 1709      7465645F 
 1709      4952516E 
 1709      00
 1710              	.LASF78:
 1711 0abf 63707573 		.ascii	"cpuss_interrupts_dw1_2_IRQn\000"
 1711      735F696E 
 1711      74657272 
 1711      75707473 
 1711      5F647731 
 1712              	.LASF214:
 1713 0adb 73797350 		.ascii	"sysPmSimoPresent\000"
 1713      6D53696D 
 1713      6F507265 
 1713      73656E74 
 1713      00
ARM GAS  C:\Users\15311\AppData\Local\Temp\ccomIlb0.s 			page 39


 1714              	.LASF155:
 1715 0aec 7573625F 		.ascii	"usb_interrupt_lo_IRQn\000"
 1715      696E7465 
 1715      72727570 
 1715      745F6C6F 
 1715      5F495251 
 1716              	.LASF45:
 1717 0b02 63707573 		.ascii	"cpuss_interrupts_ipc_10_IRQn\000"
 1717      735F696E 
 1717      74657272 
 1717      75707473 
 1717      5F697063 
 1718              	.LASF95:
 1719 0b1f 63707573 		.ascii	"cpuss_interrupt_fm_IRQn\000"
 1719      735F696E 
 1719      74657272 
 1719      7570745F 
 1719      666D5F49 
 1720              	.LASF114:
 1721 0b37 74637077 		.ascii	"tcpwm_1_interrupts_6_IRQn\000"
 1721      6D5F315F 
 1721      696E7465 
 1721      72727570 
 1721      74735F36 
 1722              	.LASF141:
 1723 0b51 7564625F 		.ascii	"udb_interrupts_9_IRQn\000"
 1723      696E7465 
 1723      72727570 
 1723      74735F39 
 1723      5F495251 
 1724              	.LASF232:
 1725 0b67 64775374 		.ascii	"dwStatusChIdxMsk\000"
 1725      61747573 
 1725      43684964 
 1725      784D736B 
 1725      00
 1726              	.LASF145:
 1727 0b78 7564625F 		.ascii	"udb_interrupts_13_IRQn\000"
 1727      696E7465 
 1727      72727570 
 1727      74735F31 
 1727      335F4952 
 1728              	.LASF173:
 1729 0b8f 75696E74 		.ascii	"uint8_t\000"
 1729      385F7400 
 1730              	.LASF127:
 1731 0b97 74637077 		.ascii	"tcpwm_1_interrupts_19_IRQn\000"
 1731      6D5F315F 
 1731      696E7465 
 1731      72727570 
 1731      74735F31 
 1732              	.LASF270:
 1733 0bb2 696E7472 		.ascii	"intrSrc\000"
 1733      53726300 
 1734              	.LASF237:
 1735 0bba 70657269 		.ascii	"periDivCmdDivSelMsk\000"
 1735      44697643 
ARM GAS  C:\Users\15311\AppData\Local\Temp\ccomIlb0.s 			page 40


 1735      6D644469 
 1735      7653656C 
 1735      4D736B00 
 1736              	.LASF29:
 1737 0bce 73727373 		.ascii	"srss_interrupt_mcwdt_0_IRQn\000"
 1737      5F696E74 
 1737      65727275 
 1737      70745F6D 
 1737      63776474 
 1738              	.LASF245:
 1739 0bea 6770696F 		.ascii	"gpioPrtIntrCfgOffset\000"
 1739      50727449 
 1739      6E747243 
 1739      66674F66 
 1739      66736574 
 1740              	.LASF27:
 1741 0bff 6C70636F 		.ascii	"lpcomp_interrupt_IRQn\000"
 1741      6D705F69 
 1741      6E746572 
 1741      72757074 
 1741      5F495251 
 1742              	.LASF40:
 1743 0c15 63707573 		.ascii	"cpuss_interrupts_ipc_5_IRQn\000"
 1743      735F696E 
 1743      74657272 
 1743      75707473 
 1743      5F697063 
 1744              	.LASF261:
 1745 0c31 63707573 		.ascii	"cpussRam0Ctl0\000"
 1745      7352616D 
 1745      3043746C 
 1745      3000
 1746              	.LASF170:
 1747 0c3f 6C6F6E67 		.ascii	"long long int\000"
 1747      206C6F6E 
 1747      6720696E 
 1747      7400
 1748              	.LASF188:
 1749 0c4d 69706342 		.ascii	"ipcBase\000"
 1749      61736500 
 1750              	.LASF229:
 1751 0c55 64774368 		.ascii	"dwChCtlPrioPos\000"
 1751      43746C50 
 1751      72696F50 
 1751      6F7300
 1752              	.LASF189:
 1753 0c64 63727970 		.ascii	"cryptoBase\000"
 1753      746F4261 
 1753      736500
 1754              	.LASF35:
 1755 0c6f 63707573 		.ascii	"cpuss_interrupts_ipc_0_IRQn\000"
 1755      735F696E 
 1755      74657272 
 1755      75707473 
 1755      5F697063 
 1756              	.LASF101:
 1757 0c8b 74637077 		.ascii	"tcpwm_0_interrupts_1_IRQn\000"
ARM GAS  C:\Users\15311\AppData\Local\Temp\ccomIlb0.s 			page 41


 1757      6D5F305F 
 1757      696E7465 
 1757      72727570 
 1757      74735F31 
 1758              	.LASF56:
 1759 0ca5 7363625F 		.ascii	"scb_5_interrupt_IRQn\000"
 1759      355F696E 
 1759      74657272 
 1759      7570745F 
 1759      4952516E 
 1760              	.LASF50:
 1761 0cba 63707573 		.ascii	"cpuss_interrupts_ipc_15_IRQn\000"
 1761      735F696E 
 1761      74657272 
 1761      75707473 
 1761      5F697063 
 1762              	.LASF163:
 1763 0cd7 5F5F696E 		.ascii	"__int16_t\000"
 1763      7431365F 
 1763      7400
 1764              	.LASF209:
 1765 0ce1 70657269 		.ascii	"periClockNr\000"
 1765      436C6F63 
 1765      6B4E7200 
 1766              	.LASF185:
 1767 0ced 6873696F 		.ascii	"hsiomBase\000"
 1767      6D426173 
 1767      6500
 1768              	.LASF4:
 1769 0cf7 42757346 		.ascii	"BusFault_IRQn\000"
 1769      61756C74 
 1769      5F495251 
 1769      6E00
 1770              	.LASF251:
 1771 0d05 63707573 		.ascii	"cpussCm4ClockCtlOffset\000"
 1771      73436D34 
 1771      436C6F63 
 1771      6B43746C 
 1771      4F666673 
 1772              	.LASF235:
 1773 0d1c 70657269 		.ascii	"periTrGrOffset\000"
 1773      54724772 
 1773      4F666673 
 1773      657400
 1774              	.LASF133:
 1775 0d2b 7564625F 		.ascii	"udb_interrupts_1_IRQn\000"
 1775      696E7465 
 1775      72727570 
 1775      74735F31 
 1775      5F495251 
 1776              	.LASF201:
 1777 0d41 63707573 		.ascii	"cpussDwChNr\000"
 1777      73447743 
 1777      684E7200 
 1778              	.LASF153:
 1779 0d4d 7573625F 		.ascii	"usb_interrupt_hi_IRQn\000"
 1779      696E7465 
ARM GAS  C:\Users\15311\AppData\Local\Temp\ccomIlb0.s 			page 42


 1779      72727570 
 1779      745F6869 
 1779      5F495251 
 1780              	.LASF52:
 1781 0d63 7363625F 		.ascii	"scb_1_interrupt_IRQn\000"
 1781      315F696E 
 1781      74657272 
 1781      7570745F 
 1781      4952516E 
 1782              	.LASF119:
 1783 0d78 74637077 		.ascii	"tcpwm_1_interrupts_11_IRQn\000"
 1783      6D5F315F 
 1783      696E7465 
 1783      72727570 
 1783      74735F31 
 1784              	.LASF16:
 1785 0d93 696F7373 		.ascii	"ioss_interrupts_gpio_6_IRQn\000"
 1785      5F696E74 
 1785      65727275 
 1785      7074735F 
 1785      6770696F 
 1786              	.LASF199:
 1787 0daf 63707573 		.ascii	"cpussIpcNr\000"
 1787      73497063 
 1787      4E7200
 1788              	.LASF252:
 1789 0dba 63707573 		.ascii	"cpussCm4StatusOffset\000"
 1789      73436D34 
 1789      53746174 
 1789      75734F66 
 1789      66736574 
 1790              	.LASF96:
 1791 0dcf 63707573 		.ascii	"cpuss_interrupts_cm0_cti_0_IRQn\000"
 1791      735F696E 
 1791      74657272 
 1791      75707473 
 1791      5F636D30 
 1792              	.LASF85:
 1793 0def 63707573 		.ascii	"cpuss_interrupts_dw1_9_IRQn\000"
 1793      735F696E 
 1793      74657272 
 1793      75707473 
 1793      5F647731 
 1794              	.LASF69:
 1795 0e0b 63707573 		.ascii	"cpuss_interrupts_dw0_9_IRQn\000"
 1795      735F696E 
 1795      74657272 
 1795      75707473 
 1795      5F647730 
 1796              	.LASF63:
 1797 0e27 63707573 		.ascii	"cpuss_interrupts_dw0_3_IRQn\000"
 1797      735F696E 
 1797      74657272 
 1797      75707473 
 1797      5F647730 
 1798              	.LASF263:
 1799 0e43 63707573 		.ascii	"cpussRam2Ctl0\000"
ARM GAS  C:\Users\15311\AppData\Local\Temp\ccomIlb0.s 			page 43


 1799      7352616D 
 1799      3243746C 
 1799      3000
 1800              	.LASF11:
 1801 0e51 696F7373 		.ascii	"ioss_interrupts_gpio_1_IRQn\000"
 1801      5F696E74 
 1801      65727275 
 1801      7074735F 
 1801      6770696F 
 1802              	.LASF72:
 1803 0e6d 63707573 		.ascii	"cpuss_interrupts_dw0_12_IRQn\000"
 1803      735F696E 
 1803      74657272 
 1803      75707473 
 1803      5F647730 
 1804              	.LASF80:
 1805 0e8a 63707573 		.ascii	"cpuss_interrupts_dw1_4_IRQn\000"
 1805      735F696E 
 1805      74657272 
 1805      75707473 
 1805      5F647731 
 1806              	.LASF86:
 1807 0ea6 63707573 		.ascii	"cpuss_interrupts_dw1_10_IRQn\000"
 1807      735F696E 
 1807      74657272 
 1807      75707473 
 1807      5F647731 
 1808              	.LASF106:
 1809 0ec3 74637077 		.ascii	"tcpwm_0_interrupts_6_IRQn\000"
 1809      6D5F305F 
 1809      696E7465 
 1809      72727570 
 1809      74735F36 
 1810              	.LASF275:
 1811 0edd 55415254 		.ascii	"UART_SCB_IRQ_cfg\000"
 1811      5F534342 
 1811      5F495251 
 1811      5F636667 
 1811      00
 1812              	.LASF242:
 1813 0eee 70657269 		.ascii	"periDiv16CtlOffset\000"
 1813      44697631 
 1813      3643746C 
 1813      4F666673 
 1813      657400
 1814              	.LASF116:
 1815 0f01 74637077 		.ascii	"tcpwm_1_interrupts_8_IRQn\000"
 1815      6D5F315F 
 1815      696E7465 
 1815      72727570 
 1815      74735F38 
 1816              	.LASF165:
 1817 0f1b 73686F72 		.ascii	"short unsigned int\000"
 1817      7420756E 
 1817      7369676E 
 1817      65642069 
 1817      6E7400
ARM GAS  C:\Users\15311\AppData\Local\Temp\ccomIlb0.s 			page 44


 1818              	.LASF179:
 1819 0f2e 6C6F6E67 		.ascii	"long double\000"
 1819      20646F75 
 1819      626C6500 
 1820              	.LASF175:
 1821 0f3a 75696E74 		.ascii	"uint16_t\000"
 1821      31365F74 
 1821      00
 1822              	.LASF184:
 1823 0f43 70726F74 		.ascii	"protBase\000"
 1823      42617365 
 1823      00
 1824              	.LASF234:
 1825 0f4c 70657269 		.ascii	"periTrCmdGrSelMsk\000"
 1825      5472436D 
 1825      64477253 
 1825      656C4D73 
 1825      6B00
 1826              	.LASF99:
 1827 0f5e 63707573 		.ascii	"cpuss_interrupts_cm4_cti_1_IRQn\000"
 1827      735F696E 
 1827      74657272 
 1827      75707473 
 1827      5F636D34 
 1828              	.LASF111:
 1829 0f7e 74637077 		.ascii	"tcpwm_1_interrupts_3_IRQn\000"
 1829      6D5F315F 
 1829      696E7465 
 1829      72727570 
 1829      74735F33 
 1830              	.LASF138:
 1831 0f98 7564625F 		.ascii	"udb_interrupts_6_IRQn\000"
 1831      696E7465 
 1831      72727570 
 1831      74735F36 
 1831      5F495251 
 1832              	.LASF192:
 1833 0fae 64775665 		.ascii	"dwVersion\000"
 1833      7273696F 
 1833      6E00
 1834              	.LASF124:
 1835 0fb8 74637077 		.ascii	"tcpwm_1_interrupts_16_IRQn\000"
 1835      6D5F315F 
 1835      696E7465 
 1835      72727570 
 1835      74735F31 
 1836              	.LASF42:
 1837 0fd3 63707573 		.ascii	"cpuss_interrupts_ipc_7_IRQn\000"
 1837      735F696E 
 1837      74657272 
 1837      75707473 
 1837      5F697063 
 1838              	.LASF137:
 1839 0fef 7564625F 		.ascii	"udb_interrupts_5_IRQn\000"
 1839      696E7465 
 1839      72727570 
 1839      74735F35 
ARM GAS  C:\Users\15311\AppData\Local\Temp\ccomIlb0.s 			page 45


 1839      5F495251 
 1840              	.LASF178:
 1841 1005 73697A65 		.ascii	"sizetype\000"
 1841      74797065 
 1841      00
 1842              	.LASF259:
 1843 100e 63707573 		.ascii	"cpussCm4NmiCtlOffset\000"
 1843      73436D34 
 1843      4E6D6943 
 1843      746C4F66 
 1843      66736574 
 1844              	.LASF253:
 1845 1023 63707573 		.ascii	"cpussCm0StatusOffset\000"
 1845      73436D30 
 1845      53746174 
 1845      75734F66 
 1845      66736574 
 1846              	.LASF241:
 1847 1038 70657269 		.ascii	"periDiv8CtlOffset\000"
 1847      44697638 
 1847      43746C4F 
 1847      66667365 
 1847      7400
 1848              	.LASF68:
 1849 104a 63707573 		.ascii	"cpuss_interrupts_dw0_8_IRQn\000"
 1849      735F696E 
 1849      74657272 
 1849      75707473 
 1849      5F647730 
 1850              	.LASF22:
 1851 1066 696F7373 		.ascii	"ioss_interrupts_gpio_12_IRQn\000"
 1851      5F696E74 
 1851      65727275 
 1851      7074735F 
 1851      6770696F 
 1852              	.LASF34:
 1853 1083 626C6573 		.ascii	"bless_interrupt_IRQn\000"
 1853      735F696E 
 1853      74657272 
 1853      7570745F 
 1853      4952516E 
 1854              	.LASF167:
 1855 1098 6C6F6E67 		.ascii	"long int\000"
 1855      20696E74 
 1855      00
 1856              	.LASF91:
 1857 10a1 63707573 		.ascii	"cpuss_interrupts_dw1_15_IRQn\000"
 1857      735F696E 
 1857      74657272 
 1857      75707473 
 1857      5F647731 
 1858              	.LASF190:
 1859 10be 63707573 		.ascii	"cpussVersion\000"
 1859      73566572 
 1859      73696F6E 
 1859      00
 1860              	.LASF273:
ARM GAS  C:\Users\15311\AppData\Local\Temp\ccomIlb0.s 			page 46


 1861 10cb 49544D5F 		.ascii	"ITM_RxBuffer\000"
 1861      52784275 
 1861      66666572 
 1861      00
 1862              	.LASF194:
 1863 10d8 6770696F 		.ascii	"gpioVersion\000"
 1863      56657273 
 1863      696F6E00 
 1864              	.LASF1:
 1865 10e4 4E6F6E4D 		.ascii	"NonMaskableInt_IRQn\000"
 1865      61736B61 
 1865      626C6549 
 1865      6E745F49 
 1865      52516E00 
 1866              	.LASF128:
 1867 10f8 74637077 		.ascii	"tcpwm_1_interrupts_20_IRQn\000"
 1867      6D5F315F 
 1867      696E7465 
 1867      72727570 
 1867      74735F32 
 1868              	.LASF193:
 1869 1113 666C6173 		.ascii	"flashcVersion\000"
 1869      68635665 
 1869      7273696F 
 1869      6E00
 1870              	.LASF215:
 1871 1121 70726F74 		.ascii	"protBusMasterMask\000"
 1871      4275734D 
 1871      61737465 
 1871      724D6173 
 1871      6B00
 1872              	.LASF57:
 1873 1133 7363625F 		.ascii	"scb_6_interrupt_IRQn\000"
 1873      365F696E 
 1873      74657272 
 1873      7570745F 
 1873      4952516E 
 1874              	.LASF47:
 1875 1148 63707573 		.ascii	"cpuss_interrupts_ipc_12_IRQn\000"
 1875      735F696E 
 1875      74657272 
 1875      75707473 
 1875      5F697063 
 1876              	.LASF24:
 1877 1165 696F7373 		.ascii	"ioss_interrupts_gpio_14_IRQn\000"
 1877      5F696E74 
 1877      65727275 
 1877      7074735F 
 1877      6770696F 
 1878              	.LASF41:
 1879 1182 63707573 		.ascii	"cpuss_interrupts_ipc_6_IRQn\000"
 1879      735F696E 
 1879      74657272 
 1879      75707473 
 1879      5F697063 
 1880              	.LASF18:
 1881 119e 696F7373 		.ascii	"ioss_interrupts_gpio_8_IRQn\000"
ARM GAS  C:\Users\15311\AppData\Local\Temp\ccomIlb0.s 			page 47


 1881      5F696E74 
 1881      65727275 
 1881      7074735F 
 1881      6770696F 
 1882              	.LASF254:
 1883 11ba 63707573 		.ascii	"cpussCm4PwrCtlOffset\000"
 1883      73436D34 
 1883      50777243 
 1883      746C4F66 
 1883      66736574 
 1884              	.LASF152:
 1885 11cf 736D6966 		.ascii	"smif_interrupt_IRQn\000"
 1885      5F696E74 
 1885      65727275 
 1885      70745F49 
 1885      52516E00 
 1886              	.LASF53:
 1887 11e3 7363625F 		.ascii	"scb_2_interrupt_IRQn\000"
 1887      325F696E 
 1887      74657272 
 1887      7570745F 
 1887      4952516E 
 1888              	.LASF13:
 1889 11f8 696F7373 		.ascii	"ioss_interrupts_gpio_3_IRQn\000"
 1889      5F696E74 
 1889      65727275 
 1889      7074735F 
 1889      6770696F 
 1890              	.LASF74:
 1891 1214 63707573 		.ascii	"cpuss_interrupts_dw0_14_IRQn\000"
 1891      735F696E 
 1891      74657272 
 1891      75707473 
 1891      5F647730 
 1892              	.LASF211:
 1893 1231 70617373 		.ascii	"passSarChannels\000"
 1893      53617243 
 1893      68616E6E 
 1893      656C7300 
 1894              	.LASF82:
 1895 1241 63707573 		.ascii	"cpuss_interrupts_dw1_6_IRQn\000"
 1895      735F696E 
 1895      74657272 
 1895      75707473 
 1895      5F647731 
 1896              	.LASF130:
 1897 125d 74637077 		.ascii	"tcpwm_1_interrupts_22_IRQn\000"
 1897      6D5F315F 
 1897      696E7465 
 1897      72727570 
 1897      74735F32 
 1898              	.LASF60:
 1899 1278 63707573 		.ascii	"cpuss_interrupts_dw0_0_IRQn\000"
 1899      735F696E 
 1899      74657272 
 1899      75707473 
 1899      5F647730 
ARM GAS  C:\Users\15311\AppData\Local\Temp\ccomIlb0.s 			page 48


 1900              	.LASF256:
 1901 1294 63707573 		.ascii	"cpussTrimRomCtlOffset\000"
 1901      73547269 
 1901      6D526F6D 
 1901      43746C4F 
 1901      66667365 
 1902              	.LASF271:
 1903 12aa 696E7472 		.ascii	"intrPriority\000"
 1903      5072696F 
 1903      72697479 
 1903      00
 1904              	.LASF144:
 1905 12b7 7564625F 		.ascii	"udb_interrupts_12_IRQn\000"
 1905      696E7465 
 1905      72727570 
 1905      74735F31 
 1905      325F4952 
 1906              	.LASF9:
 1907 12ce 53797354 		.ascii	"SysTick_IRQn\000"
 1907      69636B5F 
 1907      4952516E 
 1907      00
 1908              	.LASF195:
 1909 12db 6873696F 		.ascii	"hsiomVersion\000"
 1909      6D566572 
 1909      73696F6E 
 1909      00
 1910              	.LASF77:
 1911 12e8 63707573 		.ascii	"cpuss_interrupts_dw1_1_IRQn\000"
 1911      735F696E 
 1911      74657272 
 1911      75707473 
 1911      5F647731 
 1912              	.LASF264:
 1913 1304 69706353 		.ascii	"ipcStructSize\000"
 1913      74727563 
 1913      7453697A 
 1913      6500
 1914              	.LASF169:
 1915 1312 6C6F6E67 		.ascii	"long unsigned int\000"
 1915      20756E73 
 1915      69676E65 
 1915      6420696E 
 1915      7400
 1916              	.LASF103:
 1917 1324 74637077 		.ascii	"tcpwm_0_interrupts_3_IRQn\000"
 1917      6D5F305F 
 1917      696E7465 
 1917      72727570 
 1917      74735F33 
 1918              	.LASF260:
 1919 133e 63707573 		.ascii	"cpussRomCtl\000"
 1919      73526F6D 
 1919      43746C00 
 1920              	.LASF64:
 1921 134a 63707573 		.ascii	"cpuss_interrupts_dw0_4_IRQn\000"
 1921      735F696E 
ARM GAS  C:\Users\15311\AppData\Local\Temp\ccomIlb0.s 			page 49


 1921      74657272 
 1921      75707473 
 1921      5F647730 
 1922              	.LASF176:
 1923 1366 696E7433 		.ascii	"int32_t\000"
 1923      325F7400 
 1924              	.LASF266:
 1925 136e 63795F73 		.ascii	"cy_stc_device_t\000"
 1925      74635F64 
 1925      65766963 
 1925      655F7400 
 1926              	.LASF113:
 1927 137e 74637077 		.ascii	"tcpwm_1_interrupts_5_IRQn\000"
 1927      6D5F315F 
 1927      696E7465 
 1927      72727570 
 1927      74735F35 
 1928              	.LASF140:
 1929 1398 7564625F 		.ascii	"udb_interrupts_8_IRQn\000"
 1929      696E7465 
 1929      72727570 
 1929      74735F38 
 1929      5F495251 
 1930              	.LASF183:
 1931 13ae 75646242 		.ascii	"udbBase\000"
 1931      61736500 
 1932              	.LASF126:
 1933 13b6 74637077 		.ascii	"tcpwm_1_interrupts_18_IRQn\000"
 1933      6D5F315F 
 1933      696E7465 
 1933      72727570 
 1933      74735F31 
 1934              	.LASF7:
 1935 13d1 44656275 		.ascii	"DebugMonitor_IRQn\000"
 1935      674D6F6E 
 1935      69746F72 
 1935      5F495251 
 1935      6E00
 1936              	.LASF5:
 1937 13e3 55736167 		.ascii	"UsageFault_IRQn\000"
 1937      65466175 
 1937      6C745F49 
 1937      52516E00 
 1938              	.LASF108:
 1939 13f3 74637077 		.ascii	"tcpwm_1_interrupts_0_IRQn\000"
 1939      6D5F315F 
 1939      696E7465 
 1939      72727570 
 1939      74735F30 
 1940              	.LASF135:
 1941 140d 7564625F 		.ascii	"udb_interrupts_3_IRQn\000"
 1941      696E7465 
 1941      72727570 
 1941      74735F33 
 1941      5F495251 
 1942              	.LASF162:
 1943 1423 756E7369 		.ascii	"unsigned char\000"
ARM GAS  C:\Users\15311\AppData\Local\Temp\ccomIlb0.s 			page 50


 1943      676E6564 
 1943      20636861 
 1943      7200
 1944              	.LASF277:
 1945 1431 47656E65 		.ascii	"Generated_Source\\PSoC6\\cyfitter_sysint_cfg.c\000"
 1945      72617465 
 1945      645F536F 
 1945      75726365 
 1945      5C50536F 
 1946              	.LASF168:
 1947 145e 5F5F7569 		.ascii	"__uint32_t\000"
 1947      6E743332 
 1947      5F7400
 1948              	.LASF265:
 1949 1469 6970634C 		.ascii	"ipcLockStatusOffset\000"
 1949      6F636B53 
 1949      74617475 
 1949      734F6666 
 1949      73657400 
 1950              	.LASF121:
 1951 147d 74637077 		.ascii	"tcpwm_1_interrupts_13_IRQn\000"
 1951      6D5F315F 
 1951      696E7465 
 1951      72727570 
 1951      74735F31 
 1952              	.LASF39:
 1953 1498 63707573 		.ascii	"cpuss_interrupts_ipc_4_IRQn\000"
 1953      735F696E 
 1953      74657272 
 1953      75707473 
 1953      5F697063 
 1954              	.LASF221:
 1955 14b4 666C6173 		.ascii	"flashEraseDelay\000"
 1955      68457261 
 1955      73654465 
 1955      6C617900 
 1956              	.LASF65:
 1957 14c4 63707573 		.ascii	"cpuss_interrupts_dw0_5_IRQn\000"
 1957      735F696E 
 1957      74657272 
 1957      75707473 
 1957      5F647730 
 1958              	.LASF227:
 1959 14e0 64774368 		.ascii	"dwChOffset\000"
 1959      4F666673 
 1959      657400
 1960              	.LASF88:
 1961 14eb 63707573 		.ascii	"cpuss_interrupts_dw1_12_IRQn\000"
 1961      735F696E 
 1961      74657272 
 1961      75707473 
 1961      5F647731 
 1962              	.LASF26:
 1963 1508 696F7373 		.ascii	"ioss_interrupt_vdd_IRQn\000"
 1963      5F696E74 
 1963      65727275 
 1963      70745F76 
ARM GAS  C:\Users\15311\AppData\Local\Temp\ccomIlb0.s 			page 51


 1963      64645F49 
 1964              	.LASF161:
 1965 1520 5F5F7569 		.ascii	"__uint8_t\000"
 1965      6E74385F 
 1965      7400
 1966              	.LASF49:
 1967 152a 63707573 		.ascii	"cpuss_interrupts_ipc_14_IRQn\000"
 1967      735F696E 
 1967      74657272 
 1967      75707473 
 1967      5F697063 
 1968              	.LASF0:
 1969 1547 52657365 		.ascii	"Reset_IRQn\000"
 1969      745F4952 
 1969      516E00
 1970              	.LASF217:
 1971 1552 666C6173 		.ascii	"flashRwwRequired\000"
 1971      68527777 
 1971      52657175 
 1971      69726564 
 1971      00
 1972              	.LASF246:
 1973 1563 6770696F 		.ascii	"gpioPrtCfgOffset\000"
 1973      50727443 
 1973      66674F66 
 1973      66736574 
 1973      00
 1974              	.LASF212:
 1975 1574 65704D6F 		.ascii	"epMonitorNr\000"
 1975      6E69746F 
 1975      724E7200 
 1976              	.LASF2:
 1977 1580 48617264 		.ascii	"HardFault_IRQn\000"
 1977      4661756C 
 1977      745F4952 
 1977      516E00
 1978              	.LASF159:
 1979 158f 7369676E 		.ascii	"signed char\000"
 1979      65642063 
 1979      68617200 
 1980              	.LASF148:
 1981 159b 70617373 		.ascii	"pass_interrupt_sar_IRQn\000"
 1981      5F696E74 
 1981      65727275 
 1981      70745F73 
 1981      61725F49 
 1982              	.LASF132:
 1983 15b3 7564625F 		.ascii	"udb_interrupts_0_IRQn\000"
 1983      696E7465 
 1983      72727570 
 1983      74735F30 
 1983      5F495251 
 1984              	.LASF200:
 1985 15c9 63707573 		.ascii	"cpussIpcIrqNr\000"
 1985      73497063 
 1985      4972714E 
 1985      7200
ARM GAS  C:\Users\15311\AppData\Local\Temp\ccomIlb0.s 			page 52


 1986              	.LASF230:
 1987 15d7 64774368 		.ascii	"dwChCtlPreemptablePos\000"
 1987      43746C50 
 1987      7265656D 
 1987      70746162 
 1987      6C65506F 
 1988              	.LASF118:
 1989 15ed 74637077 		.ascii	"tcpwm_1_interrupts_10_IRQn\000"
 1989      6D5F315F 
 1989      696E7465 
 1989      72727570 
 1989      74735F31 
 1990              	.LASF15:
 1991 1608 696F7373 		.ascii	"ioss_interrupts_gpio_5_IRQn\000"
 1991      5F696E74 
 1991      65727275 
 1991      7074735F 
 1991      6770696F 
 1992              	.LASF44:
 1993 1624 63707573 		.ascii	"cpuss_interrupts_ipc_9_IRQn\000"
 1993      735F696E 
 1993      74657272 
 1993      75707473 
 1993      5F697063 
 1994              	.LASF197:
 1995 1640 70657269 		.ascii	"periVersion\000"
 1995      56657273 
 1995      696F6E00 
 1996              	.LASF93:
 1997 164c 63707573 		.ascii	"cpuss_interrupts_fault_1_IRQn\000"
 1997      735F696E 
 1997      74657272 
 1997      75707473 
 1997      5F666175 
 1998              	.LASF269:
 1999 166a 646F7562 		.ascii	"double\000"
 1999      6C6500
 2000              	.LASF187:
 2001 1671 70617373 		.ascii	"passBase\000"
 2001      42617365 
 2001      00
 2002              	.LASF224:
 2003 167a 666C6173 		.ascii	"flashCtlMainWs2Freq\000"
 2003      6843746C 
 2003      4D61696E 
 2003      57733246 
 2003      72657100 
 2004              	.LASF10:
 2005 168e 696F7373 		.ascii	"ioss_interrupts_gpio_0_IRQn\000"
 2005      5F696E74 
 2005      65727275 
 2005      7074735F 
 2005      6770696F 
 2006              	.LASF71:
 2007 16aa 63707573 		.ascii	"cpuss_interrupts_dw0_11_IRQn\000"
 2007      735F696E 
 2007      74657272 
ARM GAS  C:\Users\15311\AppData\Local\Temp\ccomIlb0.s 			page 53


 2007      75707473 
 2007      5F647730 
 2008              	.LASF226:
 2009 16c7 666C6173 		.ascii	"flashCtlMainWs4Freq\000"
 2009      6843746C 
 2009      4D61696E 
 2009      57733446 
 2009      72657100 
 2010              	.LASF79:
 2011 16db 63707573 		.ascii	"cpuss_interrupts_dw1_3_IRQn\000"
 2011      735F696E 
 2011      74657272 
 2011      75707473 
 2011      5F647731 
 2012              	.LASF105:
 2013 16f7 74637077 		.ascii	"tcpwm_0_interrupts_5_IRQn\000"
 2013      6D5F305F 
 2013      696E7465 
 2013      72727570 
 2013      74735F35 
 2014              	.LASF94:
 2015 1711 63707573 		.ascii	"cpuss_interrupt_crypto_IRQn\000"
 2015      735F696E 
 2015      74657272 
 2015      7570745F 
 2015      63727970 
 2016              	.LASF100:
 2017 172d 74637077 		.ascii	"tcpwm_0_interrupts_0_IRQn\000"
 2017      6D5F305F 
 2017      696E7465 
 2017      72727570 
 2017      74735F30 
 2018              	.LASF196:
 2019 1747 69706356 		.ascii	"ipcVersion\000"
 2019      65727369 
 2019      6F6E00
 2020              	.LASF38:
 2021 1752 63707573 		.ascii	"cpuss_interrupts_ipc_3_IRQn\000"
 2021      735F696E 
 2021      74657272 
 2021      75707473 
 2021      5F697063 
 2022              	.LASF58:
 2023 176e 7363625F 		.ascii	"scb_7_interrupt_IRQn\000"
 2023      375F696E 
 2023      74657272 
 2023      7570745F 
 2023      4952516E 
 2024              	.LASF98:
 2025 1783 63707573 		.ascii	"cpuss_interrupts_cm4_cti_0_IRQn\000"
 2025      735F696E 
 2025      74657272 
 2025      75707473 
 2025      5F636D34 
 2026              	.LASF110:
 2027 17a3 74637077 		.ascii	"tcpwm_1_interrupts_2_IRQn\000"
 2027      6D5F315F 
ARM GAS  C:\Users\15311\AppData\Local\Temp\ccomIlb0.s 			page 54


 2027      696E7465 
 2027      72727570 
 2027      74735F32 
 2028              		.ident	"GCC: (GNU Tools for ARM Embedded Processors) 5.4.1 20160609 (release) [ARM/embedded-5-bran
